<?xml version="1.0" encoding="utf-8"?><testsuites name="pytest tests"><testsuite name="pytest" errors="0" failures="0" skipped="0" tests="21" time="21.076" timestamp="2026-09-10T06:27:05.753522+00:00" hostname="runnervmlun5p"><testcase classname="tests.integration.test_shard_recovery" name="test_two_distinct_nodes_replace_and_aggregate_fresh_runs_once" time="3.464" /><testcase classname="tests.integration.test_shard_recovery" name="test_unconfirmed_physical_stop_cannot_prepare_or_reserve" time="0.507" /><testcase classname="tests.integration.test_shard_recovery" name="test_missing_second_approval_rolls_back_all_new_authority" time="1.080" /><testcase classname="tests.integration.test_shard_recovery" name="test_changed_workload_cannot_be_labeled_as_recovery" time="0.710" /><testcase classname="tests.integration.test_shard_recovery" name="test_authority_revoked_during_node_probe_prevents_admission[requester]" time="0.927" /><testcase classname="tests.integration.test_shard_recovery" name="test_authority_revoked_during_node_probe_prevents_admission[voter]" time="0.907" /><testcase classname="tests.integration.test_shard_recovery" name="test_authority_revoked_during_node_probe_prevents_admission[membership]" time="0.874" /><testcase classname="tests.integration.test_shard_recovery" name="test_competing_prepared_plans_commit_only_one_replacement" time="1.332" /><testcase classname="tests.integration.test_shard_recovery" name="test_three_generation_bound_preserves_terminal_history" time="1.757" /><testcase classname="tests.integration.test_shard_recovery" name="test_partial_queue_failure_is_rolled_back_and_same_key_can_retry" time="1.392" /><testcase classname="tests.integration.test_shard_recovery" name="test_expired_preparation_can_be_replaced_without_consuming_generation" time="1.123" /><testcase classname="tests.integration.test_shard_recovery" name="test_prepared_shard_cannot_dispatch_or_reserve_through_standalone_path" time="0.885" /><testcase classname="tests.integration.test_shard_recovery" name="test_stale_epoch_and_cross_project_requests_do_not_create_recovery" time="0.784" /><testcase classname="tests.integration.test_shard_recovery" name="test_cancelled_prepared_child_prevents_all_replacement_dispatch" time="1.073" /><testcase classname="tests.integration.test_shard_recovery" name="test_concurrent_same_key_replays_one_commit_and_rechecks_current_grant" time="1.064" /><testcase classname="tests.integration.test_shard_recovery" name="test_failed_parent_recovery_can_run_both_shards_on_replacement_node" time="1.874" /><testcase classname="tests.integration.test_shard_recovery" name="test_node_observation_retries_with_fresh_nonces_and_a_hard_bound[superseded-1]" time="0.240" /><testcase classname="tests.integration.test_shard_recovery" name="test_node_observation_retries_with_fresh_nonces_and_a_hard_bound[superseded-3]" time="0.367" /><testcase classname="tests.integration.test_shard_recovery" name="test_node_observation_retries_with_fresh_nonces_and_a_hard_bound[capacity-1]" time="0.253" /><testcase classname="tests.integration.test_shard_recovery" name="test_node_observation_retries_with_fresh_nonces_and_a_hard_bound[capacity-3]" time="0.190" /><testcase classname="tests.integration.test_shard_recovery" name="test_probe_scope_failure_is_not_retried" time="0.162" /></testsuite></testsuites>