<?xml version="1.0" encoding="utf-8"?><testsuites name="pytest tests"><testsuite name="pytest" errors="0" failures="0" skipped="0" tests="19" time="25.381" timestamp="2026-09-10T03:59:22.414363+00:00" hostname="runnervmejwal"><testcase classname="tests.integration.test_shard_recovery" name="test_two_distinct_nodes_replace_and_aggregate_fresh_runs_once" time="3.697" /><testcase classname="tests.integration.test_shard_recovery" name="test_unconfirmed_physical_stop_cannot_prepare_or_reserve" time="1.000" /><testcase classname="tests.integration.test_shard_recovery" name="test_missing_second_approval_rolls_back_all_new_authority" time="1.733" /><testcase classname="tests.integration.test_shard_recovery" name="test_changed_workload_cannot_be_labeled_as_recovery" time="0.858" /><testcase classname="tests.integration.test_shard_recovery" name="test_authority_revoked_during_node_probe_prevents_admission[requester]" time="1.117" /><testcase classname="tests.integration.test_shard_recovery" name="test_authority_revoked_during_node_probe_prevents_admission[voter]" time="1.211" /><testcase classname="tests.integration.test_shard_recovery" name="test_authority_revoked_during_node_probe_prevents_admission[membership]" time="1.402" /><testcase classname="tests.integration.test_shard_recovery" name="test_competing_prepared_plans_commit_only_one_replacement" time="1.420" /><testcase classname="tests.integration.test_shard_recovery" name="test_three_generation_bound_preserves_terminal_history" time="2.357" /><testcase classname="tests.integration.test_shard_recovery" name="test_partial_queue_failure_is_rolled_back_and_same_key_can_retry" time="1.725" /><testcase classname="tests.integration.test_shard_recovery" name="test_expired_preparation_can_be_replaced_without_consuming_generation" time="1.776" /><testcase classname="tests.integration.test_shard_recovery" name="test_prepared_shard_cannot_dispatch_or_reserve_through_standalone_path" time="1.025" /><testcase classname="tests.integration.test_shard_recovery" name="test_stale_epoch_and_cross_project_requests_do_not_create_recovery" time="0.724" /><testcase classname="tests.integration.test_shard_recovery" name="test_cancelled_prepared_child_prevents_all_replacement_dispatch" time="1.061" /><testcase classname="tests.integration.test_shard_recovery" name="test_concurrent_same_key_replays_one_commit_and_rechecks_current_grant" time="1.243" /><testcase classname="tests.integration.test_shard_recovery" name="test_failed_parent_recovery_can_run_both_shards_on_replacement_node" time="1.985" /><testcase classname="tests.integration.test_shard_recovery" name="test_node_observation_retries_with_fresh_nonces_and_a_hard_bound[1]" time="0.285" /><testcase classname="tests.integration.test_shard_recovery" name="test_node_observation_retries_with_fresh_nonces_and_a_hard_bound[3]" time="0.390" /><testcase classname="tests.integration.test_shard_recovery" name="test_probe_scope_failure_is_not_retried" time="0.216" /></testsuite></testsuites>