<?xml version="1.0" encoding="utf-8"?><testsuites name="pytest tests"><testsuite name="pytest" errors="0" failures="0" skipped="0" tests="20" time="25.716" timestamp="2026-09-10T03:58:55.995697+00:00" hostname="runnervmejwal"><testcase classname="tests.integration.test_workspace_resume" name="test_fresh_approved_step_executes_real_git_and_commits_restorable_files" time="4.818" /><testcase classname="tests.integration.test_workspace_resume" name="test_restart_after_node_receipt_recovers_workspace_result_without_second_execution" time="1.746" /><testcase classname="tests.integration.test_workspace_resume" name="test_failed_admission_rolls_back_new_reservations_and_cancel_never_starts" time="1.104" /><testcase classname="tests.integration.test_workspace_resume" name="test_frozen_checkout_replay_preserves_edits_and_rejects_changed_approval" time="0.545" /><testcase classname="tests.integration.test_workspace_resume" name="test_resume_requires_current_attempt_scope_and_has_one_frozen_successor" time="0.623" /><testcase classname="tests.integration.test_workspace_resume" name="test_recovery_approval_db_guard_requires_frozen_step" time="0.695" /><testcase classname="tests.integration.test_workspace_resume" name="test_workspace_resume_cannot_detach_a_child_from_its_shard_plan" time="0.478" /><testcase classname="tests.integration.test_workspace_resume" name="test_resume_rejects_foreign_scope_and_stale_epoch" time="0.501" /><testcase classname="tests.integration.test_workspace_resume" name="test_bad_node_workspace_cannot_be_success_or_checkpoint[symlink]" time="1.152" /><testcase classname="tests.integration.test_workspace_resume" name="test_bad_node_workspace_cannot_be_success_or_checkpoint[overflow]" time="1.501" /><testcase classname="tests.integration.test_workspace_resume" name="test_older_checkpoint_can_recover_failed_attempt_but_fourth_execution_is_denied" time="1.670" /><testcase classname="tests.integration.test_workspace_api" name="test_public_resume_executes_and_replays_after_node_offline" time="1.588" /><testcase classname="tests.integration.test_workspace_api" name="test_public_registration_failure_rolls_back_approval_and_leases" time="1.183" /><testcase classname="tests.integration.test_workspace_api" name="test_authority_is_rechecked_after_network_observation[cancel]" time="1.273" /><testcase classname="tests.integration.test_workspace_api" name="test_authority_is_rechecked_after_network_observation[revoke_requester]" time="1.157" /><testcase classname="tests.integration.test_workspace_api" name="test_authority_is_rechecked_after_network_observation[revoke_approver]" time="1.050" /><testcase classname="tests.integration.test_workspace_api" name="test_authority_is_rechecked_after_network_observation[revoke_node]" time="1.166" /><testcase classname="tests.integration.test_workspace_api" name="test_http_intent_cannot_supply_authority_and_replay_checks_grant" time="0.953" /><testcase classname="tests.integration.test_workspace_api" name="test_unapproved_enqueue_is_not_dispatched" time="0.861" /><testcase classname="tests.integration.test_workspace_api" name="test_denied_profile_does_not_strand_a_frozen_attempt" time="0.865" /></testsuite></testsuites>