<?xml version="1.0" encoding="utf-8"?><testsuites name="pytest tests"><testsuite name="pytest" errors="0" failures="1" skipped="14" tests="504" time="556.323" timestamp="2026-09-19T18:01:57.731846+09:00" hostname="Surface_Studio"><testcase classname="tests.test_account_integration" name="test_business_v1_routes_and_real_token_errors" time="5.579" /><testcase classname="tests.test_account_integration" name="test_nonmembers_cannot_list_members_or_permissions" time="1.726" /><testcase classname="tests.test_account_integration" name="test_project_roles_do_not_grant_global_administration[viewer]" time="1.626" /><testcase classname="tests.test_account_integration" name="test_project_roles_do_not_grant_global_administration[owner]" time="1.727" /><testcase classname="tests.test_account_integration" name="test_explicit_grant_is_scoped_and_revocation_is_immediate" time="1.723" /><testcase classname="tests.test_account_integration" name="test_suspended_token_and_archived_project_report_current_permissions" time="1.775" /><testcase classname="tests.test_account_integration" name="test_definer_functions_cannot_cross_tenant_scope" time="1.472" /><testcase classname="tests.test_account_integration" name="test_concurrent_owner_removal_leaves_an_owner" time="1.507" /><testcase classname="tests.test_account_integration" name="test_concurrent_offer_updates_have_one_current_interval" time="1.476" /><testcase classname="tests.test_account_integration" name="test_published_migration_heads_upgrade_without_rewriting" time="180.016"><failure message="subprocess.TimeoutExpired: Command '['C:\\Project\\SaintVision-Invion\\.venv\\Scripts\\python.exe', 'tools/check_migration_upgrade.py']' timed out after 180 seconds">test_admin_dsn = 'postgresql://postgres:***@127.0.0.1:REDACTED/postgres'

    def test_published_migration_heads_upgrade_without_rewriting(test_admin_dsn):
&gt;       result=subprocess.run([sys.executable,'tools/check_migration_upgrade.py'],capture_output=True,timeout=180)
               ^^^^^^^^^^^^^^^^^^^^^^^^^^^^^^^^^^^^^^^^^^^^^^^^^^^^^^^^^^^^^^^^^^^^^^^^^^^^^^^^^^^^^^^^^^^^^^^^^^^

tests\test_account_integration.py:149: 
_ _ _ _ _ _ _ _ _ _ _ _ _ _ _ _ _ _ _ _ _ _ _ _ _ _ _ _ _ _ _ _ _ _ _ _ _ _ _ _
C:\Python314\Lib\subprocess.py:557: in run
    stdout, stderr = process.communicate(input, timeout=timeout)
                     ^^^^^^^^^^^^^^^^^^^^^^^^^^^^^^^^^^^^^^^^^^^
C:\Python314\Lib\subprocess.py:1221: in communicate
    stdout, stderr = self._communicate(input, endtime, timeout)
                     ^^^^^^^^^^^^^^^^^^^^^^^^^^^^^^^^^^^^^^^^^^
_ _ _ _ _ _ _ _ _ _ _ _ _ _ _ _ _ _ _ _ _ _ _ _ _ _ _ _ _ _ _ _ _ _ _ _ _ _ _ _

self = &lt;Popen: returncode: 1 args: ['C:\\Project\\SaintVision-Invion\\.venv\\Script...&gt;
input = None, endtime = 382523.4548384, orig_timeout = 180

    def _communicate(self, input, endtime, orig_timeout):
        # Start reader threads feeding into a list hanging off of this
        # object, unless they've already been started.
        if self.stdout and not hasattr(self, "_stdout_buff"):
            self._stdout_buff = []
            self.stdout_thread = \
                    threading.Thread(target=self._readerthread,
                                     args=(self.stdout, self._stdout_buff))
            self.stdout_thread.daemon = True
            self.stdout_thread.start()
        if self.stderr and not hasattr(self, "_stderr_buff"):
            self._stderr_buff = []
            self.stderr_thread = \
                    threading.Thread(target=self._readerthread,
                                     args=(self.stderr, self._stderr_buff))
            self.stderr_thread.daemon = True
            self.stderr_thread.start()
    
        # Start writer thread to send input to stdin, unless already
        # started.  The thread writes input and closes stdin when done,
        # or continues in the background on timeout.
        if self.stdin and not hasattr(self, "_stdin_thread"):
            self._stdin_thread = \
                    threading.Thread(target=self._writerthread,
                                     args=(input,))
            self._stdin_thread.daemon = True
            self._stdin_thread.start()
    
        # Wait for the writer thread, or time out.  If we time out, the
        # thread remains writing and the fd left open in case the user
        # calls communicate again.
        if hasattr(self, "_stdin_thread"):
            self._stdin_thread.join(self._remaining_time(endtime))
            if self._stdin_thread.is_alive():
                raise TimeoutExpired(self.args, orig_timeout)
    
        # Wait for the reader threads, or time out.  If we time out, the
        # threads remain reading and the fds left open in case the user
        # calls communicate again.
        if self.stdout is not None:
            self.stdout_thread.join(self._remaining_time(endtime))
            if self.stdout_thread.is_alive():
&gt;               raise TimeoutExpired(self.args, orig_timeout)
E               subprocess.TimeoutExpired: Command '['C:\\Project\\SaintVision-Invion\\.venv\\Scripts\\python.exe', 'tools/check_migration_upgrade.py']' timed out after 180 seconds

C:\Python314\Lib\subprocess.py:1664: TimeoutExpired</failure></testcase><testcase classname="tests.test_adapters" name="test_the_reference_adapter_is_conformant" time="0.002" /><testcase classname="tests.test_adapters" name="test_the_reference_adapter_satisfies_the_protocol" time="0.001" /><testcase classname="tests.test_adapters" name="test_the_report_serialises_for_evidence" time="0.001" /><testcase classname="tests.test_adapters" name="test_known_secret_shapes_are_removed[api_key]" time="0.001" /><testcase classname="tests.test_adapters" name="test_known_secret_shapes_are_removed[bearer]" time="0.000" /><testcase classname="tests.test_adapters" name="test_known_secret_shapes_are_removed[presigned_url]" time="0.001" /><testcase classname="tests.test_adapters" name="test_known_secret_shapes_are_removed[private_key]" time="0.001" /><testcase classname="tests.test_adapters" name="test_redaction_is_idempotent" time="0.001" /><testcase classname="tests.test_adapters" name="test_redaction_leaves_ordinary_text_alone" time="0.000" /><testcase classname="tests.test_adapters" name="test_a_multiline_private_key_is_removed_whole" time="0.001" /><testcase classname="tests.test_adapters" name="test_a_leaky_adapter_fails_redaction_checks" time="0.001" /><testcase classname="tests.test_adapters" name="test_declaring_a_capability_you_lack_fails" time="0.001" /><testcase classname="tests.test_adapters" name="test_claiming_to_stop_a_finished_request_fails" time="0.001" /><testcase classname="tests.test_adapters" name="test_a_boolean_cancel_fails_the_tri_state_check" time="0.001" /><testcase classname="tests.test_adapters" name="test_attesting_without_digests_fails" time="0.001" /><testcase classname="tests.test_adapters" name="test_admitting_you_cannot_verify_is_conformant" time="0.001" /><testcase classname="tests.test_adapters" name="test_echoing_the_credential_reference_fails" time="0.001" /><testcase classname="tests.test_adapters" name="test_failing_without_a_code_fails" time="0.001" /><testcase classname="tests.test_adapters" name="test_a_stale_contract_version_fails" time="0.001" /><testcase classname="tests.test_adapters" name="test_an_adapter_that_raises_is_recorded_as_a_failure" time="0.001" /><testcase classname="tests.test_adapters" name="test_contradictory_install_report_fails" time="0.001" /><testcase classname="tests.test_adapters" name="test_declared_usage_reporting_must_report_something" time="0.001" /><testcase classname="tests.test_adapters" name="test_the_handle_and_result_must_agree_on_the_model" time="0.001" /><testcase classname="tests.test_adapters" name="test_two_conformant_adapters_answer_the_same_contract" time="0.001" /><testcase classname="tests.test_adapters" name="test_a_capability_difference_shows_up_as_divergence" time="0.001" /><testcase classname="tests.test_adapters" name="test_comparing_nothing_is_not_a_pass" time="0.000" /><testcase classname="tests.test_adapters" name="test_the_canonical_request_is_provider_neutral" time="0.000" /><testcase classname="tests.test_api" name="test_enrolled_node_is_registered_and_readable" time="2.163" /><testcase classname="tests.test_api" name="test_bootstrap_token_cannot_be_used_twice" time="2.028" /><testcase classname="tests.test_api" name="test_unknown_bootstrap_token_is_rejected" time="1.584" /><testcase classname="tests.test_api" name="test_a_tokens_tenant_is_binding" time="1.562" /><testcase classname="tests.test_api" name="test_denials_are_recorded" time="1.547" /><testcase classname="tests.test_api" name="test_another_tenants_node_is_not_listed" time="1.540" /><testcase classname="tests.test_api" name="test_another_tenants_node_is_not_readable_by_id" time="1.532" /><testcase classname="tests.test_api" name="test_project_scope_is_checked_separately_from_tenancy" time="1.459" /><testcase classname="tests.test_api" name="test_missing_credential_is_refused" time="1.486" /><testcase classname="tests.test_api" name="test_unknown_credential_is_refused" time="1.519" /><testcase classname="tests.test_api" name="test_heartbeat_advances_and_replays_are_ignored" time="1.704" /><testcase classname="tests.test_api" name="test_heartbeat_observations_land_in_the_right_partition" time="1.600" /><testcase classname="tests.test_api" name="test_liveness_sweep_marks_a_silent_node_lost" time="1.677" /><testcase classname="tests.test_api" name="test_liveness_sweep_does_not_cross_tenants" time="1.691" /><testcase classname="tests.test_api" name="test_a_heartbeat_for_a_node_you_are_not_is_refused" time="1.540" /><testcase classname="tests.test_api" name="test_contribution_is_registered_with_a_normalised_path" time="1.609" /><testcase classname="tests.test_api" name="test_unsafe_contribution_path_is_rejected" time="1.507" /><testcase classname="tests.test_api" name="test_contribution_registration_is_idempotent" time="1.667" /><testcase classname="tests.test_api" name="test_same_key_with_a_different_body_is_a_conflict" time="1.625" /><testcase classname="tests.test_api" name="test_another_tenant_cannot_see_the_contribution" time="1.533" /><testcase classname="tests.test_api" name="test_unknown_fields_are_rejected" time="1.515" /><testcase classname="tests.test_api" name="test_page_limit_is_capped" time="1.454" /><testcase classname="tests.test_api" name="test_invalid_cursor_is_rejected" time="1.489" /><testcase classname="tests.test_api" name="test_traceparent_is_honoured_and_echoed" time="1.444" /><testcase classname="tests.test_api" name="test_health_reports_unresolved_s01_settings" time="1.498" /><testcase classname="tests.test_api" name="test_readiness_reports_partition_lead" time="1.519" /><testcase classname="tests.test_backup_publication" name="test_private_publication_reads_back_and_rechecks_bytes" time="0.000"><skipped type="pytest.skip" message="Linux publication contract">C:\Project\SaintVision-Invion\.worktrees\claude-cx01\tests\test_backup_publication.py:20: Linux publication contract</skipped></testcase><testcase classname="tests.test_backup_publication" name="test_existing_destination_is_preserved[file]" time="0.000"><skipped type="pytest.skip" message="Linux publication contract">C:\Project\SaintVision-Invion\.worktrees\claude-cx01\tests\test_backup_publication.py:35: Linux publication contract</skipped></testcase><testcase classname="tests.test_backup_publication" name="test_existing_destination_is_preserved[symlink]" time="0.000"><skipped type="pytest.skip" message="Linux publication contract">C:\Project\SaintVision-Invion\.worktrees\claude-cx01\tests\test_backup_publication.py:35: Linux publication contract</skipped></testcase><testcase classname="tests.test_backup_publication" name="test_existing_destination_is_preserved[directory]" time="0.000"><skipped type="pytest.skip" message="Linux publication contract">C:\Project\SaintVision-Invion\.worktrees\claude-cx01\tests\test_backup_publication.py:35: Linux publication contract</skipped></testcase><testcase classname="tests.test_backup_publication" name="test_sync_failure_never_returns_verified_receipt[file]" time="0.000"><skipped type="pytest.skip" message="Linux publication contract">C:\Project\SaintVision-Invion\.worktrees\claude-cx01\tests\test_backup_publication.py:58: Linux publication contract</skipped></testcase><testcase classname="tests.test_backup_publication" name="test_sync_failure_never_returns_verified_receipt[directory]" time="0.000"><skipped type="pytest.skip" message="Linux publication contract">C:\Project\SaintVision-Invion\.worktrees\claude-cx01\tests\test_backup_publication.py:58: Linux publication contract</skipped></testcase><testcase classname="tests.test_backup_publication" name="test_concurrent_publications_have_one_winner" time="0.000"><skipped type="pytest.skip" message="Linux publication contract">C:\Project\SaintVision-Invion\.worktrees\claude-cx01\tests\test_backup_publication.py:78: Linux publication contract</skipped></testcase><testcase classname="tests.test_backup_publication" name="test_changed_identity_or_boundary_invalidates_receipt[same-bytes]" time="0.000"><skipped type="pytest.skip" message="Linux publication contract">C:\Project\SaintVision-Invion\.worktrees\claude-cx01\tests\test_backup_publication.py:94: Linux publication contract</skipped></testcase><testcase classname="tests.test_backup_publication" name="test_changed_identity_or_boundary_invalidates_receipt[symlink]" time="0.000"><skipped type="pytest.skip" message="Linux publication contract">C:\Project\SaintVision-Invion\.worktrees\claude-cx01\tests\test_backup_publication.py:94: Linux publication contract</skipped></testcase><testcase classname="tests.test_backup_publication" name="test_changed_identity_or_boundary_invalidates_receipt[hardlink]" time="0.000"><skipped type="pytest.skip" message="Linux publication contract">C:\Project\SaintVision-Invion\.worktrees\claude-cx01\tests\test_backup_publication.py:94: Linux publication contract</skipped></testcase><testcase classname="tests.test_backup_publication" name="test_changed_identity_or_boundary_invalidates_receipt[public-mode]" time="0.000"><skipped type="pytest.skip" message="Linux publication contract">C:\Project\SaintVision-Invion\.worktrees\claude-cx01\tests\test_backup_publication.py:94: Linux publication contract</skipped></testcase><testcase classname="tests.test_backup_publication" name="test_changed_identity_or_boundary_invalidates_receipt[missing]" time="0.000"><skipped type="pytest.skip" message="Linux publication contract">C:\Project\SaintVision-Invion\.worktrees\claude-cx01\tests\test_backup_publication.py:94: Linux publication contract</skipped></testcase><testcase classname="tests.test_backup_publication" name="test_symlink_parent_and_shared_directory_are_refused" time="0.000"><skipped type="pytest.skip" message="Linux publication contract">C:\Project\SaintVision-Invion\.worktrees\claude-cx01\tests\test_backup_publication.py:119: Linux publication contract</skipped></testcase><testcase classname="tests.test_backup_verification_integrity" name="test_missing_root_cannot_promote_backup" time="1.468" /><testcase classname="tests.test_backup_verification_integrity" name="test_sweep_rejects_outside_root_and_commits_only_authorized_file" time="1.516" /><testcase classname="tests.test_backup_verification_integrity" name="test_sweep_size_failure_stays_unverified_after_commit" time="1.476" /><testcase classname="tests.test_backup_verification_integrity" name="test_caught_direct_size_error_does_not_mutate_record" time="1.505" /><testcase classname="tests.test_backup_verification_integrity" name="test_reverification_checks_stored_digest_without_caller_hint" time="1.516" /><testcase classname="tests.test_backup_verification_integrity" name="test_foreign_tenant_is_denied_before_file_read" time="1.502" /><testcase classname="tests.test_backup_verification_integrity" name="test_two_initial_verifiers_cannot_replace_each_others_digest" time="1.566" /><testcase classname="tests.test_backup_verification_integrity" name="test_failure_after_promotion_rolls_back_only_that_verification" time="1.478" /><testcase classname="tests.test_backup_verification_integrity" name="test_sweep_continues_after_resolver_error_without_promoting_failure" time="1.598" /><testcase classname="tests.test_backup_verification_integrity" name="test_caller_hint_cannot_replace_stored_baseline" time="1.547" /><testcase classname="tests.test_backup_verification_integrity" name="test_invalid_batch_limit_is_refused_before_work[0]" time="1.492" /><testcase classname="tests.test_backup_verification_integrity" name="test_invalid_batch_limit_is_refused_before_work[-1]" time="1.424" /><testcase classname="tests.test_backup_verification_integrity" name="test_invalid_batch_limit_is_refused_before_work[101]" time="1.463" /><testcase classname="tests.test_backup_verification_integrity" name="test_invalid_batch_limit_is_refused_before_work[True]" time="1.458" /><testcase classname="tests.test_browser_smoke_boundary" name="test_source_code_has_no_constant_true_assertions_for_ui_invariants" time="0.026" /><testcase classname="tests.test_browser_smoke_boundary" name="test_isolated_summary_harness_verifies_exit_codes_and_unverified_exclusion" time="0.060" /><testcase classname="tests.test_browser_smoke_boundary" name="test_smoke_targets_reachability_probe_respects_env_overrides" time="4.093" /><testcase classname="tests.test_check_kernel_docker_hygiene" name="test_checked_raises_with_a_masked_diagnostic_not_a_blank_message" time="0.035" /><testcase classname="tests.test_check_kernel_docker_hygiene" name="test_tools_dependencies_are_packaged_for_the_isolated_build" time="0.019" /><testcase classname="tests.test_check_kernel_docker_hygiene" name="test_run_on_timeout_stays_bytes_so_decode_sites_do_not_crash" time="0.001" /><testcase classname="tests.test_check_kernel_docker_hygiene" name="test_checked_on_timeout_raises_a_classified_error_not_an_attributeerror" time="0.000" /><testcase classname="tests.test_cleanup_owned_docker" name="test_volume_created_at_is_aged_and_evidence_policy_is_longer" time="0.000" /><testcase classname="tests.test_cleanup_owned_docker" name="test_inventory_failure_is_reported_not_as_empty_success" time="0.000" /><testcase classname="tests.test_cleanup_owned_docker" name="test_inventory_mismatch_is_unverified_and_delete_aborts" time="0.001" /><testcase classname="tests.test_cleanup_owned_docker" name="test_container_removal_deletes_image_declared_anonymous_volumes" time="0.000" /><testcase classname="tests.test_cleanup_owned_docker" name="test_symmetric_container_flag_loss_is_detected_by_daemon_count" time="0.000" /><testcase classname="tests.test_cli_adapters" name="test_a_cli_adapter_satisfies_the_provider_contract" time="0.000" /><testcase classname="tests.test_cli_adapters" name="test_install_never_installs_anything" time="0.002" /><testcase classname="tests.test_cli_adapters" name="test_installed_but_not_on_path_is_a_different_answer" time="0.002" /><testcase classname="tests.test_cli_adapters" name="test_a_json_status_command_is_read_rather_than_guessed" time="0.087" /><testcase classname="tests.test_cli_adapters" name="test_a_logged_out_tool_says_so" time="0.171" /><testcase classname="tests.test_cli_adapters" name="test_a_tool_with_no_free_way_to_ask_is_unknown_not_assumed" time="0.005" /><testcase classname="tests.test_cli_adapters" name="test_a_credential_file_is_reported_as_evidence_not_proof" time="0.007" /><testcase classname="tests.test_cli_adapters" name="test_checking_login_does_not_send_a_prompt" time="0.323" /><testcase classname="tests.test_cli_adapters" name="test_output_is_collected_and_the_run_completes" time="0.097" /><testcase classname="tests.test_cli_adapters" name="test_a_nonzero_exit_is_not_a_completed_run" time="0.093" /><testcase classname="tests.test_cli_adapters" name="test_cancelling_reports_unknown_rather_than_stopped" time="0.024" /><testcase classname="tests.test_cli_adapters" name="test_cancelling_something_already_finished_is_knowable" time="0.080" /><testcase classname="tests.test_cli_adapters" name="test_a_cancelled_run_is_not_a_successful_empty_one" time="0.048" /><testcase classname="tests.test_cli_adapters" name="test_a_secret_in_the_output_is_redacted" time="0.102" /><testcase classname="tests.test_cli_adapters" name="test_output_is_bounded" time="0.093" /><testcase classname="tests.test_cli_adapters" name="test_a_tool_with_no_headless_mode_is_refused_rather_than_guessed" time="0.004" /><testcase classname="tests.test_cli_adapters" name="test_a_local_cli_result_is_unverifiable_and_says_so" time="0.094" /><testcase classname="tests.test_cli_adapters" name="test_the_tool_definitions_match_what_the_tools_actually_offer[claude-code]" time="1.847" /><testcase classname="tests.test_cli_adapters" name="test_the_tool_definitions_match_what_the_tools_actually_offer[codex-cli]" time="0.569" /><testcase classname="tests.test_cli_adapters" name="test_the_tool_definitions_match_what_the_tools_actually_offer[gemini-cli]" time="3.586" /><testcase classname="tests.test_cli_adapters" name="test_the_tool_definitions_match_what_the_tools_actually_offer[antigravity]" time="0.010"><skipped type="pytest.skip" message="antigravity is not installed on this machine">C:\Project\SaintVision-Invion\.worktrees\claude-cx01\tests\test_cli_adapters.py:382: antigravity is not installed on this machine</skipped></testcase><testcase classname="tests.test_cli_adapters" name="test_every_tool_is_listed_once_and_ordered" time="0.001" /><testcase classname="tests.test_cli_adapters" name="test_a_tool_that_raises_does_not_hide_the_others" time="2.033" /><testcase classname="tests.test_cli_output_boundary" name="test_large_stdout_and_stderr_are_drained_before_collection_with_bounded_memory" time="7.427" /><testcase classname="tests.test_cli_output_boundary" name="test_timeout_is_distinct_from_process_exit" time="0.124" /><testcase classname="tests.test_cli_output_boundary" name="test_descendant_holding_pipe_cannot_hold_collection_forever" time="0.180" /><testcase classname="tests.test_cli_output_boundary" name="test_stderr_alone_marks_truncation" time="0.052" /><testcase classname="tests.test_cli_output_boundary" name="test_oversize_probe_cannot_claim_success_from_retained_prefix" time="0.071" /><testcase classname="tests.test_cli_output_boundary" name="test_invalid_output_encoding_does_not_crash_collection" time="0.059" /><testcase classname="tests.test_context_eval" name="test_the_same_content_is_stored_once_per_tenant" time="1.463" /><testcase classname="tests.test_context_eval" name="test_deduplication_does_not_cross_tenants" time="1.444" /><testcase classname="tests.test_context_eval" name="test_storing_the_same_content_twice_is_idempotent" time="1.470" /><testcase classname="tests.test_context_eval" name="test_a_bundle_reproduces_its_items_in_order" time="1.507" /><testcase classname="tests.test_context_eval" name="test_build_bundle_refuses_a_secret_and_stores_nothing[content]" time="1.479" /><testcase classname="tests.test_context_eval" name="test_build_bundle_refuses_a_secret_and_stores_nothing[item_id]" time="1.504" /><testcase classname="tests.test_context_eval" name="test_build_bundle_refuses_a_secret_and_stores_nothing[source_uri]" time="1.486" /><testcase classname="tests.test_context_eval" name="test_bundle_hash_depends_on_order" time="1.499" /><testcase classname="tests.test_context_eval" name="test_the_item_version_survives_the_source_changing" time="1.469" /><testcase classname="tests.test_context_eval" name="test_an_oversized_item_is_refused_not_truncated" time="1.433" /><testcase classname="tests.test_context_eval" name="test_orphan_snapshots_are_collected_and_referenced_ones_are_not" time="1.488" /><testcase classname="tests.test_context_eval" name="test_the_application_role_cannot_delete_snapshots" time="1.454" /><testcase classname="tests.test_context_eval" name="test_deduplication_ratio_is_reported" time="1.507" /><testcase classname="tests.test_context_eval" name="test_a_record_cannot_be_sealed_for_an_unfinished_run" time="1.484" /><testcase classname="tests.test_context_eval" name="test_sealing_twice_returns_the_same_record" time="1.487" /><testcase classname="tests.test_context_eval" name="test_a_sealed_record_cannot_be_rewritten" time="1.514" /><testcase classname="tests.test_context_eval" name="test_only_one_record_per_run" time="1.482" /><testcase classname="tests.test_context_eval" name="test_diff_test_and_trace_artifacts_are_pinned_by_role" time="1.535" /><testcase classname="tests.test_context_eval" name="test_an_unverified_artifact_cannot_be_pinned" time="1.469" /><testcase classname="tests.test_context_eval" name="test_a_later_overwrite_is_detected_by_the_pin" time="1.499" /><testcase classname="tests.test_context_eval" name="test_a_suite_version_is_unique_and_hashed" time="1.449" /><testcase classname="tests.test_context_eval" name="test_a_forbidden_case_cannot_carry_a_weight" time="1.484" /><testcase classname="tests.test_context_eval" name="test_a_violation_fails_the_gate_however_good_the_score" time="1.479" /><testcase classname="tests.test_context_eval" name="test_the_database_refuses_a_gate_pass_with_violations" time="1.428" /><testcase classname="tests.test_context_eval" name="test_per_category_scores_are_reported_separately" time="1.513" /><testcase classname="tests.test_context_eval" name="test_a_scored_forbidden_case_is_refused" time="1.458" /><testcase classname="tests.test_context_eval" name="test_a_violation_on_a_scored_case_is_refused" time="1.459" /><testcase classname="tests.test_context_eval" name="test_an_incomplete_suite_does_not_pass_the_gate" time="1.535" /><testcase classname="tests.test_context_eval" name="test_evaluation_is_tenant_isolated" time="1.449" /><testcase classname="tests.test_context_redaction" name="test_every_conformance_probe_is_refused[api_key-key sk-test-000111222333444555666777888999]" time="0.001" /><testcase classname="tests.test_context_redaction" name="test_every_conformance_probe_is_refused[bearer-Authorization: Bearer abcdefghijklmnopqrstuvwxyz012345]" time="0.001" /><testcase classname="tests.test_context_redaction" name="test_every_conformance_probe_is_refused[presigned_url-https://store.example/o?X-Amz-Signature=deadbeefcafe]" time="0.001" /><testcase classname="tests.test_context_redaction" name="test_every_conformance_probe_is_refused[private_key------BEGIN PRIVATE KEY-----\nMIIB\n-----END PRIVATE KEY-----]" time="0.001" /><testcase classname="tests.test_context_redaction" name="test_the_refusal_never_echoes_the_secret[api_key-key sk-test-000111222333444555666777888999]" time="0.001" /><testcase classname="tests.test_context_redaction" name="test_the_refusal_never_echoes_the_secret[bearer-Authorization: Bearer abcdefghijklmnopqrstuvwxyz012345]" time="0.001" /><testcase classname="tests.test_context_redaction" name="test_the_refusal_never_echoes_the_secret[presigned_url-https://store.example/o?X-Amz-Signature=deadbeefcafe]" time="0.001" /><testcase classname="tests.test_context_redaction" name="test_the_refusal_never_echoes_the_secret[private_key------BEGIN PRIVATE KEY-----\nMIIB\n-----END PRIVATE KEY-----]" time="0.001" /><testcase classname="tests.test_context_redaction" name="test_declaring_redacted_does_not_make_it_so" time="0.001" /><testcase classname="tests.test_context_redaction" name="test_clean_content_is_accepted_even_when_not_declared_redacted" time="0.001" /><testcase classname="tests.test_context_redaction" name="test_content_that_has_been_redacted_passes" time="0.001" /><testcase classname="tests.test_context_redaction" name="test_the_offending_item_is_identified_by_position" time="0.001" /><testcase classname="tests.test_context_redaction" name="test_recognising_is_not_proving" time="0.001" /><testcase classname="tests.test_context_redaction" name="test_metadata_and_public_errors_do_not_carry_credentials[api_key-key sk-test-000111222333444555666777888999-item_id]" time="0.001" /><testcase classname="tests.test_context_redaction" name="test_metadata_and_public_errors_do_not_carry_credentials[api_key-key sk-test-000111222333444555666777888999-source_uri]" time="0.001" /><testcase classname="tests.test_context_redaction" name="test_metadata_and_public_errors_do_not_carry_credentials[api_key-key sk-test-000111222333444555666777888999-content]" time="0.001" /><testcase classname="tests.test_context_redaction" name="test_metadata_and_public_errors_do_not_carry_credentials[bearer-Authorization: Bearer abcdefghijklmnopqrstuvwxyz012345-item_id]" time="0.001" /><testcase classname="tests.test_context_redaction" name="test_metadata_and_public_errors_do_not_carry_credentials[bearer-Authorization: Bearer abcdefghijklmnopqrstuvwxyz012345-source_uri]" time="0.001" /><testcase classname="tests.test_context_redaction" name="test_metadata_and_public_errors_do_not_carry_credentials[bearer-Authorization: Bearer abcdefghijklmnopqrstuvwxyz012345-content]" time="0.001" /><testcase classname="tests.test_context_redaction" name="test_metadata_and_public_errors_do_not_carry_credentials[presigned_url-https://store.example/o?X-Amz-Signature=deadbeefcafe-item_id]" time="0.001" /><testcase classname="tests.test_context_redaction" name="test_metadata_and_public_errors_do_not_carry_credentials[presigned_url-https://store.example/o?X-Amz-Signature=deadbeefcafe-source_uri]" time="0.001" /><testcase classname="tests.test_context_redaction" name="test_metadata_and_public_errors_do_not_carry_credentials[presigned_url-https://store.example/o?X-Amz-Signature=deadbeefcafe-content]" time="0.001" /><testcase classname="tests.test_context_redaction" name="test_metadata_and_public_errors_do_not_carry_credentials[private_key------BEGIN PRIVATE KEY-----\nMIIB\n-----END PRIVATE KEY------item_id]" time="0.001" /><testcase classname="tests.test_context_redaction" name="test_metadata_and_public_errors_do_not_carry_credentials[private_key------BEGIN PRIVATE KEY-----\nMIIB\n-----END PRIVATE KEY------source_uri]" time="0.001" /><testcase classname="tests.test_context_redaction" name="test_metadata_and_public_errors_do_not_carry_credentials[private_key------BEGIN PRIVATE KEY-----\nMIIB\n-----END PRIVATE KEY------content]" time="0.001" /><testcase classname="tests.test_context_redaction" name="test_invalid_kind_does_not_echo_input" time="0.001" /><testcase classname="tests.test_contracts" name="test_id_is_prefix_and_ulid" time="0.000" /><testcase classname="tests.test_contracts" name="test_id_column_width_matches_the_schema" time="0.000" /><testcase classname="tests.test_contracts" name="test_unknown_entity_kind_is_refused" time="0.000" /><testcase classname="tests.test_contracts" name="test_malformed_ids_are_rejected[]" time="0.000" /><testcase classname="tests.test_contracts" name="test_malformed_ids_are_rejected[nod]" time="0.000" /><testcase classname="tests.test_contracts" name="test_malformed_ids_are_rejected[nod_]" time="0.000" /><testcase classname="tests.test_contracts" name="test_malformed_ids_are_rejected[nodx_01ARZ3NDEKTSV4RRFFQ69G5FAV]" time="0.000" /><testcase classname="tests.test_contracts" name="test_malformed_ids_are_rejected[nod_short]" time="0.000" /><testcase classname="tests.test_contracts" name="test_malformed_ids_are_rejected[NOD_01ARZ3NDEKTSV4RRFFQ69G5FAV]" time="0.000" /><testcase classname="tests.test_contracts" name="test_ulids_sort_by_creation_time" time="0.000" /><testcase classname="tests.test_contracts" name="test_ulid_body_uses_crockford_alphabet_only" time="0.000" /><testcase classname="tests.test_contracts" name="test_trace_and_span_ids_are_hex_and_never_zero" time="0.000" /><testcase classname="tests.test_contracts" name="test_tenant_id_is_a_uuid" time="0.000" /><testcase classname="tests.test_contracts" name="test_category_is_derived_from_the_code[VAL-SCHEMA-VAL]" time="0.001" /><testcase classname="tests.test_contracts" name="test_category_is_derived_from_the_code[AUTH-BOOTSTRAP-TOKEN-CONSUMED-AUTH]" time="0.001" /><testcase classname="tests.test_contracts" name="test_category_is_derived_from_the_code[RES-NODE-NOT-FOUND-RES]" time="0.000" /><testcase classname="tests.test_contracts" name="test_category_is_derived_from_the_code[SEC-TENANT-SCOPE-UNSET-SEC]" time="0.001" /><testcase classname="tests.test_contracts" name="test_category_is_derived_from_the_code[GRAPH-IDEMPOTENCY-CONFLICT-GRAPH]" time="0.002" /><testcase classname="tests.test_contracts" name="test_unknown_code_family_is_refused" time="0.000" /><testcase classname="tests.test_contracts" name="test_problem_carries_every_required_field" time="0.000" /><testcase classname="tests.test_contracts" name="test_internal_message_is_withheld_when_not_public" time="0.000" /><testcase classname="tests.test_contracts" name="test_retryability_follows_the_category_table" time="0.000" /><testcase classname="tests.test_contracts" name="test_limit_defaults_and_clamps" time="0.000" /><testcase classname="tests.test_contracts" name="test_limit_below_one_is_rejected" time="0.000" /><testcase classname="tests.test_contracts" name="test_cursor_must_be_an_identifier" time="0.000" /><testcase classname="tests.test_contracts" name="test_page_reports_a_cursor_only_when_more_rows_exist" time="0.001" /><testcase classname="tests.test_contracts" name="test_traceparent_parsing[None-True]" time="0.001" /><testcase classname="tests.test_contracts" name="test_traceparent_parsing[garbage-True]" time="0.001" /><testcase classname="tests.test_contracts" name="test_traceparent_parsing[00-00000000000000000000000000000000-aaaaaaaaaaaaaaaa-01-True]" time="0.000" /><testcase classname="tests.test_contracts" name="test_traceparent_parsing[00-aaaaaaaaaaaaaaaaaaaaaaaaaaaaaaaa-bbbbbbbbbbbbbbbb-01-False]" time="0.001" /><testcase classname="tests.test_credential_conformance.TestCredentialContractModel" name="test_authorized_callback_once" time="0.000" /><testcase classname="tests.test_credential_conformance.TestCredentialContractModel" name="test_wrong_context_denied_before_read[tenant_id]" time="0.001" /><testcase classname="tests.test_credential_conformance.TestCredentialContractModel" name="test_wrong_context_denied_before_read[project_id]" time="0.001" /><testcase classname="tests.test_credential_conformance.TestCredentialContractModel" name="test_wrong_context_denied_before_read[subject_id]" time="0.000" /><testcase classname="tests.test_credential_conformance.TestCredentialContractModel" name="test_wrong_context_denied_before_read[run_id]" time="0.001" /><testcase classname="tests.test_credential_conformance.TestCredentialContractModel" name="test_wrong_target_denied_before_read[purpose-git.publish]" time="0.001" /><testcase classname="tests.test_credential_conformance.TestCredentialContractModel" name="test_wrong_target_denied_before_read[destination_alias-other-provider]" time="0.001" /><testcase classname="tests.test_credential_conformance.TestCredentialContractModel" name="test_invalid_reference_never_reads_backend[latest]" time="0.001" /><testcase classname="tests.test_credential_conformance.TestCredentialContractModel" name="test_invalid_reference_never_reads_backend[C:/secret.pem]" time="0.000" /><testcase classname="tests.test_credential_conformance.TestCredentialContractModel" name="test_invalid_reference_never_reads_backend[/etc/secret]" time="0.001" /><testcase classname="tests.test_credential_conformance.TestCredentialContractModel" name="test_invalid_reference_never_reads_backend[https://example.invalid/key]" time="0.001" /><testcase classname="tests.test_credential_conformance.TestCredentialContractModel" name="test_invalid_reference_never_reads_backend[raw-token]" time="0.001" /><testcase classname="tests.test_credential_conformance.TestCredentialContractModel" name="test_invalid_reference_never_reads_backend[]" time="0.001" /><testcase classname="tests.test_credential_conformance.TestCredentialContractModel" name="test_authority_rechecked_at_use[revoke]" time="0.001" /><testcase classname="tests.test_credential_conformance.TestCredentialContractModel" name="test_authority_rechecked_at_use[disable]" time="0.001" /><testcase classname="tests.test_credential_conformance.TestCredentialContractModel" name="test_authority_rechecked_at_use[expire]" time="0.001" /><testcase classname="tests.test_credential_conformance.TestCredentialContractModel" name="test_authority_rechecked_at_use[revoke_grant]" time="0.001" /><testcase classname="tests.test_credential_conformance.TestCredentialContractModel" name="test_authority_rechecked_at_use[remove_version]" time="0.001" /><testcase classname="tests.test_credential_conformance.TestCredentialContractModel" name="test_authority_rechecked_at_use[rebind_destination]" time="0.001" /><testcase classname="tests.test_credential_conformance.TestCredentialContractModel" name="test_unavailable_reference_cannot_resolve[revoke]" time="0.001" /><testcase classname="tests.test_credential_conformance.TestCredentialContractModel" name="test_unavailable_reference_cannot_resolve[disable]" time="0.001" /><testcase classname="tests.test_credential_conformance.TestCredentialContractModel" name="test_unavailable_reference_cannot_resolve[expire]" time="0.001" /><testcase classname="tests.test_credential_conformance.TestCredentialContractModel" name="test_unavailable_reference_cannot_resolve[revoke_grant]" time="0.001" /><testcase classname="tests.test_credential_conformance.TestCredentialContractModel" name="test_unavailable_reference_cannot_resolve[remove_version]" time="0.001" /><testcase classname="tests.test_credential_conformance.TestCredentialContractModel" name="test_unavailable_reference_cannot_resolve[rebind_destination]" time="0.001" /><testcase classname="tests.test_credential_conformance.TestCredentialContractModel" name="test_each_use_rechecks_revocation" time="0.000" /><testcase classname="tests.test_credential_conformance.TestCredentialContractModel" name="test_rotation_never_silently_retargets_old_reference" time="0.000" /><testcase classname="tests.test_credential_conformance.TestCredentialContractModel" name="test_filesystem_boundary_rechecked[root_symlink]" time="0.001" /><testcase classname="tests.test_credential_conformance.TestCredentialContractModel" name="test_filesystem_boundary_rechecked[root_replaced]" time="0.001" /><testcase classname="tests.test_credential_conformance.TestCredentialContractModel" name="test_filesystem_boundary_rechecked[file_symlink]" time="0.001" /><testcase classname="tests.test_credential_conformance.TestCredentialContractModel" name="test_filesystem_boundary_rechecked[file_replaced]" time="0.001" /><testcase classname="tests.test_credential_conformance.TestCredentialContractModel" name="test_filesystem_boundary_rechecked[wrong_owner]" time="0.001" /><testcase classname="tests.test_credential_conformance.TestCredentialContractModel" name="test_filesystem_boundary_rechecked[public_mode]" time="0.001" /><testcase classname="tests.test_credential_conformance.TestCredentialContractModel" name="test_filesystem_boundary_rechecked[non_regular]" time="0.000" /><testcase classname="tests.test_credential_conformance.TestCredentialContractModel" name="test_filesystem_boundary_rechecked[oversize]" time="0.000" /><testcase classname="tests.test_credential_conformance.TestCredentialContractModel" name="test_filesystem_boundary_rechecked[outside_root]" time="0.001" /><testcase classname="tests.test_credential_conformance.TestCredentialContractModel" name="test_handle_has_no_public_secret_representation" time="0.000" /><testcase classname="tests.test_credential_conformance.TestCredentialContractModel" name="test_backend_error_is_safe_in_trace_and_logs" time="0.007" /><testcase classname="tests.test_credential_conformance.TestCredentialContractModel" name="test_callback_failure_is_not_retried" time="0.001" /><testcase classname="tests.test_credential_conformance" name="test_conformance_detects_deliberate_fault[ignore_context-test_wrong_context_denied_before_read-args0]" time="0.001" /><testcase classname="tests.test_credential_conformance" name="test_conformance_detects_deliberate_fault[read_before_authorization-test_invalid_reference_never_reads_backend-args1]" time="0.001" /><testcase classname="tests.test_credential_conformance" name="test_conformance_detects_deliberate_fault[ignore_revoke-test_authority_rechecked_at_use-args2]" time="0.001" /><testcase classname="tests.test_credential_conformance" name="test_conformance_detects_deliberate_fault[ignore_file-test_filesystem_boundary_rechecked-args3]" time="0.001" /><testcase classname="tests.test_credential_conformance" name="test_conformance_detects_deliberate_fault[retarget-test_rotation_never_silently_retargets_old_reference-args4]" time="0.001" /><testcase classname="tests.test_credential_conformance" name="test_conformance_detects_deliberate_fault[public_secret-test_handle_has_no_public_secret_representation-args5]" time="0.001" /><testcase classname="tests.test_credential_conformance" name="test_conformance_detects_deliberate_fault[retry_callback-test_callback_failure_is_not_retried-args6]" time="0.001" /><testcase classname="tests.test_credential_conformance" name="test_conformance_detects_secret_in_exception_chain" time="0.002" /><testcase classname="tests.test_database" name="test_every_tenant_table_has_rls_enabled_and_forced" time="0.007" /><testcase classname="tests.test_database" name="test_rows_are_invisible_without_a_tenant_scope" time="1.445" /><testcase classname="tests.test_database" name="test_scope_selects_only_the_matching_tenant" time="1.430" /><testcase classname="tests.test_database" name="test_scope_does_not_survive_the_transaction" time="1.436" /><testcase classname="tests.test_database" name="test_write_into_another_tenant_is_refused_by_with_check" time="1.465" /><testcase classname="tests.test_database" name="test_update_cannot_move_a_row_to_another_tenant" time="1.519" /><testcase classname="tests.test_database" name="test_empty_tenant_setting_is_treated_as_unset" time="1.518" /><testcase classname="tests.test_database" name="test_tenant_scope_rejects_a_non_uuid_value" time="1.454" /><testcase classname="tests.test_database" name="test_app_role_cannot_delete_audit_events" time="1.442" /><testcase classname="tests.test_database" name="test_many_nodes_may_be_unenrolled_at_once" time="1.432" /><testcase classname="tests.test_database" name="test_two_nodes_cannot_share_a_certificate_fingerprint" time="1.471" /><testcase classname="tests.test_database" name="test_whole_host_capability_cannot_be_registered_twice" time="1.470" /><testcase classname="tests.test_database" name="test_a_location_cannot_be_ready_without_a_checksum" time="1.467" /><testcase classname="tests.test_database" name="test_gpu_requires_a_device_index_and_others_forbid_it" time="1.433" /><testcase classname="tests.test_database" name="test_migration_created_a_three_month_lead" time="0.018" /><testcase classname="tests.test_database" name="test_there_is_no_default_partition" time="0.004" /><testcase classname="tests.test_database" name="test_insert_outside_every_partition_fails_loudly" time="1.412" /><testcase classname="tests.test_database" name="test_ensure_partitions_is_idempotent" time="0.023" /><testcase classname="tests.test_database" name="test_startup_gate_raises_when_the_lead_is_short" time="0.023" /><testcase classname="tests.test_database_login_isolation" name="test_temporary_login_cleanup_and_group_preservation[False]" time="1.473" /><testcase classname="tests.test_database_login_isolation" name="test_temporary_login_cleanup_and_group_preservation[True]" time="1.472" /><testcase classname="tests.test_database_login_isolation" name="test_bootstrap_does_not_override_migration_group" time="0.016" /><testcase classname="tests.test_db_login_teardown" name="test_dispose_failure_still_drops_role_and_preserves_body_error" time="0.001" /><testcase classname="tests.test_db_login_teardown" name="test_normal_teardown_disposes_and_drops_role" time="0.001" /><testcase classname="tests.test_db_login_teardown" name="test_drop_role_failure_alone_surfaces" time="0.001" /><testcase classname="tests.test_db_login_teardown" name="test_dispose_and_drop_role_both_fail_preserve_both" time="0.002" /><testcase classname="tests.test_db_provision" name="test_normal_creates_then_drops_both" time="0.001" /><testcase classname="tests.test_db_provision" name="test_first_create_failure_drops_nothing" time="0.000" /><testcase classname="tests.test_db_provision" name="test_database_success_then_role_failure_drops_only_database" time="0.000" /><testcase classname="tests.test_db_provision" name="test_migration_failure_drops_both" time="0.000" /><testcase classname="tests.test_db_provision" name="test_teardown_drop_database_failure_still_drops_role_and_surfaces" time="0.000" /><testcase classname="tests.test_db_provision" name="test_body_error_is_preserved_through_teardown" time="0.000" /><testcase classname="tests.test_db_provision" name="test_body_error_and_teardown_failure_both_preserved" time="0.000" /><testcase classname="tests.test_deploy_intranet_preflight" name="test_cert_generation_native_failure_halts_immediately" time="0.569" /><testcase classname="tests.test_deploy_intranet_preflight" name="test_cert_generation_empty_file_halts_immediately" time="0.449" /><testcase classname="tests.test_deploy_intranet_preflight" name="test_cert_directory_collisions_are_removed_before_generation" time="0.523" /><testcase classname="tests.test_deploy_intranet_preflight" name="test_external_certificate_directory_is_used_for_generation" time="0.503" /><testcase classname="tests.test_deploy_intranet_preflight" name="test_missing_external_certificate_fails_explicitly" time="0.442" /><testcase classname="tests.test_deploy_intranet_preflight" name="test_certificate_key_mismatch_fails_preflight" time="0.441" /><testcase classname="tests.test_deploy_intranet_preflight" name="test_default_certificate_fallback_when_env_unset" time="0.533" /><testcase classname="tests.test_deploy_intranet_preflight" name="test_external_certificate_directory_summary_reporting" time="2.584" /><testcase classname="tests.test_deploy_intranet_preflight" name="test_external_cert_directory_collisions_are_removed_before_generation" time="0.560" /><testcase classname="tests.test_deploy_intranet_preflight" name="test_missing_cert_file_after_generation_halts_immediately" time="0.423" /><testcase classname="tests.test_deploy_intranet_preflight" name="test_missing_build_dist_index_halts_at_step3" time="0.457" /><testcase classname="tests.test_deploy_intranet_preflight" name="test_build_cleans_prior_dist_for_freshness" time="2.513" /><testcase classname="tests.test_deploy_intranet_preflight" name="test_invalid_nonempty_cert_scope_label" time="2.471" /><testcase classname="tests.test_deploy_intranet_preflight" name="test_smoke_exit_zero_summary_label_without_hardcoded_count" time="2.474" /><testcase classname="tests.test_deploy_intranet_preflight" name="test_docker_absent_summary_label" time="2.519" /><testcase classname="tests.test_deploy_intranet_preflight" name="test_gateway_offline_summary_label" time="0.480" /><testcase classname="tests.test_deploy_intranet_preflight" name="test_honest_summary_table_format" time="2.478" /><testcase classname="tests.test_deployment_guard" name="test_approval_time_and_cached_revocation_are_checked[expired]" time="1.598" /><testcase classname="tests.test_deployment_guard" name="test_approval_time_and_cached_revocation_are_checked[future]" time="1.551" /><testcase classname="tests.test_deployment_guard" name="test_approval_time_and_cached_revocation_are_checked[cached-revoked]" time="1.584" /><testcase classname="tests.test_deployment_guard" name="test_concurrent_first_deployments_leave_one_active_record" time="1.562" /><testcase classname="tests.test_deployment_guard" name="test_cached_released_stage_cannot_override_current_draft" time="1.502" /><testcase classname="tests.test_deployment_guard" name="test_database_rejects_duplicate_active_and_service_supersedes" time="1.519" /><testcase classname="tests.test_deployment_surface" name="test_a_module_level_app_is_obtainable_and_answers" time="0.032" /><testcase classname="tests.test_deployment_surface" name="test_that_case_is_refused_with_each_reason_named" time="0.032" /><testcase classname="tests.test_deployment_surface" name="test_a_factory_that_requires_configuration_is_not_obtainable" time="0.012" /><testcase classname="tests.test_deployment_surface" name="test_a_factory_that_builds_from_nothing_is_still_judged" time="0.060" /><testcase classname="tests.test_deployment_surface" name="test_a_missing_attribute_is_reported_not_crashed" time="0.007" /><testcase classname="tests.test_deployment_surface" name="test_configuration_is_stripped_before_the_import" time="0.037" /><testcase classname="tests.test_deployment_surface" name="test_a_database_reference_is_noticed" time="0.035" /><testcase classname="tests.test_deployment_surface" name="test_declared_authentication_is_noticed" time="0.031" /><testcase classname="tests.test_deployment_surface" name="test_a_route_that_accepts_any_bearer_token_is_reported" time="0.033" /><testcase classname="tests.test_deployment_surface" name="test_a_route_that_verifies_the_token_is_not_reported" time="0.036" /><testcase classname="tests.test_deployment_surface" name="test_an_unimportable_target_is_inconclusive_not_a_pass" time="0.015" /><testcase classname="tests.test_deployment_surface" name="test_exception_diagnostics_do_not_publish_sensitive_values[import]" time="0.016" /><testcase classname="tests.test_deployment_surface" name="test_exception_diagnostics_do_not_publish_sensitive_values[factory]" time="0.012" /><testcase classname="tests.test_deployment_surface" name="test_exception_diagnostics_do_not_publish_sensitive_values[typeerror]" time="0.016" /><testcase classname="tests.test_deployment_surface" name="test_candidate_python_output_and_response_bodies_are_not_evidence" time="0.038" /><testcase classname="tests.test_deployment_surface" name="test_only_exact_readiness_status_is_reported[{&quot;status&quot;:&quot;not_ready&quot;,&quot;detail&quot;:&quot;ready&quot;}]" time="0.031" /><testcase classname="tests.test_deployment_surface" name="test_only_exact_readiness_status_is_reported[{&quot;status&quot;:&quot;private-status-sentinel&quot;}]" time="0.033" /><testcase classname="tests.test_deployment_surface" name="test_only_exact_readiness_status_is_reported[[&quot;ready&quot;]]" time="0.035" /><testcase classname="tests.test_deployment_surface" name="test_only_exact_readiness_status_is_reported[&quot;ready&quot;]" time="0.037" /><testcase classname="tests.test_deployment_surface" name="test_dockerfile_json_cli_is_single_redacted_document" time="0.149" /><testcase classname="tests.test_deployment_surface" name="test_failed_probe_is_not_a_security_pass[raise RuntimeError(&quot;synthetic-probe-secret&quot;)]" time="0.034" /><testcase classname="tests.test_deployment_surface" name="test_failed_probe_is_not_a_security_pass[return Response(&quot;synthetic-probe-secret&quot;, status_code=503)]" time="0.035" /><testcase classname="tests.test_deployment_surface" name="test_factory_boundary_cli[def create_app():\n    import synthetic_missing_dependency_xyz\n-create_app-1]" time="0.123" /><testcase classname="tests.test_deployment_surface" name="test_factory_boundary_cli[import synthetic_missing_dependency_xyz\n-create_app-1]" time="0.118" /><testcase classname="tests.test_deployment_surface" name="test_factory_boundary_cli[def create_app():\n    raise TypeError(&quot;private-body-error&quot;)\n-create_app-1]" time="0.110" /><testcase classname="tests.test_deployment_surface" name="test_factory_boundary_cli[def create_app():\n    return None\n-create_app-1]" time="0.107" /><testcase classname="tests.test_deployment_surface" name="test_factory_boundary_cli[value = 1\n-app-1]" time="0.106" /><testcase classname="tests.test_deployment_surface" name="test_factory_boundary_cli[value = 1\n--1]" time="0.100" /><testcase classname="tests.test_deployment_surface" name="test_factory_boundary_cli[def create_app(*, config):\n    raise AssertionError(&quot;body must not run&quot;)\n-create_app-0]" time="0.104" /><testcase classname="tests.test_deployment_surface" name="test_forged_probe_outcome_is_preserved[exception]" time="0.054" /><testcase classname="tests.test_deployment_surface" name="test_forged_probe_outcome_is_preserved[503]" time="0.059" /><testcase classname="tests.test_deployment_surface" name="test_forged_probe_outcome_is_preserved[404]" time="0.055" /><testcase classname="tests.test_deployment_surface" name="test_forged_probe_outcome_is_preserved[200]" time="0.055" /><testcase classname="tests.test_deployment_surface" name="test_forged_probe_outcome_is_preserved[401]" time="0.059" /><testcase classname="tests.test_deployment_surface" name="test_forged_probe_outcome_is_preserved[403]" time="0.060" /><testcase classname="tests.test_docker_diag" name="test_only_loader_stage_ntstatus_is_a_host_init_failure_and_it_is_platform_gated" time="0.000" /><testcase classname="tests.test_docker_diag" name="test_describe_separates_init_failure_crash_signal_timeout_and_docker_error" time="0.000" /><testcase classname="tests.test_docker_diag" name="test_masks_url_libpq_and_quoted_credentials_but_keeps_the_error" time="0.000" /><testcase classname="tests.test_docker_diag" name="test_infrastructure_failure_separates_host_conditions_from_crash_and_docker_error" time="0.000" /><testcase classname="tests.test_docker_diag" name="test_run_retries_only_a_loader_init_failure_and_preserves_each_attempt" time="0.000" /><testcase classname="tests.test_docker_diag" name="test_run_does_not_retry_a_mutating_command_that_crashed_after_running" time="0.001" /><testcase classname="tests.test_docker_diag" name="test_run_does_not_retry_a_docker_error" time="0.000" /><testcase classname="tests.test_docker_diag" name="test_run_classifies_a_timeout_instead_of_raising_and_does_not_retry" time="0.000" /><testcase classname="tests.test_docker_diag" name="test_run_default_retry_is_a_single_transient_cushion" time="0.000" /><testcase classname="tests.test_docker_diag" name="test_run_return_type_is_consistent_across_paths[False-bytes]" time="0.000" /><testcase classname="tests.test_docker_diag" name="test_run_return_type_is_consistent_across_paths[True-str]" time="0.001" /><testcase classname="tests.test_docker_diag" name="test_timeout_result_bytes_stdout_can_be_decoded" time="0.000" /><testcase classname="tests.test_docker_volume_provenance" name="test_postgres_pitr_launcher_uses_ephemeral_data_storage" time="0.012" /><testcase classname="tests.test_docker_volume_provenance" name="test_postgres_workspace_and_pilot_launchers_use_named_data_volumes" time="0.022" /><testcase classname="tests.test_eval_execution" name="test_a_correct_adapter_passes_the_gate" time="1.477" /><testcase classname="tests.test_eval_execution" name="test_an_adapter_failure_is_errored_not_failed[adapter0]" time="1.449" /><testcase classname="tests.test_eval_execution" name="test_an_adapter_failure_is_errored_not_failed[adapter1]" time="1.488" /><testcase classname="tests.test_eval_execution" name="test_an_unverifiable_cancellation_is_recorded_as_unknown" time="1.541" /><testcase classname="tests.test_eval_execution" name="test_an_adapter_that_did_not_redact_does_not_get_its_output_stored" time="1.467" /><testcase classname="tests.test_eval_execution" name="test_an_adapter_that_cannot_pin_its_model_is_refused_by_default" time="1.476" /><testcase classname="tests.test_eval_execution" name="test_running_without_model_pinning_records_that_choice" time="1.499" /><testcase classname="tests.test_eval_execution" name="test_a_violation_fails_the_gate_however_well_everything_else_scored" time="1.467" /><testcase classname="tests.test_eval_execution" name="test_a_forbidden_case_declaring_nothing_forbidden_is_refused" time="1.440" /><testcase classname="tests.test_eval_execution" name="test_cases_run_in_key_order_so_two_runs_are_comparable" time="1.526" /><testcase classname="tests.test_eval_execution" name="test_the_reference_adapter_satisfies_the_executor" time="1.457" /><testcase classname="tests.test_eval_execution" name="test_a_run_in_which_every_case_errored_does_not_pass" time="1.463" /><testcase classname="tests.test_eval_execution" name="test_the_run_row_and_the_report_always_agree" time="1.515" /><testcase classname="tests.test_eval_execution" name="test_an_empty_suite_is_not_a_pass" time="0.000" /><testcase classname="tests.test_eval_execution" name="test_a_partial_run_is_not_a_pass" time="0.000" /><testcase classname="tests.test_execution" name="test_the_database_refuses_a_success_without_evidence" time="1.467" /><testcase classname="tests.test_execution" name="test_complete_run_writes_state_evidence_and_event_together" time="1.527" /><testcase classname="tests.test_execution" name="test_a_failure_after_evidence_rolls_the_evidence_back_too" time="1.446" /><testcase classname="tests.test_execution" name="test_success_is_refused_from_any_state_but_verifying" time="1.466" /><testcase classname="tests.test_execution" name="test_evidence_is_append_only_for_the_application_role" time="1.508" /><testcase classname="tests.test_execution" name="test_output_ref_must_be_an_inv_uri" time="1.408" /><testcase classname="tests.test_execution" name="test_the_check_constraint_rejects_an_invented_state" time="1.527" /><testcase classname="tests.test_execution" name="test_a_terminal_state_without_a_reason_is_rejected" time="1.426" /><testcase classname="tests.test_execution" name="test_cancel_is_idempotent" time="1.445" /><testcase classname="tests.test_execution" name="test_cancelling_a_finished_run_is_refused" time="1.441" /><testcase classname="tests.test_execution" name="test_attempts_accumulate_rather_than_overwrite" time="1.513" /><testcase classname="tests.test_execution" name="test_retry_budget_is_enforced" time="1.483" /><testcase classname="tests.test_execution" name="test_an_approval_does_not_survive_an_edit_to_what_it_approved" time="1.483" /><testcase classname="tests.test_execution" name="test_an_expired_approval_is_refused" time="1.480" /><testcase classname="tests.test_execution" name="test_a_redelivered_event_is_rejected_by_the_inbox" time="1.452" /><testcase classname="tests.test_execution" name="test_two_consumers_each_process_the_same_event" time="1.431" /><testcase classname="tests.test_execution" name="test_event_type_must_be_namespaced" time="1.468" /><testcase classname="tests.test_execution" name="test_publish_failures_retry_before_parking" time="1.448" /><testcase classname="tests.test_execution" name="test_another_tenant_cannot_see_runs_or_evidence" time="1.476" /><testcase classname="tests.test_execution" name="test_a_dataset_mount_cannot_be_writable" time="1.440" /><testcase classname="tests.test_execution" name="test_an_artifact_cannot_be_active_without_verification" time="1.428" /><testcase classname="tests.test_execution" name="test_the_same_idempotency_key_in_two_projects_is_two_operations" time="1.526" /><testcase classname="tests.test_execution" name="test_the_same_key_in_one_project_still_collides" time="1.512" /><testcase classname="tests.test_execution" name="test_two_tenant_wide_operations_with_one_key_still_collide" time="1.477" /><testcase classname="tests.test_execution" name="test_one_tenants_processed_event_does_not_suppress_anothers" time="1.501" /><testcase classname="tests.test_execution_readiness" name="test_the_checklist_reports_every_precondition_at_once" time="1.524" /><testcase classname="tests.test_execution_readiness" name="test_each_unmet_precondition_names_who_can_lift_it" time="1.583" /><testcase classname="tests.test_execution_readiness" name="test_the_role_check_passes_for_an_owner_and_fails_for_a_viewer" time="1.515" /><testcase classname="tests.test_execution_readiness" name="test_an_operator_link_satisfies_the_kernel_checks" time="1.528" /><testcase classname="tests.test_execution_readiness" name="test_the_checklist_cannot_be_used_to_probe_another_project" time="1.537" /><testcase classname="tests.test_execution_readiness" name="test_input_is_the_precondition_a_user_meets_after_the_others" time="1.528" /><testcase classname="tests.test_execution_readiness" name="test_prepared_input_satisfies_the_check_and_reports_its_size" time="1.521" /><testcase classname="tests.test_execution_readiness" name="test_the_input_reader_is_bound_to_the_session_tenant" time="1.571" /><testcase classname="tests.test_independent_restore" name="test_pinned_backup_is_read_without_rewriting" time="0.138" /><testcase classname="tests.test_independent_restore" name="test_changed_or_aliased_backup_is_rejected_before_docker[archive]" time="0.146" /><testcase classname="tests.test_independent_restore" name="test_changed_or_aliased_backup_is_rejected_before_docker[manifest-pin]" time="0.017" /><testcase classname="tests.test_independent_restore" name="test_changed_or_aliased_backup_is_rejected_before_docker[manifest-size]" time="0.148" /><testcase classname="tests.test_independent_restore" name="test_changed_or_aliased_backup_is_rejected_before_docker[hardlink]" time="0.007" /><testcase classname="tests.test_independent_restore" name="test_explicit_canonical_pin_required[]" time="0.003" /><testcase classname="tests.test_independent_restore" name="test_explicit_canonical_pin_required[AAAAAAAAAAAAAAAAAAAAAAAAAAAAAAAAAAAAAAAAAAAAAAAAAAAAAAAAAAAAAAAA]" time="0.004" /><testcase classname="tests.test_independent_restore" name="test_explicit_canonical_pin_required[000000000000000000000000000000000000000000000000000000000000000]" time="0.004" /><testcase classname="tests.test_independent_restore" name="test_explicit_canonical_pin_required[../archive]" time="0.005" /><testcase classname="tests.test_independent_restore" name="test_existing_report_is_preserved_before_any_restore" time="0.011" /><testcase classname="tests.test_independent_restore" name="test_alias_created_after_initial_stat_is_rejected" time="0.013" /><testcase classname="tests.test_independent_restore" name="test_opened_file_limit_is_enforced" time="0.014" /><testcase classname="tests.test_independent_restore" name="test_same_size_changed_reread_is_rejected" time="0.004" /><testcase classname="tests.test_independent_restore" name="test_cleanup_remove_failure_is_recorded_without_replacing_body_report" time="0.001" /><testcase classname="tests.test_independent_restore" name="test_body_failure_report_is_written_even_when_cleanup_failed" time="0.012" /><testcase classname="tests.test_independent_restore" name="test_cleanup_distinguishes_post_remove_absence_from_query_error[confirmed-removed-Error: No such object: owned-run]" time="0.001" /><testcase classname="tests.test_independent_restore" name="test_cleanup_distinguishes_post_remove_absence_from_query_error[query-error-daemon unavailable]" time="0.001" /><testcase classname="tests.test_lineage" name="test_an_image_is_its_digest_not_its_tag" time="1.458" /><testcase classname="tests.test_lineage" name="test_a_malformed_image_digest_is_refused[latest]" time="1.446" /><testcase classname="tests.test_lineage" name="test_a_malformed_image_digest_is_refused[sha256:short]" time="1.474" /><testcase classname="tests.test_lineage" name="test_a_malformed_image_digest_is_refused[md5:aaaaaaaaaaaaaaaaaaaaaaaaaaaaaaaaaaaaaaaaaaaaaaaaaaaaaaaaaaaaaaaa]" time="1.491" /><testcase classname="tests.test_lineage" name="test_a_malformed_image_digest_is_refused[sha256:AAAAAAAAAAAAAAAAAAAAAAAAAAAAAAAAAAAAAAAAAAAAAAAAAAAAAAAAAAAAAAAA]" time="1.563" /><testcase classname="tests.test_lineage" name="test_a_malformed_image_digest_is_refused[]" time="1.461" /><testcase classname="tests.test_lineage" name="test_a_malformed_commit_sha_is_refused[main]" time="1.466" /><testcase classname="tests.test_lineage" name="test_a_malformed_commit_sha_is_refused[ccccccccccccccccccccccccccccccccccccccc]" time="1.495" /><testcase classname="tests.test_lineage" name="test_a_malformed_commit_sha_is_refused[zzzzzzzzzzzzzzzzzzzzzzzzzzzzzzzzzzzzzzzz]" time="1.501" /><testcase classname="tests.test_lineage" name="test_a_malformed_commit_sha_is_refused[]" time="1.436" /><testcase classname="tests.test_lineage" name="test_a_dirty_tree_is_recorded_rather_than_refused" time="1.541" /><testcase classname="tests.test_lineage" name="test_the_database_refuses_a_tag_shaped_digest" time="1.520" /><testcase classname="tests.test_lineage" name="test_two_model_versions_cannot_share_content" time="1.449" /><testcase classname="tests.test_lineage" name="test_model_versions_are_append_only_for_the_application" time="1.467" /><testcase classname="tests.test_lineage" name="test_a_fully_linked_model_traces_back_to_everything" time="1.528" /><testcase classname="tests.test_lineage" name="test_the_traceback_names_what_is_missing" time="1.468" /><testcase classname="tests.test_lineage" name="test_an_edge_whose_subject_vanished_is_reported_as_dangling" time="1.475" /><testcase classname="tests.test_lineage" name="test_recording_the_same_edge_twice_is_idempotent" time="1.494" /><testcase classname="tests.test_lineage" name="test_release_requires_verification_pin_and_traceability" time="1.500" /><testcase classname="tests.test_lineage" name="test_an_untraceable_model_cannot_be_released" time="1.517" /><testcase classname="tests.test_lineage" name="test_verification_refuses_a_mismatched_checksum" time="1.575" /><testcase classname="tests.test_lineage" name="test_a_retention_pin_only_extends" time="1.580" /><testcase classname="tests.test_lineage" name="test_the_database_refuses_a_release_without_verification" time="1.652" /><testcase classname="tests.test_lineage" name="test_a_deployment_pins_the_digest_that_shipped" time="1.672" /><testcase classname="tests.test_lineage" name="test_an_approval_for_other_content_cannot_deploy" time="1.645" /><testcase classname="tests.test_lineage" name="test_an_unreleased_version_cannot_be_deployed" time="1.610" /><testcase classname="tests.test_lineage" name="test_redeploying_supersedes_the_previous_active_one" time="1.634" /><testcase classname="tests.test_lineage" name="test_the_database_refuses_two_active_deployments" time="1.673" /><testcase classname="tests.test_lineage" name="test_a_deployment_without_an_approval_is_refused" time="1.575" /><testcase classname="tests.test_lineage" name="test_lineage_is_tenant_isolated" time="1.631" /><testcase classname="tests.test_locality" name="test_a_replica_starts_transferring_not_ready" time="1.565" /><testcase classname="tests.test_locality" name="test_a_wrong_checksum_marks_the_replica_corrupt" time="1.553" /><testcase classname="tests.test_locality" name="test_a_short_replica_is_not_ready" time="1.634" /><testcase classname="tests.test_locality" name="test_the_database_refuses_a_ready_replica_without_verification" time="1.536" /><testcase classname="tests.test_locality" name="test_one_replica_per_node_per_item" time="1.531" /><testcase classname="tests.test_locality" name="test_a_node_holding_the_item_is_fully_local" time="1.528" /><testcase classname="tests.test_locality" name="test_a_node_without_the_item_has_locality_zero" time="1.525" /><testcase classname="tests.test_locality" name="test_an_empty_item_has_locality_zero_not_one" time="1.485" /><testcase classname="tests.test_locality" name="test_an_unverified_copy_does_not_count_as_local" time="1.489" /><testcase classname="tests.test_locality" name="test_an_unmeasured_link_yields_no_estimate_not_zero" time="1.627" /><testcase classname="tests.test_locality" name="test_no_source_copy_yields_no_estimate" time="1.511" /><testcase classname="tests.test_locality" name="test_a_measured_link_uses_the_adr_formula" time="1.528" /><testcase classname="tests.test_locality" name="test_a_stale_measurement_is_not_used" time="1.529" /><testcase classname="tests.test_locality" name="test_a_node_that_already_holds_it_transfers_nothing" time="1.479" /><testcase classname="tests.test_locality" name="test_a_link_must_join_two_different_nodes" time="1.571" /><testcase classname="tests.test_locality" name="test_the_node_holding_the_data_outranks_the_idler_one" time="1.972" /><testcase classname="tests.test_locality" name="test_an_unknown_cost_sorts_last_not_first" time="1.491" /><testcase classname="tests.test_locality" name="test_ranking_without_inputs_is_left_alone" time="1.564" /><testcase classname="tests.test_locality" name="test_the_cache_may_fill_sixty_percent_of_a_contributed_folder" time="1.531" /><testcase classname="tests.test_locality" name="test_nothing_is_evicted_while_under_the_limit" time="1.561" /><testcase classname="tests.test_locality" name="test_eviction_takes_the_least_recently_used_first" time="1.512" /><testcase classname="tests.test_locality" name="test_a_pinned_replica_is_never_evicted" time="1.600" /><testcase classname="tests.test_locality" name="test_the_database_refuses_a_pin_on_an_unready_replica" time="1.503" /><testcase classname="tests.test_locality" name="test_a_node_runs_at_most_two_transfers" time="1.533" /><testcase classname="tests.test_locality" name="test_replicas_are_tenant_isolated" time="1.584" /><testcase classname="tests.test_login" name="test_a_verified_subject_becomes_the_person_it_belongs_to" time="1.493" /><testcase classname="tests.test_login" name="test_an_unknown_subject_is_refused_not_created" time="1.464" /><testcase classname="tests.test_login" name="test_the_refusal_does_not_confirm_the_token_was_good" time="1.459" /><testcase classname="tests.test_login" name="test_a_suspended_account_cannot_sign_in_with_a_still_valid_token" time="1.441" /><testcase classname="tests.test_login" name="test_suspension_takes_effect_on_the_next_request" time="1.438" /><testcase classname="tests.test_login" name="test_the_subject_derivation_matches_the_execution_kernel" time="0.001" /><testcase classname="tests.test_login" name="test_the_verifier_reads_membership_from_the_database_not_the_token" time="1.477" /><testcase classname="tests.test_login" name="test_an_archived_projects_membership_is_not_carried" time="1.495" /><testcase classname="tests.test_login" name="test_the_settings_no_longer_wait_for_a_decision_that_was_made" time="0.000" /><testcase classname="tests.test_login" name="test_login_is_not_configured_by_halves" time="0.000" /><testcase classname="tests.test_login" name="test_the_old_placeholder_points_at_the_real_verifier" time="0.000" /><testcase classname="tests.test_migration_prerequisite" name="test_cli_missing_admin_is_not_a_migration_failure[None]" time="0.542" /><testcase classname="tests.test_migration_prerequisite" name="test_cli_missing_admin_is_not_a_migration_failure[]" time="0.492" /><testcase classname="tests.test_migration_prerequisite" name="test_present_invalid_dsn_still_fails_without_echoing_credentials" time="0.525" /><testcase classname="tests.test_migration_prerequisite" name="test_account_migration_uses_shared_local_skip_and_ci_failure[False]" time="2.360" /><testcase classname="tests.test_migration_prerequisite" name="test_account_migration_uses_shared_local_skip_and_ci_failure[True]" time="5.085" /></testsuite></testsuites>