<?xml version="1.0" encoding="utf-8"?><testsuites name="pytest tests"><testsuite name="pytest" errors="0" failures="0" skipped="3" tests="631" time="39.102" timestamp="2026-09-21T11:59:53.055611+09:00" hostname="Surface_Studio"><testcase classname="tests.core.test_approval_contracts" name="test_decision_payload_cannot_forge_identity_or_bypass_nonce[change0]" time="0.323" /><testcase classname="tests.core.test_approval_contracts" name="test_decision_payload_cannot_forge_identity_or_bypass_nonce[change1]" time="0.001" /><testcase classname="tests.core.test_approval_contracts" name="test_decision_payload_cannot_forge_identity_or_bypass_nonce[change2]" time="0.001" /><testcase classname="tests.core.test_approval_contracts" name="test_decision_payload_cannot_forge_identity_or_bypass_nonce[change3]" time="0.000" /><testcase classname="tests.core.test_approval_contracts" name="test_decision_payload_cannot_forge_identity_or_bypass_nonce[change4]" time="0.001" /><testcase classname="tests.core.test_approval_contracts" name="test_decision_payload_cannot_forge_identity_or_bypass_nonce[change5]" time="0.001" /><testcase classname="tests.core.test_approval_contracts" name="test_trusted_principal_requires_valid_identity[not-a-uuid-alice]" time="0.000" /><testcase classname="tests.core.test_approval_contracts" name="test_trusted_principal_requires_valid_identity[2b875084-16b6-4e81-ad12-37f1b7c0143a-]" time="0.000" /><testcase classname="tests.core.test_approval_contracts" name="test_trusted_principal_requires_valid_identity[c47b1557-9950-41f6-8b17-920c68622f8a-aaaaaaaaaaaaaaaaaaaaaaaaaaaaaaaaaaaaaaaaaaaaaaaaaaaaaaaaaaaaaaaaaaaaaaaaaaaaaaaaaaaaaaaaaaaaaaaaaaaaaaaaaaaaaaaaaaaaaaaaaaaaaaaaaaaaaaaaaaaaaaaaaaaaaaaaaaaaaaaaaaaaaaaaaaaaaaaaaaaaaaaaaaaaaaaaaaaaaaaaa]" time="0.000" /><testcase classname="tests.core.test_approval_contracts" name="test_trusted_principal_requires_valid_identity[3ee37970-ac5d-466c-b906-c2a957fd1f45-None]" time="0.000" /><testcase classname="tests.core.test_core" name="test_state_matrix" time="0.001" /><testcase classname="tests.core.test_core" name="test_success_requires_evidence" time="0.000" /><testcase classname="tests.core.test_core" name="test_ids_unique_and_contract_valid" time="0.028" /><testcase classname="tests.core.test_core" name="test_contract_bad_units[-1]" time="0.001" /><testcase classname="tests.core.test_core" name="test_contract_bad_units[True]" time="0.000" /><testcase classname="tests.core.test_core" name="test_contract_bad_units[1.5]" time="0.000" /><testcase classname="tests.core.test_core" name="test_contract_bad_units[9007199254740992]" time="0.000" /><testcase classname="tests.core.test_core" name="test_contract_unknown_field_and_formats" time="0.010" /><testcase classname="tests.core.test_core" name="test_replay_tie_and_permutation" time="0.003" /><testcase classname="tests.core.test_core" name="test_filter_and_gpu_slices" time="0.000" /><testcase classname="tests.core.test_core" name="test_scheduler_rejects_unsafe_candidates[kwargs0]" time="0.000" /><testcase classname="tests.core.test_core" name="test_scheduler_rejects_unsafe_candidates[kwargs1]" time="0.000" /><testcase classname="tests.core.test_core" name="test_scheduler_rejects_unsafe_candidates[kwargs2]" time="0.001" /><testcase classname="tests.core.test_core" name="test_scheduler_rejects_unsafe_candidates[kwargs3]" time="0.001" /><testcase classname="tests.core.test_core" name="test_scheduler_rejects_unsafe_candidates[kwargs4]" time="0.001" /><testcase classname="tests.core.test_core" name="test_scheduler_rejects_unsafe_candidates[kwargs5]" time="0.000" /><testcase classname="tests.core.test_core" name="test_scheduler_rejects_unsafe_candidates[kwargs6]" time="0.001" /><testcase classname="tests.core.test_core" name="test_scheduler_rejects_unsafe_candidates[kwargs7]" time="0.000" /><testcase classname="tests.core.test_core" name="test_scheduler_rejects_unsafe_candidates[kwargs8]" time="0.000" /><testcase classname="tests.core.test_core" name="test_scheduler_rejects_unsafe_candidates[kwargs9]" time="0.000" /><testcase classname="tests.core.test_core" name="test_scheduler_rejects_unsafe_candidates[kwargs10]" time="0.000" /><testcase classname="tests.core.test_core" name="test_scheduler_rejects_unsafe_candidates[kwargs11]" time="0.000" /><testcase classname="tests.core.test_core" name="test_bandwidth_is_bits_and_empty_locality" time="0.000" /><testcase classname="tests.core.test_core" name="test_duplicate_nodes_rejected" time="0.000" /><testcase classname="tests.core.test_core" name="test_uris[inv://datasets/brain@1.2.3]" time="0.001" /><testcase classname="tests.core.test_core" name="test_uris[inv://models/model-v1@latest]" time="0.001" /><testcase classname="tests.core.test_core" name="test_uris[inv://artifacts/run_01K00000000000000000000000/art_01K00000000000000000000000]" time="0.001" /><testcase classname="tests.core.test_core" name="test_uris[inv://workspaces/wsp_01K00000000000000000000000/results/a.txt]" time="0.000" /><testcase classname="tests.core.test_core" name="test_unsafe_uri[file:///a]" time="0.000" /><testcase classname="tests.core.test_core" name="test_unsafe_uri[inv://datasets/../secret]" time="0.000" /><testcase classname="tests.core.test_core" name="test_unsafe_uri[inv://datasets/a%2f..%2fx]" time="0.004" /><testcase classname="tests.core.test_core" name="test_unsafe_uri[inv://datasets/a%252f..]" time="0.001" /><testcase classname="tests.core.test_core" name="test_unsafe_uri[inv://datasets/a?token=x]" time="0.001" /><testcase classname="tests.core.test_core" name="test_unsafe_uri[inv://datasets/a#x]" time="0.001" /><testcase classname="tests.core.test_core" name="test_unsafe_uri[inv://datasets/a\\b]" time="0.001" /><testcase classname="tests.core.test_core" name="test_unsafe_uri[inv://datasets/a//b]" time="0.001" /><testcase classname="tests.core.test_core" name="test_unsafe_uri[inv://workspaces/wsp_01K00000000000000000000000/../../x]" time="0.001" /><testcase classname="tests.core.test_core" name="test_unsafe_uri[inv://artifacts/foo/bar]" time="0.001" /><testcase classname="tests.core.test_core" name="test_unsafe_uri[inv://datasets/a:stream]" time="0.000" /><testcase classname="tests.core.test_core" name="test_unsafe_uri[inv://datasets/%00]" time="0.001" /><testcase classname="tests.core.test_core" name="test_checksum_uses_actual_bytes" time="0.022" /><testcase classname="tests.core.test_core" name="test_path_scope" time="0.003" /><testcase classname="tests.core.test_core" name="test_policy_scope_and_fail_closed" time="0.002" /><testcase classname="tests.core.test_core" name="test_approval_unique_and_required" time="0.001" /><testcase classname="tests.core.test_core" name="test_health_is_not_readiness" time="0.040" /><testcase classname="tests.core.test_core" name="test_scheduler_clock_measurement_required[None]" time="0.001" /><testcase classname="tests.core.test_core" name="test_scheduler_clock_measurement_required[skew1]" time="0.001" /><testcase classname="tests.core.test_core" name="test_scheduler_clock_measurement_required[skew2]" time="0.001" /><testcase classname="tests.core.test_core" name="test_scheduler_clock_measurement_required[skew3]" time="0.001" /><testcase classname="tests.core.test_core" name="test_scheduler_ignores_ambient_decimal_precision" time="0.001" /><testcase classname="tests.core.test_core" name="test_scheduler_invalid_request_units[True]" time="0.001" /><testcase classname="tests.core.test_core" name="test_scheduler_invalid_request_units[1.5]" time="0.001" /><testcase classname="tests.core.test_core" name="test_scheduler_invalid_request_units[-1]" time="0.001" /><testcase classname="tests.core.test_credential_provision_cli" name="test_argument_errors_are_sanitized[arguments0]" time="0.032" /><testcase classname="tests.core.test_credential_provision_cli" name="test_argument_errors_are_sanitized[arguments1]" time="0.004" /><testcase classname="tests.core.test_credential_provision_cli" name="test_manifest_error_has_no_input_text" time="0.002" /><testcase classname="tests.core.test_credential_provision_cli" name="test_missing_connection_configuration_does_not_leak" time="0.003" /><testcase classname="tests.core.test_credential_provision_cli" name="test_unexpected_failures_keep_category_without_secret[denied-credential_provisioning_refused-2]" time="0.005" /><testcase classname="tests.core.test_credential_provision_cli" name="test_unexpected_failures_keep_category_without_secret[db-credential_provisioning_database_error-3]" time="0.007" /><testcase classname="tests.core.test_credential_provision_cli" name="test_unexpected_failures_keep_category_without_secret[type-credential_provisioning_internal_error-4]" time="0.007" /><testcase classname="tests.core.test_credential_provision_cli" name="test_unexpected_failures_keep_category_without_secret[runtime-credential_provisioning_internal_error-4]" time="0.006" /><testcase classname="tests.core.test_credential_provision_cli" name="test_provisioning_exit_codes_are_one_to_one_with_labels" time="0.002" /><testcase classname="tests.core.test_credential_provision_cli" name="test_provision_maps_inner_failures_without_secret_text_and_rolls_back" time="0.003" /><testcase classname="tests.core.test_credential_provision_cli" name="test_provision_maps_driver_error_to_database_category" time="0.003" /><testcase classname="tests.core.test_definer_audit_cli" name="test_unavailable_audit_is_nonzero_and_redacted[connection]" time="0.004" /><testcase classname="tests.core.test_definer_audit_cli" name="test_unavailable_audit_is_nonzero_and_redacted[policy]" time="0.018" /><testcase classname="tests.core.test_definer_audit_cli" name="test_unavailable_audit_is_nonzero_and_redacted[missing]" time="0.004" /><testcase classname="tests.core.test_deployment_credentials" name="test_compose_requires_explicit_credentials[None]" time="0.730" /><testcase classname="tests.core.test_deployment_credentials" name="test_compose_requires_explicit_credentials[INV_BUSINESS_DSN]" time="0.489" /><testcase classname="tests.core.test_deployment_credentials" name="test_compose_requires_explicit_credentials[INV_RUNTIME_DSN]" time="0.554" /><testcase classname="tests.core.test_deployment_credentials" name="test_compose_requires_explicit_credentials[INV_RECOVERY_EPOCH]" time="0.627" /><testcase classname="tests.core.test_deployment_credentials" name="test_compose_requires_explicit_credentials[INV_CONFIG_VOLUME]" time="0.756" /><testcase classname="tests.core.test_deployment_credentials" name="test_compose_requires_explicit_credentials[INV_WEB_AUTH_CONFIG]" time="0.534" /><testcase classname="tests.core.test_deployment_credentials" name="test_compose_requires_explicit_credentials[POSTGRES_PASSWORD]" time="0.474" /><testcase classname="tests.core.test_deployment_credentials" name="test_compose_requires_explicit_credentials[MINIO_ROOT_USER]" time="0.534" /><testcase classname="tests.core.test_deployment_credentials" name="test_compose_requires_explicit_credentials[SAINTVISION_DEV_CERT_DIR]" time="0.510" /><testcase classname="tests.core.test_deployment_credentials" name="test_compose_requires_explicit_credentials[MINIO_ROOT_PASSWORD]" time="0.552" /><testcase classname="tests.core.test_deployment_credentials" name="test_workspace_overlay_requires_external_volume[None]" time="0.313" /><testcase classname="tests.core.test_deployment_credentials" name="test_workspace_overlay_requires_external_volume[synthetic-preprovisioned-volume]" time="0.348" /><testcase classname="tests.core.test_deployment_credentials" name="test_tls_file_mounts_never_create_host_directories" time="0.072" /><testcase classname="tests.core.test_deployment_credentials" name="test_tls_file_mounts_require_external_certificate_directory" time="0.008" /><testcase classname="tests.core.test_dev_studio" name="test_login_is_single_use_and_kind_bound" time="0.504" /><testcase classname="tests.core.test_dev_studio" name="test_paths_cannot_leave_workspace[../key]" time="0.000" /><testcase classname="tests.core.test_dev_studio" name="test_paths_cannot_leave_workspace[/root/key]" time="0.000" /><testcase classname="tests.core.test_dev_studio" name="test_paths_cannot_leave_workspace[C:/key]" time="0.000" /><testcase classname="tests.core.test_dev_studio" name="test_paths_cannot_leave_workspace[src\\key]" time="0.000" /><testcase classname="tests.core.test_dev_studio" name="test_paths_cannot_leave_workspace[src/../key]" time="0.000" /><testcase classname="tests.core.test_dev_studio" name="test_paths_cannot_leave_workspace[./src]" time="0.000" /><testcase classname="tests.core.test_dev_studio" name="test_paths_cannot_leave_workspace[src//x]" time="0.000" /><testcase classname="tests.core.test_dev_studio" name="test_snapshot_only_explicit_sources_and_no_credentials" time="0.024" /><testcase classname="tests.core.test_dev_studio" name="test_oversized_source_rejected" time="0.006" /><testcase classname="tests.core.test_dev_studio" name="test_budget_fails_closed_during_unresolved_recovery" time="0.387" /><testcase classname="tests.core.test_dev_studio" name="test_restart_recovery_preserves_input_and_does_not_replay" time="0.389" /><testcase classname="tests.core.test_dev_studio" name="test_recovery_failure_keeps_slot_reserved" time="0.380" /><testcase classname="tests.core.test_dev_studio" name="test_submission_idempotency_rejects_changed_content" time="0.384" /><testcase classname="tests.core.test_dev_studio" name="test_shared_context_binds_actual_workspace_without_initializing_git" time="0.629" /><testcase classname="tests.core.test_dev_studio" name="test_shared_context_does_not_overwrite_user_file" time="0.427" /><testcase classname="tests.core.test_identity" name="test_access_identity_comes_from_verified_issuer_and_configured_tenant" time="0.102" /><testcase classname="tests.core.test_identity" name="test_bad_access_claims_are_rejected[claims0]" time="0.090" /><testcase classname="tests.core.test_identity" name="test_bad_access_claims_are_rejected[claims1]" time="0.113" /><testcase classname="tests.core.test_identity" name="test_bad_access_claims_are_rejected[claims2]" time="0.045" /><testcase classname="tests.core.test_identity" name="test_bad_access_claims_are_rejected[claims3]" time="0.030" /><testcase classname="tests.core.test_identity" name="test_bad_access_claims_are_rejected[claims4]" time="0.069" /><testcase classname="tests.core.test_identity" name="test_bad_access_claims_are_rejected[claims5]" time="0.027" /><testcase classname="tests.core.test_identity" name="test_bad_access_claims_are_rejected[claims6]" time="0.027" /><testcase classname="tests.core.test_identity" name="test_bad_access_claims_are_rejected[claims7]" time="0.128" /><testcase classname="tests.core.test_identity" name="test_bad_access_claims_are_rejected[claims8]" time="0.082" /><testcase classname="tests.core.test_identity" name="test_bad_access_claims_are_rejected[claims9]" time="0.065" /><testcase classname="tests.core.test_identity" name="test_bad_access_claims_are_rejected[claims10]" time="0.032" /><testcase classname="tests.core.test_identity" name="test_bad_access_claims_are_rejected[claims11]" time="0.049" /><testcase classname="tests.core.test_identity" name="test_bad_access_claims_are_rejected[claims12]" time="0.077" /><testcase classname="tests.core.test_identity" name="test_bad_access_claims_are_rejected[claims13]" time="0.064" /><testcase classname="tests.core.test_identity" name="test_bad_access_claims_are_rejected[claims14]" time="0.069" /><testcase classname="tests.core.test_identity" name="test_token_header_has_no_control_over_trust[headers0]" time="0.053" /><testcase classname="tests.core.test_identity" name="test_token_header_has_no_control_over_trust[headers1]" time="0.059" /><testcase classname="tests.core.test_identity" name="test_token_header_has_no_control_over_trust[headers2]" time="0.067" /><testcase classname="tests.core.test_identity" name="test_token_header_has_no_control_over_trust[headers3]" time="0.054" /><testcase classname="tests.core.test_identity" name="test_token_header_has_no_control_over_trust[headers4]" time="0.048" /><testcase classname="tests.core.test_identity" name="test_live_jwks_removal_and_expiry_do_not_fall_back" time="0.044" /><testcase classname="tests.core.test_identity" name="test_ambiguous_signed_json_and_signature_tampering_are_rejected" time="0.027" /><testcase classname="tests.core.test_identity" name="test_http_boundary_rejects_unconfigured_identity_oversize_and_ambiguous_json" time="0.053" /><testcase classname="tests.core.test_identity" name="test_response_trace_retains_correlation_but_uses_new_server_span[/v1/projects]" time="0.054" /><testcase classname="tests.core.test_identity" name="test_response_trace_retains_correlation_but_uses_new_server_span[/missing]" time="0.050" /><testcase classname="tests.core.test_identity" name="test_response_trace_retains_correlation_but_uses_new_server_span[/healthz]" time="0.040" /><testcase classname="tests.core.test_identity" name="test_invalid_trace_context_is_replaced_without_echo[00-00000000000000000000000000000000-1234567890abcdef-01]" time="0.043" /><testcase classname="tests.core.test_identity" name="test_invalid_trace_context_is_replaced_without_echo[00-1234567890abcdef1234567890abcdef-0000000000000000-01]" time="0.045" /><testcase classname="tests.core.test_identity" name="test_invalid_trace_context_is_replaced_without_echo[00-1234567890abcdef1234567890abcdef-1234567890abcdef-01-secret]" time="0.042" /><testcase classname="tests.core.test_identity" name="test_invalid_trace_context_is_replaced_without_echo[ff-1234567890abcdef1234567890abcdef-1234567890abcdef-01]" time="0.046" /><testcase classname="tests.core.test_identity" name="test_invalid_trace_context_is_replaced_without_echo[secret-credential-reference]" time="0.045" /><testcase classname="tests.core.test_identity" name="test_duplicate_trace_headers_are_not_joined_or_used_as_authority" time="0.050" /><testcase classname="tests.core.test_identity" name="test_session_returns_verified_subject_and_tenant_without_untrusted_roles" time="0.101" /><testcase classname="tests.core.test_lan_console" name="test_actual_zero_usage_and_missing_devices_are_not_replaced_with_defaults" time="0.001" /><testcase classname="tests.core.test_lan_console" name="test_stale_snapshot_is_excluded_from_available_capacity[21-stale]" time="0.001" /><testcase classname="tests.core.test_lan_console" name="test_stale_snapshot_is_excluded_from_available_capacity[61-offline]" time="0.001" /><testcase classname="tests.core.test_lan_console" name="test_current_channel_authority_is_required_for_online_metrics[revoked]" time="0.000" /><testcase classname="tests.core.test_lan_console" name="test_current_channel_authority_is_required_for_online_metrics[expired]" time="0.001" /><testcase classname="tests.core.test_lan_console" name="test_current_channel_authority_is_required_for_online_metrics[missing]" time="0.001" /><testcase classname="tests.core.test_lan_console" name="test_no_acceptance_file_means_no_synthetic_runs" time="0.003" /><testcase classname="tests.core.test_lan_execution" name="test_acceptance_permits_keep_narrow_process_limits[isolation]" time="0.023" /><testcase classname="tests.core.test_lan_execution" name="test_acceptance_permits_keep_narrow_process_limits[output]" time="0.004" /><testcase classname="tests.core.test_lan_execution" name="test_acceptance_permits_keep_narrow_process_limits[fail]" time="0.004" /><testcase classname="tests.core.test_lan_execution" name="test_acceptance_permits_keep_narrow_process_limits[sleep]" time="0.003" /><testcase classname="tests.core.test_lan_migration_plan" name="test_pending_includes_unapplied_merge_branch[heads0-pending0]" time="0.005" /><testcase classname="tests.core.test_lan_migration_plan" name="test_pending_includes_unapplied_merge_branch[heads1-pending1]" time="0.005" /><testcase classname="tests.core.test_lan_migration_plan" name="test_pending_includes_unapplied_merge_branch[heads2-pending2]" time="0.006" /><testcase classname="tests.core.test_lan_migration_plan" name="test_pending_includes_unapplied_merge_branch[heads3-pending3]" time="0.006" /><testcase classname="tests.core.test_lan_migration_plan" name="test_inconsistent_metadata_refused[heads0]" time="0.011" /><testcase classname="tests.core.test_lan_migration_plan" name="test_inconsistent_metadata_refused[heads1]" time="0.008" /><testcase classname="tests.core.test_lan_migration_plan" name="test_inconsistent_metadata_refused[heads2]" time="0.008" /><testcase classname="tests.core.test_lan_migration_plan" name="test_inconsistent_metadata_refused[heads3]" time="0.013" /><testcase classname="tests.core.test_lan_migration_plan" name="test_cli_separates_database_and_internal_failures[denied-migration_metadata_refused-2]" time="0.011" /><testcase classname="tests.core.test_lan_migration_plan" name="test_cli_separates_database_and_internal_failures[db-migration_metadata_database_error-3]" time="0.005" /><testcase classname="tests.core.test_lan_migration_plan" name="test_cli_separates_database_and_internal_failures[type-migration_metadata_internal_error-4]" time="0.005" /><testcase classname="tests.core.test_lan_migration_plan" name="test_cli_separates_database_and_internal_failures[runtime-migration_metadata_internal_error-4]" time="0.005" /><testcase classname="tests.core.test_lan_migration_plan" name="test_migration_exit_codes_are_one_to_one_with_labels" time="0.001" /><testcase classname="tests.core.test_lan_migration_plan" name="test_real_postgres_column_grants" time="6.125" /><testcase classname="tests.core.test_lan_pki" name="test_worker_keeps_private_key_and_operator_accepts_only_its_public_csr" time="0.015" /><testcase classname="tests.core.test_lan_pki" name="test_rejects_unassigned_or_unsafe_certificate_request[wrong-node]" time="0.001" /><testcase classname="tests.core.test_lan_pki" name="test_rejects_unassigned_or_unsafe_certificate_request[requested-ca]" time="0.004" /><testcase classname="tests.core.test_lan_pki" name="test_rejects_unassigned_or_unsafe_certificate_request[wrong-key-type]" time="0.069" /><testcase classname="tests.core.test_lan_pki" name="test_rejects_unassigned_or_unsafe_certificate_request[damaged-signature]" time="0.001" /><testcase classname="tests.core.test_lan_pki" name="test_rejects_unassigned_or_unsafe_certificate_request[oversized]" time="0.001" /><testcase classname="tests.core.test_lan_pki" name="test_issued_certificate_has_only_operator_selected_identity_and_server_usage" time="0.005" /><testcase classname="tests.core.test_lan_pki" name="test_generated_pki_passes_strict_tls_verification_in_both_directions" time="0.104" /><testcase classname="tests.core.test_lan_replace" name="test_backup_only_permits_name_and_restart_policy_change[None]" time="0.014" /><testcase classname="tests.core.test_lan_replace" name="test_backup_only_permits_name_and_restart_policy_change[identity]" time="0.014" /><testcase classname="tests.core.test_lan_replace" name="test_backup_only_permits_name_and_restart_policy_change[running]" time="0.013" /><testcase classname="tests.core.test_lan_replace" name="test_backup_only_permits_name_and_restart_policy_change[image]" time="0.014" /><testcase classname="tests.core.test_lan_replace" name="test_backup_only_permits_name_and_restart_policy_change[mount]" time="0.011" /><testcase classname="tests.core.test_lan_replace" name="test_backup_only_permits_name_and_restart_policy_change[args]" time="0.013" /><testcase classname="tests.core.test_lan_replace" name="test_protected_digest_keeps_private_key_changes_visible" time="0.017" /><testcase classname="tests.core.test_lan_replace" name="test_replacement_container_requires_exact_transaction_and_limits[None]" time="0.013" /><testcase classname="tests.core.test_lan_replace" name="test_replacement_container_requires_exact_transaction_and_limits[ownership]" time="0.014" /><testcase classname="tests.core.test_lan_replace" name="test_replacement_container_requires_exact_transaction_and_limits[privileged]" time="0.018" /><testcase classname="tests.core.test_lan_replace" name="test_replacement_container_requires_exact_transaction_and_limits[restart]" time="0.012" /><testcase classname="tests.core.test_lan_replace" name="test_replacement_container_requires_exact_transaction_and_limits[port]" time="0.014" /><testcase classname="tests.core.test_lan_replace" name="test_replacement_container_requires_exact_transaction_and_limits[capabilities]" time="0.015" /><testcase classname="tests.core.test_lan_replace" name="test_replacement_container_requires_exact_transaction_and_limits[memory]" time="0.013" /><testcase classname="tests.core.test_lan_replace" name="test_replacement_container_requires_exact_transaction_and_limits[identifier]" time="0.013" /><testcase classname="tests.core.test_lan_replace" name="test_oversized_recovery_record_is_rejected_before_writing" time="0.003" /><testcase classname="tests.core.test_lan_replace" name="test_volume_timestamp_is_not_identity_but_other_fields_remain_bound[CreatedAt]" time="0.001" /><testcase classname="tests.core.test_lan_replace" name="test_volume_timestamp_is_not_identity_but_other_fields_remain_bound[Name]" time="0.000" /><testcase classname="tests.core.test_lan_replace" name="test_volume_timestamp_is_not_identity_but_other_fields_remain_bound[Driver]" time="0.001" /><testcase classname="tests.core.test_lan_replace" name="test_volume_timestamp_is_not_identity_but_other_fields_remain_bound[Labels]" time="0.000" /><testcase classname="tests.core.test_lan_replace" name="test_volume_timestamp_is_not_identity_but_other_fields_remain_bound[Mountpoint]" time="0.001" /><testcase classname="tests.core.test_lan_replacement" name="test_only_clean_stopped_owned_observation_container[None]" time="0.012" /><testcase classname="tests.core.test_lan_replacement" name="test_only_clean_stopped_owned_observation_container[running]" time="0.014" /><testcase classname="tests.core.test_lan_replacement" name="test_only_clean_stopped_owned_observation_container[workload]" time="0.013" /><testcase classname="tests.core.test_lan_replacement" name="test_only_clean_stopped_owned_observation_container[exit]" time="0.011" /><testcase classname="tests.core.test_lan_replacement" name="test_only_clean_stopped_owned_observation_container[oom]" time="0.012" /><testcase classname="tests.core.test_lan_replacement" name="test_only_clean_stopped_owned_observation_container[owner]" time="0.014" /><testcase classname="tests.core.test_lan_replacement" name="test_only_clean_stopped_owned_observation_container[shared]" time="0.011" /><testcase classname="tests.core.test_lan_replacement" name="test_only_clean_stopped_owned_observation_container[identity]" time="0.013" /><testcase classname="tests.core.test_lan_replacement" name="test_only_clean_stopped_owned_observation_container[extra]" time="0.014" /><testcase classname="tests.core.test_lan_replacement" name="test_only_clean_stopped_owned_observation_container[writable]" time="0.011" /><testcase classname="tests.core.test_lan_replacement" name="test_state_archive_rejects_identity_and_unsafe_entries[epoch]" time="0.012" /><testcase classname="tests.core.test_lan_replacement" name="test_state_archive_rejects_identity_and_unsafe_entries[missing]" time="0.013" /><testcase classname="tests.core.test_lan_replacement" name="test_state_archive_rejects_identity_and_unsafe_entries[traversal]" time="0.012" /><testcase classname="tests.core.test_lan_replacement" name="test_state_archive_rejects_identity_and_unsafe_entries[permissions]" time="0.011" /><testcase classname="tests.core.test_lan_replacement" name="test_state_archive_rejects_identity_and_unsafe_entries[link]" time="0.013" /><testcase classname="tests.core.test_lan_replacement" name="test_state_archive_rejects_identity_and_unsafe_entries[duplicate]" time="0.012" /><testcase classname="tests.core.test_lan_replacement" name="test_state_fingerprint_binds_private_bytes_without_returning_them" time="0.014" /><testcase classname="tests.core.test_lan_replacement" name="test_receipt_recheck_rejects_every_stale_boundary[None]" time="0.013" /><testcase classname="tests.core.test_lan_replacement" name="test_receipt_recheck_rejects_every_stale_boundary[container]" time="0.013" /><testcase classname="tests.core.test_lan_replacement" name="test_receipt_recheck_rejects_every_stale_boundary[state]" time="0.012" /><testcase classname="tests.core.test_lan_replacement" name="test_receipt_recheck_rejects_every_stale_boundary[volume]" time="0.011" /><testcase classname="tests.core.test_lan_replacement" name="test_receipt_recheck_rejects_every_stale_boundary[proposal]" time="0.012" /><testcase classname="tests.core.test_lan_replacement" name="test_receipt_recheck_rejects_every_stale_boundary[authorized]" time="0.013" /><testcase classname="tests.core.test_lan_replacement" name="test_capture_detects_changes_during_inspection[None]" time="0.017" /><testcase classname="tests.core.test_lan_replacement" name="test_capture_detects_changes_during_inspection[state-write]" time="0.020" /><testcase classname="tests.core.test_lan_replacement" name="test_capture_detects_changes_during_inspection[container-restart]" time="0.021" /><testcase classname="tests.core.test_lan_replacement" name="test_capture_detects_changes_during_inspection[volume-replaced]" time="0.017" /><testcase classname="tests.core.test_lan_replacement" name="test_capture_detects_changes_during_inspection[mount-order]" time="0.020" /><testcase classname="tests.core.test_lan_restore_upgrade" name="test_preservation_rejects_loss_or_rewrite[missing]" time="0.001" /><testcase classname="tests.core.test_lan_restore_upgrade" name="test_preservation_rejects_loss_or_rewrite[row-count]" time="0.001" /><testcase classname="tests.core.test_lan_restore_upgrade" name="test_preservation_rejects_loss_or_rewrite[content]" time="0.001" /><testcase classname="tests.core.test_lan_restore_upgrade" name="test_preservation_rejects_loss_or_rewrite[revision-before-upgrade]" time="0.001" /><testcase classname="tests.core.test_lan_restore_upgrade" name="test_only_revision_rows_exempted_after_upgrade" time="0.001" /><testcase classname="tests.core.test_lan_restore_upgrade" name="test_saved_backup_boundaries[none]" time="0.234" /><testcase classname="tests.core.test_lan_restore_upgrade" name="test_saved_backup_boundaries[archive]" time="0.364" /><testcase classname="tests.core.test_lan_restore_upgrade" name="test_saved_backup_boundaries[manifest]" time="0.344" /><testcase classname="tests.core.test_lan_restore_upgrade" name="test_saved_backup_boundaries[missing]" time="0.199" /><testcase classname="tests.core.test_lan_restore_upgrade" name="test_saved_backup_boundaries[hardlink]" time="0.188" /><testcase classname="tests.core.test_lan_restore_upgrade" name="test_saved_backup_boundaries[existing]" time="0.387" /><testcase classname="tests.core.test_lan_restore_upgrade" name="test_rehearsal_rejects_existing_success_output" time="0.018" /><testcase classname="tests.core.test_lan_restore_upgrade" name="test_failed_rehearsal_writes_separate_failure_receipt" time="0.020" /><testcase classname="tests.core.test_lan_storage" name="test_mount_is_fixed_readonly_nonrecursive_and_one_argument" time="0.031" /><testcase classname="tests.core.test_lan_storage" name="test_policy_rejects_wrong_scope_and_mount_shadowing[tenant]" time="0.031" /><testcase classname="tests.core.test_lan_storage" name="test_policy_rejects_wrong_scope_and_mount_shadowing[epoch]" time="0.026" /><testcase classname="tests.core.test_lan_storage" name="test_policy_rejects_wrong_scope_and_mount_shadowing[node]" time="0.031" /><testcase classname="tests.core.test_lan_storage" name="test_policy_rejects_wrong_scope_and_mount_shadowing[endpoint]" time="0.035" /><testcase classname="tests.core.test_lan_storage" name="test_policy_rejects_wrong_scope_and_mount_shadowing[root]" time="0.025" /><testcase classname="tests.core.test_lan_storage" name="test_policy_rejects_wrong_scope_and_mount_shadowing[boolean-version]" time="0.023" /><testcase classname="tests.core.test_lan_storage" name="test_policy_rejects_wrong_scope_and_mount_shadowing[unknown-key]" time="0.024" /><testcase classname="tests.core.test_lan_storage" name="test_policy_rejects_wrong_scope_and_mount_shadowing[hash]" time="0.018" /><testcase classname="tests.core.test_lan_storage" name="test_policy_rejects_wrong_scope_and_mount_shadowing[duplicate]" time="0.025" /><testcase classname="tests.core.test_lan_storage" name="test_source_scope_and_changes_are_rejected[root]" time="0.017" /><testcase classname="tests.core.test_lan_storage" name="test_source_scope_and_changes_are_rejected[private]" time="0.018" /><testcase classname="tests.core.test_lan_storage" name="test_source_scope_and_changes_are_rejected[parent]" time="0.018" /><testcase classname="tests.core.test_lan_storage" name="test_source_scope_and_changes_are_rejected[comma]" time="0.019" /><testcase classname="tests.core.test_lan_storage" name="test_source_scope_and_changes_are_rejected[relative]" time="0.016" /><testcase classname="tests.core.test_lan_storage" name="test_source_scope_and_changes_are_rejected[replaced]" time="0.019" /><testcase classname="tests.core.test_lan_storage" name="test_container_substitution_never_passes[writable]" time="0.015" /><testcase classname="tests.core.test_lan_storage" name="test_container_substitution_never_passes[recursive]" time="0.018" /><testcase classname="tests.core.test_lan_storage" name="test_container_substitution_never_passes[other-source]" time="0.018" /><testcase classname="tests.core.test_lan_storage" name="test_container_substitution_never_passes[extra-mount]" time="0.014" /><testcase classname="tests.core.test_lan_storage" name="test_container_substitution_never_passes[image]" time="0.016" /><testcase classname="tests.core.test_lan_storage" name="test_container_substitution_never_passes[privileged]" time="0.019" /><testcase classname="tests.core.test_lan_storage" name="test_container_substitution_never_passes[restart]" time="0.015" /><testcase classname="tests.core.test_lan_storage" name="test_container_substitution_never_passes[wrong-node]" time="0.016" /><testcase classname="tests.core.test_lan_storage" name="test_container_substitution_never_passes[policy-path]" time="0.014" /><testcase classname="tests.core.test_lan_storage" name="test_policy_archive_and_return_copy_match_without_touching_keys" time="0.031" /><testcase classname="tests.core.test_lan_storage" name="test_receipt_matches_exact_configuration_and_is_not_operational_acceptance[None]" time="0.015" /><testcase classname="tests.core.test_lan_storage" name="test_receipt_matches_exact_configuration_and_is_not_operational_acceptance[digest]" time="0.013" /><testcase classname="tests.core.test_lan_storage" name="test_receipt_matches_exact_configuration_and_is_not_operational_acceptance[scope]" time="0.013" /><testcase classname="tests.core.test_lan_storage" name="test_receipt_matches_exact_configuration_and_is_not_operational_acceptance[duplicate]" time="0.015" /><testcase classname="tests.core.test_lan_storage" name="test_receipt_matches_exact_configuration_and_is_not_operational_acceptance[restart]" time="0.016" /><testcase classname="tests.core.test_lan_storage" name="test_receipt_matches_exact_configuration_and_is_not_operational_acceptance[acceptance]" time="0.018" /><testcase classname="tests.core.test_lan_storage" name="test_receipt_matches_exact_configuration_and_is_not_operational_acceptance[version]" time="0.013" /><testcase classname="tests.core.test_lan_storage_readiness" name="test_bundle_delivery_boundaries[missing]" time="0.005" /><testcase classname="tests.core.test_lan_storage_readiness" name="test_bundle_delivery_boundaries[old]" time="0.024" /><testcase classname="tests.core.test_lan_storage_readiness" name="test_bundle_delivery_boundaries[checksum]" time="0.015" /><testcase classname="tests.core.test_lan_storage_readiness" name="test_bundle_delivery_boundaries[duplicate]" time="0.025" /><testcase classname="tests.core.test_lan_storage_readiness" name="test_bundle_delivery_boundaries[complete]" time="0.017" /><testcase classname="tests.core.test_lan_storage_readiness" name="test_live_failures_remain_separate_from_unknowns" time="0.000" /><testcase classname="tests.core.test_lan_worker_config" name="test_different_store_identifier_is_accepted_only_for_identical_image_content" time="0.000" /><testcase classname="tests.core.test_lan_worker_config" name="test_named_image_cannot_substitute_different_content[layer]" time="0.000" /><testcase classname="tests.core.test_lan_worker_config" name="test_named_image_cannot_substitute_different_content[entrypoint]" time="0.000" /><testcase classname="tests.core.test_lan_worker_config" name="test_named_image_cannot_substitute_different_content[env]" time="0.000" /><testcase classname="tests.core.test_lan_worker_config" name="test_named_image_cannot_substitute_different_content[healthcheck]" time="0.000" /><testcase classname="tests.core.test_lan_worker_config" name="test_named_image_cannot_substitute_different_content[architecture]" time="0.001" /><testcase classname="tests.core.test_lan_worker_config" name="test_named_image_cannot_substitute_different_content[invalid-id]" time="0.000" /><testcase classname="tests.core.test_lan_worker_config" name="test_installer_metadata_upgrade_preserves_existing_identity" time="0.000" /><testcase classname="tests.core.test_lan_worker_config" name="test_credential_copy_uses_container_owner_and_keeps_host_bytes" time="0.015" /><testcase classname="tests.core.test_lan_worker_config" name="test_unsafe_credentials_are_rejected_before_docker_copy[missing]" time="0.012" /><testcase classname="tests.core.test_lan_worker_config" name="test_unsafe_credentials_are_rejected_before_docker_copy[directory]" time="0.010" /><testcase classname="tests.core.test_lan_worker_config" name="test_unsafe_credentials_are_rejected_before_docker_copy[oversized]" time="0.010" /><testcase classname="tests.core.test_lan_worker_config" name="test_unsafe_credentials_are_rejected_before_docker_copy[bad-public-key]" time="0.011" /><testcase classname="tests.core.test_lan_worker_config" name="test_repair_only_accepts_assigned_stopped_container[None]" time="0.000" /><testcase classname="tests.core.test_lan_worker_config" name="test_repair_only_accepts_assigned_stopped_container[node]" time="0.000" /><testcase classname="tests.core.test_lan_worker_config" name="test_repair_only_accepts_assigned_stopped_container[epoch]" time="0.000" /><testcase classname="tests.core.test_lan_worker_config" name="test_repair_only_accepts_assigned_stopped_container[volume]" time="0.000" /><testcase classname="tests.core.test_lan_worker_config" name="test_repair_only_accepts_assigned_stopped_container[running]" time="0.001" /><testcase classname="tests.core.test_lan_worker_config" name="test_repair_only_accepts_assigned_stopped_container[path]" time="0.000" /><testcase classname="tests.core.test_lan_workspace_upgrade" name="test_upgrade_rejects_unowned_or_ambiguous_target_without_mutation[identity]" time="0.001" /><testcase classname="tests.core.test_lan_workspace_upgrade" name="test_upgrade_rejects_unowned_or_ambiguous_target_without_mutation[volume]" time="0.001" /><testcase classname="tests.core.test_lan_workspace_upgrade" name="test_upgrade_rejects_unowned_or_ambiguous_target_without_mutation[private-path]" time="0.001" /><testcase classname="tests.core.test_lan_workspace_upgrade" name="test_upgrade_rejects_unowned_or_ambiguous_target_without_mutation[duplicate-profile]" time="0.001" /><testcase classname="tests.core.test_lan_workspace_upgrade" name="test_upgrade_rejects_unowned_or_ambiguous_target_without_mutation[unknown-profile]" time="0.001" /><testcase classname="tests.core.test_lan_workspace_upgrade" name="test_upgrade_rejects_unowned_or_ambiguous_target_without_mutation[absent]" time="0.001" /><testcase classname="tests.core.test_lan_workspace_upgrade" name="test_configuration_check_does_not_change_live_inspection" time="0.001" /><testcase classname="tests.core.test_lan_workspace_upgrade" name="test_owned_workload_blocks_upgrade_even_if_stopped" time="0.001" /><testcase classname="tests.core.test_lan_workspace_upgrade" name="test_completed_upgrade_refuses_automatic_downgrade" time="0.004" /><testcase classname="tests.core.test_lan_workspace_upgrade" name="test_archive_corruption_rejected_before_load" time="0.011" /><testcase classname="tests.core.test_launcher_failure_boundaries" name="test_live_console_docker_start_failure_stops_before_listeners" time="0.012"><skipped type="pytest.skip" message="launcher prerequisites absent; Docker shim injection is not reached: C:\Project\SaintVision-Invion\.worktrees\claude-cx01\.venv\Scripts\python.exe, C:\Project\SaintVision-Invion\.worktrees\claude-cx01\apps\web\node_modules\vite\bin\vite.js">C:\Project\SaintVision-Invion\.worktrees\claude-cx01\tests\core\test_launcher_failure_boundaries.py:32: launcher prerequisites absent; Docker shim injection is not reached: C:\Project\SaintVision-Invion\.worktrees\claude-cx01\.venv\Scripts\python.exe, C:\Project\SaintVision-Invion\.worktrees\claude-cx01\apps\web\node_modules\vite\bin\vite.js</skipped></testcase><testcase classname="tests.core.test_model_execution_registry" name="test_frozen_registry_cannot_drop_or_change_binding[missing]" time="0.001" /><testcase classname="tests.core.test_model_execution_registry" name="test_frozen_registry_cannot_drop_or_change_binding[changed]" time="0.001" /><testcase classname="tests.core.test_model_execution_registry" name="test_frozen_registry_cannot_drop_or_change_binding[partial]" time="0.001" /><testcase classname="tests.core.test_model_execution_registry" name="test_frozen_registry_cannot_drop_or_change_binding[malformed]" time="0.001" /><testcase classname="tests.core.test_model_execution_registry" name="test_frozen_registry_cannot_drop_or_change_binding[noncanonical]" time="0.001" /><testcase classname="tests.core.test_model_execution_registry" name="test_registered_input_does_not_survive_missing_operator_policy" time="0.000" /><testcase classname="tests.core.test_model_execution_registry" name="test_bound_database_preserves_operator_policy" time="0.000" /><testcase classname="tests.core.test_model_manifest" name="test_schema_accepts_exact_database_shard_limit" time="0.126" /><testcase classname="tests.core.test_model_manifest" name="test_schema_rejects_excess_shards_before_reading_files" time="0.238" /><testcase classname="tests.core.test_model_manifest" name="test_real_shards_verify_in_order_and_original_body_is_not_aliased" time="0.021" /><testcase classname="tests.core.test_model_manifest" name="test_manifest_rejects_ambiguous_or_unbounded_authority[gap]" time="0.012" /><testcase classname="tests.core.test_model_manifest" name="test_manifest_rejects_ambiguous_or_unbounded_authority[overlap]" time="0.009" /><testcase classname="tests.core.test_model_manifest" name="test_manifest_rejects_ambiguous_or_unbounded_authority[order]" time="0.008" /><testcase classname="tests.core.test_model_manifest" name="test_manifest_rejects_ambiguous_or_unbounded_authority[total]" time="0.007" /><testcase classname="tests.core.test_model_manifest" name="test_manifest_rejects_ambiguous_or_unbounded_authority[missing-replica]" time="0.008" /><testcase classname="tests.core.test_model_manifest" name="test_manifest_rejects_ambiguous_or_unbounded_authority[duplicate-replica]" time="0.011" /><testcase classname="tests.core.test_model_manifest" name="test_manifest_rejects_ambiguous_or_unbounded_authority[wrong-index]" time="0.006" /><testcase classname="tests.core.test_model_manifest" name="test_manifest_rejects_ambiguous_or_unbounded_authority[raw-key]" time="0.006" /><testcase classname="tests.core.test_model_manifest" name="test_manifest_rejects_ambiguous_or_unbounded_authority[extra-field]" time="0.006" /><testcase classname="tests.core.test_model_manifest" name="test_actual_byte_verification_refuses_faults[corrupt]" time="0.010" /><testcase classname="tests.core.test_model_manifest" name="test_actual_byte_verification_refuses_faults[truncated]" time="0.009" /><testcase classname="tests.core.test_model_manifest" name="test_actual_byte_verification_refuses_faults[oversized]" time="0.007" /><testcase classname="tests.core.test_model_manifest" name="test_actual_byte_verification_refuses_faults[wrong-whole-hash]" time="0.012" /><testcase classname="tests.core.test_model_manifest" name="test_actual_byte_verification_refuses_faults[unverified]" time="0.006" /><testcase classname="tests.core.test_model_manifest" name="test_actual_byte_verification_refuses_faults[missing-root]" time="0.007" /><testcase classname="tests.core.test_model_manifest" name="test_actual_byte_verification_refuses_faults[traversal]" time="0.005" /><testcase classname="tests.core.test_model_manifest" name="test_actual_byte_verification_refuses_faults[wrong-version]" time="0.006" /><testcase classname="tests.core.test_model_manifest" name="test_actual_byte_verification_refuses_faults[budget]" time="0.006" /><testcase classname="tests.core.test_model_manifest" name="test_hashes_stream_across_the_chunk_boundary" time="0.025" /><testcase classname="tests.core.test_model_manifest" name="test_vf_model_uri_is_explicit_and_does_not_change_legacy_uris" time="0.001" /><testcase classname="tests.core.test_model_manifest" name="test_manifest_cannot_turn_a_mutable_alias_into_an_immutable_version" time="0.006" /><testcase classname="tests.core.test_model_manifest" name="test_encryption_without_a_configured_provider_never_claims_verified_bytes" time="0.007" /><testcase classname="tests.core.test_model_manifest" name="test_frozen_shards_are_verified_bytes_and_remain_stable" time="0.029" /><testcase classname="tests.core.test_model_manifest" name="test_model_freeze_cannot_expand_node_input_budget[True]" time="0.006" /><testcase classname="tests.core.test_model_manifest" name="test_model_freeze_cannot_expand_node_input_budget[0]" time="0.005" /><testcase classname="tests.core.test_model_manifest" name="test_model_freeze_cannot_expand_node_input_budget[1]" time="0.007" /><testcase classname="tests.core.test_model_manifest" name="test_model_freeze_cannot_expand_node_input_budget[32769]" time="0.006" /><testcase classname="tests.core.test_model_registry_config" name="test_policy_matches_trusted_worker_policy_and_is_order_independent" time="0.000" /><testcase classname="tests.core.test_model_registry_config" name="test_invalid_policy_rejected[None-Explicit registry policy object required]" time="0.001" /><testcase classname="tests.core.test_model_registry_config" name="test_invalid_policy_rejected[False-Explicit registry policy object required]" time="0.001" /><testcase classname="tests.core.test_model_registry_config" name="test_invalid_policy_rejected[value2-Explicit registry policy object required]" time="0.000" /><testcase classname="tests.core.test_model_registry_config" name="test_invalid_policy_rejected[value3-Explicit registry policy object required]" time="0.000" /><testcase classname="tests.core.test_model_registry_config" name="test_invalid_policy_rejected[value4-Explicit bounded registry binding policy required]" time="0.001" /><testcase classname="tests.core.test_model_registry_config" name="test_invalid_policy_rejected[value5-Explicit bounded registry binding policy required]" time="0.001" /><testcase classname="tests.core.test_model_registry_config" name="test_invalid_policy_rejected[value6-Explicit bounded registry binding policy required]" time="0.001" /><testcase classname="tests.core.test_model_registry_config" name="test_invalid_policy_rejected[value7-Bounded registry policy allowlist required]" time="0.001" /><testcase classname="tests.core.test_model_registry_config" name="test_invalid_policy_rejected[value8-Bounded registry policy allowlist required]" time="0.000" /><testcase classname="tests.core.test_model_registry_config" name="test_invalid_policy_rejected[value9-Bounded registry policy allowlist required]" time="0.001" /><testcase classname="tests.core.test_model_registry_config" name="test_invalid_policy_rejected[value10-Duplicate registry policy pair]" time="0.001" /><testcase classname="tests.core.test_model_registry_config" name="test_invalid_policy_rejected[value11-Exact license/classification pair required]" time="0.000" /><testcase classname="tests.core.test_model_registry_config" name="test_invalid_policy_rejected[value12-Bounded license/classification strings required]" time="0.001" /><testcase classname="tests.core.test_model_registry_config" name="test_invalid_policy_rejected[value13-Bounded license/classification strings required]" time="0.001" /><testcase classname="tests.core.test_model_registry_config" name="test_invalid_policy_rejected[value14-Bounded license/classification strings required]" time="0.002" /><testcase classname="tests.core.test_model_registry_config" name="test_invalid_policy_rejected[value15-Exact license/classification pair required]" time="0.002" /><testcase classname="tests.core.test_model_registry_config" name="test_factory_passes_policy_to_shared_database" time="0.020" /><testcase classname="tests.core.test_model_registry_config" name="test_factory_keeps_unconfigured_legacy_mode_explicit" time="0.012" /><testcase classname="tests.core.test_model_registry_config" name="test_invalid_present_policy_never_falls_back_or_starts_service[None]" time="0.005" /><testcase classname="tests.core.test_model_registry_config" name="test_invalid_present_policy_never_falls_back_or_starts_service[value1]" time="0.007" /><testcase classname="tests.core.test_model_registry_config" name="test_invalid_present_policy_never_falls_back_or_starts_service[value2]" time="0.010" /><testcase classname="tests.core.test_model_registry_config" name="test_invalid_present_policy_never_falls_back_or_starts_service[value3]" time="0.014" /><testcase classname="tests.core.test_model_remote" name="test_exact_bytes_pinned_channels_and_immutable_receipt" time="0.003" /><testcase classname="tests.core.test_model_remote" name="test_wrong_channel_rejected_before_network[tenant_id-63ee4230-a78e-463c-b6b7-11c74d8ef224]" time="0.002" /><testcase classname="tests.core.test_model_remote" name="test_wrong_channel_rejected_before_network[recovery_epoch-234ad15a-102f-4099-9e17-3e49c6ee4463]" time="0.001" /><testcase classname="tests.core.test_model_remote" name="test_wrong_channel_rejected_before_network[node_id-nod_01M30YFRB2Y386EJDR3RP3WKCD]" time="0.002" /><testcase classname="tests.core.test_model_remote" name="test_wrong_channel_rejected_before_network[version-0]" time="0.002" /><testcase classname="tests.core.test_model_remote" name="test_wrong_channel_rejected_before_network[version-True]" time="0.002" /><testcase classname="tests.core.test_model_remote" name="test_wrong_channel_rejected_before_network[endpoint-http://node.invalid]" time="0.002" /><testcase classname="tests.core.test_model_remote" name="test_wrong_channel_rejected_before_network[endpoint-https://user:secret@node.invalid]" time="0.002" /><testcase classname="tests.core.test_model_remote" name="test_wrong_channel_rejected_before_network[certificate_sha256-invalid]" time="0.001" /><testcase classname="tests.core.test_model_remote" name="test_late_location_mismatch_never_reads_first_shard[location_version-2]" time="0.001" /><testcase classname="tests.core.test_model_remote" name="test_late_location_mismatch_never_reads_first_shard[node_id-nod_01M30YFRB2TPCRW5X4YBF9Y4WR]" time="0.002" /><testcase classname="tests.core.test_model_remote" name="test_late_location_mismatch_never_reads_first_shard[sha256-0000000000000000000000000000000000000000000000000000000000000000]" time="0.003" /><testcase classname="tests.core.test_model_remote" name="test_late_location_mismatch_never_reads_first_shard[byte_size-100]" time="0.001" /><testcase classname="tests.core.test_model_remote" name="test_preflight_budgets_and_unique_identity[duplicate-location]" time="0.002" /><testcase classname="tests.core.test_model_remote" name="test_preflight_budgets_and_unique_identity[missing-location]" time="0.001" /><testcase classname="tests.core.test_model_remote" name="test_preflight_budgets_and_unique_identity[duplicate-channel]" time="0.002" /><testcase classname="tests.core.test_model_remote" name="test_preflight_budgets_and_unique_identity[too-large]" time="0.001" /><testcase classname="tests.core.test_model_remote" name="test_preflight_budgets_and_unique_identity[too-many]" time="0.003" /><testcase classname="tests.core.test_model_remote" name="test_failed_read_returns_no_receipt_and_never_retries[nonce]" time="0.002" /><testcase classname="tests.core.test_model_remote" name="test_failed_read_returns_no_receipt_and_never_retries[self-consistent-forgery]" time="0.002" /><testcase classname="tests.core.test_model_remote" name="test_failed_read_returns_no_receipt_and_never_retries[timeout]" time="0.002" /><testcase classname="tests.core.test_model_remote" name="test_failed_read_returns_no_receipt_and_never_retries[whole-hash]" time="0.002" /><testcase classname="tests.core.test_model_remote" name="test_unconfigured_transport_rejected" time="0.000" /><testcase classname="tests.core.test_model_remote" name="test_reader_over_real_loopback_mtls[None]" time="0.572" /><testcase classname="tests.core.test_model_remote" name="test_reader_over_real_loopback_mtls[pin]" time="0.051" /><testcase classname="tests.core.test_model_remote" name="test_reader_over_real_loopback_mtls[redirect]" time="0.549" /><testcase classname="tests.core.test_model_remote" name="test_every_replica_checked_even_when_one_good_copy_exists" time="0.003" /><testcase classname="tests.core.test_model_source" name="test_private_metadata_only_bound_by_hash_in_workspace" time="0.001" /><testcase classname="tests.core.test_model_source" name="test_remote_provenance_cannot_downgrade_or_be_rebound[drop-channels]" time="0.001" /><testcase classname="tests.core.test_model_source" name="test_remote_provenance_cannot_downgrade_or_be_rebound[drop-one]" time="0.001" /><testcase classname="tests.core.test_model_source" name="test_remote_provenance_cannot_downgrade_or_be_rebound[drop-marker]" time="0.001" /><testcase classname="tests.core.test_model_source" name="test_remote_provenance_cannot_downgrade_or_be_rebound[changed-version]" time="0.001" /><testcase classname="tests.core.test_model_source" name="test_remote_provenance_cannot_downgrade_or_be_rebound[foreign-tenant]" time="0.001" /><testcase classname="tests.core.test_model_source" name="test_remote_provenance_cannot_downgrade_or_be_rebound[foreign-epoch]" time="0.001" /><testcase classname="tests.core.test_model_source" name="test_legacy_local_snapshot_has_no_remote_authority" time="0.001" /><testcase classname="tests.core.test_model_source" name="test_remote_prepare_binds_provenance_to_approval_digest_outside_transaction" time="0.006" /><testcase classname="tests.core.test_model_source" name="test_mutation_during_network_io_cannot_commit[channel]" time="0.004" /><testcase classname="tests.core.test_model_source" name="test_mutation_during_network_io_cannot_commit[location]" time="0.003" /><testcase classname="tests.core.test_model_source" name="test_mutation_during_network_io_cannot_commit[scope-denied]" time="0.002" /><testcase classname="tests.core.test_model_source" name="test_mutation_during_network_io_cannot_commit[receipt]" time="0.002" /><testcase classname="tests.core.test_model_source" name="test_admission_rechecks_remote_authority_before_returning_bytes[None]" time="0.003" /><testcase classname="tests.core.test_model_source" name="test_admission_rechecks_remote_authority_before_returning_bytes[rotated]" time="0.003" /><testcase classname="tests.core.test_model_source" name="test_admission_rechecks_remote_authority_before_returning_bytes[revoked]" time="0.004" /><testcase classname="tests.core.test_model_source" name="test_admission_rechecks_remote_authority_before_returning_bytes[location]" time="0.004" /><testcase classname="tests.core.test_model_source" name="test_admission_rechecks_remote_authority_before_returning_bytes[downgrade]" time="0.003" /><testcase classname="tests.core.test_model_source" name="test_admission_rechecks_remote_authority_before_returning_bytes[approval-current]" time="0.006" /><testcase classname="tests.core.test_model_source" name="test_admission_rechecks_remote_authority_before_returning_bytes[approval-revoked]" time="0.005" /><testcase classname="tests.core.test_model_source" name="test_channel_capture_checks_scope_enabled_and_expiry[None]" time="0.001" /><testcase classname="tests.core.test_model_source" name="test_channel_capture_checks_scope_enabled_and_expiry[missing]" time="0.001" /><testcase classname="tests.core.test_model_source" name="test_channel_capture_checks_scope_enabled_and_expiry[tenant]" time="0.001" /><testcase classname="tests.core.test_model_source" name="test_channel_capture_checks_scope_enabled_and_expiry[epoch]" time="0.001" /><testcase classname="tests.core.test_model_source" name="test_channel_capture_checks_scope_enabled_and_expiry[disabled]" time="0.001" /><testcase classname="tests.core.test_model_source" name="test_channel_capture_checks_scope_enabled_and_expiry[expired]" time="0.001" /><testcase classname="tests.core.test_node_chunk" name="test_exact_tail_and_full_chunk[1]" time="0.001" /><testcase classname="tests.core.test_node_chunk" name="test_exact_tail_and_full_chunk[262143]" time="0.004" /><testcase classname="tests.core.test_node_chunk" name="test_exact_tail_and_full_chunk[262144]" time="0.004" /><testcase classname="tests.core.test_node_chunk" name="test_scope_replay_rejected[sha256-cccccccccccccccccccccccccccccccccccccccccccccccccccccccccccccccc]" time="0.002" /><testcase classname="tests.core.test_node_chunk" name="test_scope_replay_rejected[nonce-cccccccccccccccccccccccccccccccccccccccccccccccccccccccccccccccc]" time="0.001" /><testcase classname="tests.core.test_node_chunk" name="test_scope_replay_rejected[offset-1]" time="0.001" /><testcase classname="tests.core.test_node_chunk" name="test_scope_replay_rejected[sizeBytes-2]" time="0.001" /><testcase classname="tests.core.test_node_chunk" name="test_bytes_must_match_exact_range_and_canonical_encoding[short]" time="0.001" /><testcase classname="tests.core.test_node_chunk" name="test_bytes_must_match_exact_range_and_canonical_encoding[long]" time="0.001" /><testcase classname="tests.core.test_node_chunk" name="test_bytes_must_match_exact_range_and_canonical_encoding[hash]" time="0.002" /><testcase classname="tests.core.test_node_chunk" name="test_bytes_must_match_exact_range_and_canonical_encoding[invalid]" time="0.001" /><testcase classname="tests.core.test_node_chunk" name="test_bytes_must_match_exact_range_and_canonical_encoding[pad-bits]" time="0.001" /><testcase classname="tests.core.test_node_chunk" name="test_empty_or_past_end_range_is_not_byte_evidence[0-0]" time="0.001" /><testcase classname="tests.core.test_node_chunk" name="test_empty_or_past_end_range_is_not_byte_evidence[1-1]" time="0.001" /><testcase classname="tests.core.test_node_chunk" name="test_empty_or_past_end_range_is_not_byte_evidence[2-1]" time="0.001" /><testcase classname="tests.core.test_node_chunk" name="test_oversized_response_rejected_before_decode" time="0.002" /><testcase classname="tests.core.test_node_output" name="test_tampered_or_incomplete_streams_never_become_evidence[hash]" time="0.001" /><testcase classname="tests.core.test_node_output" name="test_tampered_or_incomplete_streams_never_become_evidence[size]" time="0.001" /><testcase classname="tests.core.test_node_output" name="test_tampered_or_incomplete_streams_never_become_evidence[truncated]" time="0.001" /><testcase classname="tests.core.test_node_output" name="test_tampered_or_incomplete_streams_never_become_evidence[large]" time="0.002" /><testcase classname="tests.core.test_node_output" name="test_tampered_or_incomplete_streams_never_become_evidence[invalid_stream]" time="0.001" /><testcase classname="tests.core.test_node_output" name="test_tampered_or_incomplete_streams_never_become_evidence[duplicate_keys]" time="0.001" /><testcase classname="tests.core.test_node_tls" name="test_real_python_tls_verifies_identity_before_transmitting" time="0.556" /><testcase classname="tests.core.test_node_tls" name="test_wrong_server_authority_sends_no_application_request[pin]" time="0.567" /><testcase classname="tests.core.test_node_tls" name="test_wrong_server_authority_sends_no_application_request[node]" time="0.579" /><testcase classname="tests.core.test_node_tls" name="test_wrong_server_authority_sends_no_application_request[tenant]" time="0.554" /><testcase classname="tests.core.test_node_tls" name="test_wrong_server_authority_sends_no_application_request[epoch]" time="0.565" /><testcase classname="tests.core.test_node_tls" name="test_wrong_server_authority_sends_no_application_request[ca]" time="0.585" /><testcase classname="tests.core.test_node_tls" name="test_redirect_is_not_followed" time="0.565" /><testcase classname="tests.core.test_node_tls" name="test_capacity_rejection_is_retryable_only_for_observation[/v1/heartbeats]" time="0.563" /><testcase classname="tests.core.test_node_tls" name="test_capacity_rejection_is_retryable_only_for_observation[/v1/snapshots]" time="0.571" /><testcase classname="tests.core.test_node_tls" name="test_capacity_rejection_is_retryable_only_for_observation[/v1/executions]" time="0.677" /><testcase classname="tests.core.test_node_tls" name="test_slow_response_is_bounded_without_reconnect" time="0.586" /><testcase classname="tests.core.test_node_tls" name="test_ambiguous_json_response_is_rejected[{&quot;a&quot;:1,&quot;a&quot;:2}]" time="0.001" /><testcase classname="tests.core.test_node_tls" name="test_ambiguous_json_response_is_rejected[{&quot;a&quot;:NaN}]" time="0.001" /><testcase classname="tests.core.test_node_tls" name="test_ambiguous_json_response_is_rejected[{} {}]" time="0.001" /><testcase classname="tests.core.test_node_tls" name="test_ambiguous_json_response_is_rejected[{&quot;invalid&quot;:]" time="0.000" /><testcase classname="tests.core.test_node_tls" name="test_untrusted_origin_forms_are_rejected[http://127.0.0.1]" time="0.000" /><testcase classname="tests.core.test_node_tls" name="test_untrusted_origin_forms_are_rejected[https://user:secret@host]" time="0.000" /><testcase classname="tests.core.test_node_tls" name="test_untrusted_origin_forms_are_rejected[https://host/path]" time="0.000" /><testcase classname="tests.core.test_node_tls" name="test_untrusted_origin_forms_are_rejected[https://host?token=secret]" time="0.000" /><testcase classname="tests.core.test_node_tls" name="test_untrusted_origin_forms_are_rejected[https://host#fragment]" time="0.001" /><testcase classname="tests.core.test_node_tls" name="test_untrusted_origin_forms_are_rejected[https://host:0]" time="0.001" /><testcase classname="tests.core.test_node_tls" name="test_untrusted_origin_forms_are_rejected[https://host:99999]" time="0.000" /><testcase classname="tests.core.test_node_tls" name="test_untrusted_origin_forms_are_rejected[https://host\n]" time="0.000" /><testcase classname="tests.core.test_node_tls" name="test_untrusted_origin_forms_are_rejected[https://host/../]" time="0.000" /><testcase classname="tests.core.test_node_tls" name="test_server_certificate_contract_is_strict[expired]" time="0.001" /><testcase classname="tests.core.test_node_tls" name="test_server_certificate_contract_is_strict[client-eku]" time="0.001" /><testcase classname="tests.core.test_node_tls" name="test_server_certificate_contract_is_strict[other-uri]" time="0.001" /><testcase classname="tests.core.test_node_tls" name="test_server_certificate_contract_is_strict[extra-uri]" time="0.002" /><testcase classname="tests.core.test_readiness_cli_boundary" name="test_legacy_dsn_argument_is_rejected_without_echo" time="0.016" /><testcase classname="tests.core.test_readiness_cli_boundary" name="test_connection_failure_is_sanitized" time="0.002" /><testcase classname="tests.core.test_readiness_cli_boundary" name="test_report_uses_read_only_repeatable_snapshot" time="0.002" /><testcase classname="tests.core.test_readiness_cli_boundary" name="test_incomplete_write_or_release_arguments_are_sanitized[extra0]" time="0.003" /><testcase classname="tests.core.test_readiness_cli_boundary" name="test_incomplete_write_or_release_arguments_are_sanitized[extra1]" time="0.002" /><testcase classname="tests.core.test_recovery_capability" name="test_configured_archiver_never_establishes_delivery_bound[0-/bin/true]" time="0.000" /><testcase classname="tests.core.test_recovery_capability" name="test_configured_archiver_never_establishes_delivery_bound[0-/bin/false]" time="0.000" /><testcase classname="tests.core.test_recovery_capability" name="test_configured_archiver_never_establishes_delivery_bound[0-wal-push %p]" time="0.000" /><testcase classname="tests.core.test_recovery_capability" name="test_configured_archiver_never_establishes_delivery_bound[0-secret-synthetic-token]" time="0.000" /><testcase classname="tests.core.test_recovery_capability" name="test_configured_archiver_never_establishes_delivery_bound[60-/bin/true]" time="0.000" /><testcase classname="tests.core.test_recovery_capability" name="test_configured_archiver_never_establishes_delivery_bound[60-/bin/false]" time="0.001" /><testcase classname="tests.core.test_recovery_capability" name="test_configured_archiver_never_establishes_delivery_bound[60-wal-push %p]" time="0.001" /><testcase classname="tests.core.test_recovery_capability" name="test_configured_archiver_never_establishes_delivery_bound[60-secret-synthetic-token]" time="0.000" /><testcase classname="tests.core.test_recovery_capability" name="test_configured_archiver_never_establishes_delivery_bound[300-/bin/true]" time="0.000" /><testcase classname="tests.core.test_recovery_capability" name="test_configured_archiver_never_establishes_delivery_bound[300-/bin/false]" time="0.000" /><testcase classname="tests.core.test_recovery_capability" name="test_configured_archiver_never_establishes_delivery_bound[300-wal-push %p]" time="0.000" /><testcase classname="tests.core.test_recovery_capability" name="test_configured_archiver_never_establishes_delivery_bound[300-secret-synthetic-token]" time="0.000" /><testcase classname="tests.core.test_recovery_capability" name="test_archive_library_is_observed_without_claiming_recovery" time="0.000" /><testcase classname="tests.core.test_recovery_capability" name="test_disabled_archiving_does_not_rule_out_other_recovery_methods" time="0.000" /><testcase classname="tests.core.test_recovery_capability" name="test_unverified_numbers_cannot_satisfy_target[None]" time="0.000" /><testcase classname="tests.core.test_recovery_capability" name="test_unverified_numbers_cannot_satisfy_target[300]" time="0.000" /><testcase classname="tests.core.test_recovery_capability" name="test_unverified_numbers_cannot_satisfy_target[True]" time="0.000" /><testcase classname="tests.core.test_recovery_capability" name="test_unverified_numbers_cannot_satisfy_target[nan]" time="0.000" /><testcase classname="tests.core.test_recovery_capability" name="test_unverified_numbers_cannot_satisfy_target[inf]" time="0.000" /><testcase classname="tests.core.test_recovery_capability" name="test_unverified_numbers_cannot_satisfy_target[-1]" time="0.000" /><testcase classname="tests.core.test_recovery_capability" name="test_invalid_target_is_refused[0]" time="0.000" /><testcase classname="tests.core.test_recovery_capability" name="test_invalid_target_is_refused[-1]" time="0.000" /><testcase classname="tests.core.test_recovery_capability" name="test_invalid_target_is_refused[True]" time="0.000" /><testcase classname="tests.core.test_recovery_capability" name="test_invalid_target_is_refused[900]" time="0.000" /><testcase classname="tests.core.test_recovery_capability" name="test_no_operational_target_preserves_functional_drill" time="0.000" /><testcase classname="tests.core.test_recovery_capability" name="test_cli_rejects_invalid_target_without_echo[0]" time="0.001" /><testcase classname="tests.core.test_recovery_capability" name="test_cli_rejects_invalid_target_without_echo[-1]" time="0.001" /><testcase classname="tests.core.test_recovery_capability" name="test_cli_rejects_invalid_target_without_echo[synthetic-private-value]" time="0.001" /><testcase classname="tests.core.test_recovery_verdict" name="test_invalid_or_unknown_verdict_cannot_pass[restoreExitCode-1]" time="0.001" /><testcase classname="tests.core.test_recovery_verdict" name="test_invalid_or_unknown_verdict_cannot_pass[restoreExitCode-None]" time="0.000" /><testcase classname="tests.core.test_recovery_verdict" name="test_invalid_or_unknown_verdict_cannot_pass[restoreExitCode-False]" time="0.000" /><testcase classname="tests.core.test_recovery_verdict" name="test_invalid_or_unknown_verdict_cannot_pass[integrityVerified-true]" time="0.000" /><testcase classname="tests.core.test_recovery_verdict" name="test_invalid_or_unknown_verdict_cannot_pass[fencingVerified-1]" time="0.000" /><testcase classname="tests.core.test_recovery_verdict" name="test_invalid_or_unknown_verdict_cannot_pass[measuredRpoSeconds--1]" time="0.000" /><testcase classname="tests.core.test_recovery_verdict" name="test_invalid_or_unknown_verdict_cannot_pass[measuredRpoSeconds-nan]" time="0.000" /><testcase classname="tests.core.test_recovery_verdict" name="test_invalid_or_unknown_verdict_cannot_pass[measuredRpoSeconds-inf]" time="0.000" /><testcase classname="tests.core.test_recovery_verdict" name="test_invalid_or_unknown_verdict_cannot_pass[measuredRpoSeconds-None]" time="0.000" /><testcase classname="tests.core.test_recovery_verdict" name="test_invalid_or_unknown_verdict_cannot_pass[measuredRpoSeconds-True]" time="0.000" /><testcase classname="tests.core.test_recovery_verdict" name="test_invalid_or_unknown_verdict_cannot_pass[measuredRpoSeconds-0]" time="0.000" /><testcase classname="tests.core.test_recovery_verdict" name="test_invalid_or_unknown_verdict_cannot_pass[measuredRtoSeconds--1]" time="0.000" /><testcase classname="tests.core.test_recovery_verdict" name="test_invalid_or_unknown_verdict_cannot_pass[measuredRtoSeconds-nan]" time="0.000" /><testcase classname="tests.core.test_recovery_verdict" name="test_invalid_or_unknown_verdict_cannot_pass[measuredRtoSeconds-inf]" time="0.000" /><testcase classname="tests.core.test_recovery_verdict" name="test_invalid_or_unknown_verdict_cannot_pass[measuredRtoSeconds-None]" time="0.001" /><testcase classname="tests.core.test_recovery_verdict" name="test_invalid_or_unknown_verdict_cannot_pass[measuredRtoSeconds-True]" time="0.000" /><testcase classname="tests.core.test_recovery_verdict" name="test_invalid_or_unknown_verdict_cannot_pass[measuredRtoSeconds-0]" time="0.000" /><testcase classname="tests.core.test_recovery_verdict" name="test_recovery_point_is_age_at_restore_start_and_requires_known_timezone" time="0.000" /><testcase classname="tests.core.test_recovery_verdict" name="test_pg_password_never_enters_child_argv[None]" time="0.001" /><testcase classname="tests.core.test_recovery_verdict" name="test_pg_password_never_enters_child_argv[owned-drill-test]" time="0.001" /><testcase classname="tests.core.test_recovery_verdict" name="test_cli_observation_failure_does_not_emit_exception_bytes" time="0.001" /><testcase classname="tests.core.test_recovery_verdict" name="test_sequence_called_state_and_late_high_water_are_required" time="0.000" /><testcase classname="tests.core.test_run_state_alignment" name="test_common_run_graph_edges_agree[draft]" time="0.000" /><testcase classname="tests.core.test_run_state_alignment" name="test_common_run_graph_edges_agree[validated]" time="0.000" /><testcase classname="tests.core.test_run_state_alignment" name="test_common_run_graph_edges_agree[planned]" time="0.000" /><testcase classname="tests.core.test_run_state_alignment" name="test_common_run_graph_edges_agree[awaiting_approval]" time="0.000" /><testcase classname="tests.core.test_run_state_alignment" name="test_common_run_graph_edges_agree[scheduled]" time="0.000" /><testcase classname="tests.core.test_run_state_alignment" name="test_common_run_graph_edges_agree[running]" time="0.000" /><testcase classname="tests.core.test_run_state_alignment" name="test_common_run_graph_edges_agree[verifying]" time="0.000" /><testcase classname="tests.core.test_run_state_alignment" name="test_common_run_graph_edges_agree[recovering]" time="0.000" /><testcase classname="tests.core.test_run_state_alignment" name="test_common_run_graph_edges_agree[succeeded]" time="0.000" /><testcase classname="tests.core.test_run_state_alignment" name="test_common_run_graph_edges_agree[failed]" time="0.000" /><testcase classname="tests.core.test_run_state_alignment" name="test_common_run_graph_edges_agree[cancelled]" time="0.000" /><testcase classname="tests.core.test_sandbox_contracts" name="test_sandbox_contract_rejects_host_access_or_isolation_downgrade[network-host]" time="0.002" /><testcase classname="tests.core.test_sandbox_contracts" name="test_sandbox_contract_rejects_host_access_or_isolation_downgrade[privileged-True]" time="0.002" /><testcase classname="tests.core.test_sandbox_contracts" name="test_sandbox_contract_rejects_host_access_or_isolation_downgrade[hostAccess-True]" time="0.003" /><testcase classname="tests.core.test_sandbox_contracts" name="test_sandbox_contract_rejects_host_access_or_isolation_downgrade[rootfsReadOnly-False]" time="0.003" /><testcase classname="tests.core.test_sandbox_contracts" name="test_sandbox_contract_rejects_host_access_or_isolation_downgrade[userId-0]" time="0.002" /><testcase classname="tests.core.test_sandbox_contracts" name="test_sandbox_contract_rejects_host_access_or_isolation_downgrade[capDropAll-False]" time="0.001" /><testcase classname="tests.core.test_sandbox_contracts" name="test_sandbox_contract_rejects_host_access_or_isolation_downgrade[noNewPrivileges-False]" time="0.001" /><testcase classname="tests.core.test_sandbox_contracts" name="test_sandbox_contract_rejects_host_access_or_isolation_downgrade[workingDirectory-C:\\]" time="0.001" /><testcase classname="tests.core.test_sandbox_contracts" name="test_sandbox_contract_rejects_host_access_or_isolation_downgrade[workspaceMode-host-bind]" time="0.002" /><testcase classname="tests.core.test_sandbox_contracts" name="test_sandbox_contract_rejects_host_access_or_isolation_downgrade[mounts-value9]" time="0.001" /><testcase classname="tests.core.test_sandbox_contracts" name="test_sandbox_contract_rejects_host_access_or_isolation_downgrade[env-value10]" time="0.001" /><testcase classname="tests.core.test_sandbox_contracts" name="test_profile_limits_block_unapproved_execution[image]" time="0.001" /><testcase classname="tests.core.test_sandbox_contracts" name="test_profile_limits_block_unapproved_execution[shell]" time="0.001" /><testcase classname="tests.core.test_sandbox_contracts" name="test_profile_limits_block_unapproved_execution[nul]" time="0.001" /><testcase classname="tests.core.test_sandbox_contracts" name="test_profile_limits_block_unapproved_execution[cpu]" time="0.001" /><testcase classname="tests.core.test_sandbox_contracts" name="test_profile_limits_block_unapproved_execution[memory]" time="0.001" /><testcase classname="tests.core.test_sandbox_contracts" name="test_profile_limits_block_unapproved_execution[gpu]" time="0.001" /><testcase classname="tests.core.test_sandbox_contracts" name="test_profile_limits_block_unapproved_execution[timeout]" time="0.001" /><testcase classname="tests.core.test_sandbox_contracts" name="test_profile_executable_allowlist_is_canonical[printf]" time="0.001" /><testcase classname="tests.core.test_sandbox_contracts" name="test_profile_executable_allowlist_is_canonical[/bin/../bin/sh]" time="0.000" /><testcase classname="tests.core.test_sandbox_contracts" name="test_profile_executable_allowlist_is_canonical[/bin//sh]" time="0.000" /><testcase classname="tests.core.test_sandbox_contracts" name="test_profile_executable_allowlist_is_canonical[/bin/./sh]" time="0.000" /><testcase classname="tests.core.test_sandbox_contracts" name="test_profile_executable_allowlist_is_canonical[/bin/sh\x00]" time="0.000" /><testcase classname="tests.core.test_sandbox_contracts" name="test_profile_executable_allowlist_is_canonical[/bin\\sh]" time="0.000" /><testcase classname="tests.core.test_sandbox_contracts" name="test_shell_metacharacters_are_literal_container_arguments" time="0.001" /><testcase classname="tests.core.test_sandbox_contracts" name="test_legacy_policy_boundary_also_requires_two_people_for_L2" time="0.001" /><testcase classname="tests.core.test_server_config_volume" name="test_outside_and_aliased_references_refused[/outside/key]" time="0.009" /><testcase classname="tests.core.test_server_config_volume" name="test_outside_and_aliased_references_refused[/run/saintvision/../key]" time="0.008" /><testcase classname="tests.core.test_server_config_volume" name="test_outside_and_aliased_references_refused[/run/saintvision/api.json]" time="0.012" /><testcase classname="tests.core.test_server_config_volume" name="test_outside_and_aliased_references_refused[/run/saintvision/a/b]" time="0.009" /><testcase classname="tests.core.test_server_config_volume" name="test_unreferenced_private_files_never_copied" time="0.011" /><testcase classname="tests.core.test_server_config_volume" name="test_real_volume_copy_or_failure_cleanup[False]" time="0.009"><skipped type="pytest.skip" message="Explicit pinned local candidate image required">C:\Project\SaintVision-Invion\.worktrees\claude-cx01\tests\core\test_server_config_volume.py:35: Explicit pinned local candidate image required</skipped></testcase><testcase classname="tests.core.test_server_config_volume" name="test_real_volume_copy_or_failure_cleanup[True]" time="0.006"><skipped type="pytest.skip" message="Explicit pinned local candidate image required">C:\Project\SaintVision-Invion\.worktrees\claude-cx01\tests\core\test_server_config_volume.py:35: Explicit pinned local candidate image required</skipped></testcase><testcase classname="tests.core.test_storage_windows_launcher" name="test_windows_launcher_checks_inputs_arguments_and_result[prepare]" time="0.609" /><testcase classname="tests.core.test_storage_windows_launcher" name="test_windows_launcher_checks_inputs_arguments_and_result[apply]" time="0.530" /><testcase classname="tests.core.test_storage_windows_launcher" name="test_windows_launcher_checks_inputs_arguments_and_result[policy]" time="0.487" /><testcase classname="tests.core.test_storage_windows_launcher" name="test_windows_launcher_checks_inputs_arguments_and_result[node]" time="0.501" /><testcase classname="tests.core.test_storage_windows_launcher" name="test_windows_launcher_checks_inputs_arguments_and_result[health]" time="0.543" /><testcase classname="tests.core.test_storage_windows_launcher" name="test_windows_launcher_checks_inputs_arguments_and_result[request]" time="0.461" /><testcase classname="tests.core.test_storage_windows_launcher" name="test_windows_launcher_checks_inputs_arguments_and_result[process]" time="0.479" /><testcase classname="tests.core.test_storage_windows_launcher" name="test_windows_launcher_checks_inputs_arguments_and_result[same-id]" time="0.559" /><testcase classname="tests.core.test_storage_windows_launcher" name="test_windows_launcher_checks_inputs_arguments_and_result[overlap]" time="0.409" /><testcase classname="tests.core.test_storage_windows_launcher" name="test_windows_launcher_checks_inputs_arguments_and_result[address]" time="0.439" /><testcase classname="tests.core.test_vf_deployment" name="test_internal_services_are_not_published_on_all_interfaces" time="0.293" /><testcase classname="tests.core.test_vf_deployment" name="test_missing_database_password_cannot_fall_back_to_a_default" time="0.297" /><testcase classname="tests.core.test_vf_deployment" name="test_missing_external_cert_dir_cannot_fall_back_to_a_default" time="0.566" /><testcase classname="tests.core.test_workspace_api_boundary" name="test_unconfigured_production_never_serves_demo_runs" time="0.049" /><testcase classname="tests.core.test_workspace_api_boundary" name="test_workspace_api_inputs_reject_implicit_or_client_supplied_authority" time="0.001" /><testcase classname="tests.core.test_workspace_api_boundary" name="test_integrated_migration_keeps_both_published_histories" time="0.541" /><testcase classname="tests.core.test_workspace_api_boundary" name="test_model_manifest_extends_the_published_approval_history" time="0.001" /><testcase classname="tests.core.test_workspace_bridge" name="test_editor_compare_and_swap_never_mutates_original" time="0.001" /><testcase classname="tests.core.test_workspace_bridge" name="test_editor_rejects_escape_case_alias_and_file_directory_collision[../escape]" time="0.001" /><testcase classname="tests.core.test_workspace_bridge" name="test_editor_rejects_escape_case_alias_and_file_directory_collision[src/MAIN.py]" time="0.001" /><testcase classname="tests.core.test_workspace_bridge" name="test_editor_rejects_escape_case_alias_and_file_directory_collision[src/main.py/child]" time="0.001" /><testcase classname="tests.core.test_workspace_bridge" name="test_editor_rejects_escape_case_alias_and_file_directory_collision[C:/outside]" time="0.001" /><testcase classname="tests.core.test_workspace_bridge" name="test_editor_rejects_escape_case_alias_and_file_directory_collision[x\\y]" time="0.001" /><testcase classname="tests.core.test_workspace_bridge" name="test_remote_export_excludes_local_git_credentials_and_deletes_only_base_files" time="0.001" /><testcase classname="tests.core.test_workspace_bridge" name="test_remote_git_refuses_executable_and_empty_directory_loss" time="0.001" /><testcase classname="tests.core.test_workspace_bridge" name="test_terminal_redacts_secret_split_across_frames_and_preserves_utf8" time="0.002" /><testcase classname="tests.core.test_workspace_bridge" name="test_terminal_private_key_multiline_and_ansi_are_not_forwarded" time="0.001" /><testcase classname="tests.core.test_workspace_bridge" name="test_remote_reconcile_refuses_different_parent_message_or_content" time="0.001" /><testcase classname="tests.core.test_workspace_manifest" name="test_snapshot_manifest_preserves_real_bytes_and_identity" time="0.001" /><testcase classname="tests.core.test_workspace_manifest" name="test_nonportable_or_escaping_paths_are_rejected[/etc/passwd]" time="0.001" /><testcase classname="tests.core.test_workspace_manifest" name="test_nonportable_or_escaping_paths_are_rejected[../escape]" time="0.001" /><testcase classname="tests.core.test_workspace_manifest" name="test_nonportable_or_escaping_paths_are_rejected[a/../b]" time="0.001" /><testcase classname="tests.core.test_workspace_manifest" name="test_nonportable_or_escaping_paths_are_rejected[a//b]" time="0.001" /><testcase classname="tests.core.test_workspace_manifest" name="test_nonportable_or_escaping_paths_are_rejected[C:/escape]" time="0.001" /><testcase classname="tests.core.test_workspace_manifest" name="test_nonportable_or_escaping_paths_are_rejected[a\\b]" time="0.001" /><testcase classname="tests.core.test_workspace_manifest" name="test_nonportable_or_escaping_paths_are_rejected[%2e%2e/file]" time="0.001" /><testcase classname="tests.core.test_workspace_manifest" name="test_nonportable_or_escaping_paths_are_rejected[NUL]" time="0.001" /><testcase classname="tests.core.test_workspace_manifest" name="test_nonportable_or_escaping_paths_are_rejected[aux.txt]" time="0.001" /><testcase classname="tests.core.test_workspace_manifest" name="test_nonportable_or_escaping_paths_are_rejected[COM1.log]" time="0.000" /><testcase classname="tests.core.test_workspace_manifest" name="test_nonportable_or_escaping_paths_are_rejected[a.]" time="0.000" /><testcase classname="tests.core.test_workspace_manifest" name="test_nonportable_or_escaping_paths_are_rejected[a ]" time="0.000" /><testcase classname="tests.core.test_workspace_manifest" name="test_nonportable_or_escaping_paths_are_rejected[\x00]" time="0.000" /><testcase classname="tests.core.test_workspace_manifest" name="test_nonportable_or_escaping_paths_are_rejected[a/]" time="0.000" /><testcase classname="tests.core.test_workspace_manifest" name="test_nonportable_or_escaping_paths_are_rejected[a/a/a/a/a/a/a/a/a/a/a/a/a/a/a/a/z]" time="0.000" /><testcase classname="tests.core.test_workspace_manifest" name="test_manifest_conflicts_and_tampering_are_rejected[hash]" time="0.001" /><testcase classname="tests.core.test_workspace_manifest" name="test_manifest_conflicts_and_tampering_are_rejected[size]" time="0.001" /><testcase classname="tests.core.test_workspace_manifest" name="test_manifest_conflicts_and_tampering_are_rejected[type]" time="0.001" /><testcase classname="tests.core.test_workspace_manifest" name="test_manifest_conflicts_and_tampering_are_rejected[duplicate]" time="0.001" /><testcase classname="tests.core.test_workspace_manifest" name="test_manifest_conflicts_and_tampering_are_rejected[case]" time="0.001" /><testcase classname="tests.core.test_workspace_manifest" name="test_manifest_conflicts_and_tampering_are_rejected[file-parent]" time="0.001" /><testcase classname="tests.core.test_workspace_manifest" name="test_manifest_conflicts_and_tampering_are_rejected[unknown]" time="0.001" /><testcase classname="tests.core.test_workspace_manifest" name="test_manifest_conflicts_and_tampering_are_rejected[noncanonical]" time="0.001" /><testcase classname="tests.core.test_workspace_resume_contract" name="test_workspace_launch_requires_explicit_bound_content" time="0.003" /><testcase classname="tests.core.test_workspace_resume_contract" name="test_workspace_output_must_match_approved_input_and_bounded_files[resumeId]" time="0.001" /><testcase classname="tests.core.test_workspace_resume_contract" name="test_workspace_output_must_match_approved_input_and_bounded_files[stepId]" time="0.001" /><testcase classname="tests.core.test_workspace_resume_contract" name="test_workspace_output_must_match_approved_input_and_bounded_files[inputSha256]" time="0.001" /><testcase classname="tests.core.test_workspace_resume_contract" name="test_workspace_output_must_match_approved_input_and_bounded_files[workspaceId]" time="0.001" /><testcase classname="tests.core.test_workspace_resume_contract" name="test_workspace_output_must_match_approved_input_and_bounded_files[fileHash]" time="0.001" /><testcase classname="tests.core.test_workspace_resume_contract" name="test_workspace_output_must_match_approved_input_and_bounded_files[oversized]" time="0.002" /><testcase classname="tests.core.test_workspace_start_contract" name="test_initial_launch_requires_approved_input_and_distinct_wire_identity" time="0.003" /><testcase classname="tests.core.test_workspace_start_contract" name="test_first_output_cannot_be_relabelled_as_another_execution[startId]" time="0.002" /><testcase classname="tests.core.test_workspace_start_contract" name="test_first_output_cannot_be_relabelled_as_another_execution[stepId]" time="0.002" /><testcase classname="tests.core.test_workspace_start_contract" name="test_first_output_cannot_be_relabelled_as_another_execution[inputSha256]" time="0.002" /><testcase classname="tests.core.test_workspace_start_contract" name="test_first_output_cannot_be_relabelled_as_another_execution[resumeId]" time="0.181" /></testsuite></testsuites>