<?xml version="1.0" encoding="utf-8"?><testsuites name="pytest tests"><testsuite name="pytest" errors="0" failures="0" skipped="14" tests="684" time="519.703" timestamp="2026-09-21T12:20:01.615184+09:00" hostname="Surface_Studio"><testcase classname="tests.test_migration_prerequisite" name="test_cli_missing_admin_is_not_a_migration_failure[None]" time="0.530" /><testcase classname="tests.test_migration_prerequisite" name="test_cli_missing_admin_is_not_a_migration_failure[]" time="0.485" /><testcase classname="tests.test_migration_prerequisite" name="test_present_invalid_dsn_still_fails_without_echoing_credentials" time="0.985" /><testcase classname="tests.test_migration_prerequisite" name="test_account_migration_uses_shared_local_skip_and_ci_failure[False]" time="2.094" /><testcase classname="tests.test_migration_prerequisite" name="test_account_migration_uses_shared_local_skip_and_ci_failure[True]" time="2.343" /><testcase classname="tests.test_migration_role_guard" name="test_unsafe_predecessor_refused_before_schema_write[LOGIN-inv_app]" time="0.000"><skipped type="pytest.skip" message="Explicit local PostgreSQL image required; ambient databases are never used">C:\Project\SaintVision-Invion\.worktrees\claude-cx01\tests\test_migration_role_guard.py:83: Explicit local PostgreSQL image required; ambient databases are never used</skipped></testcase><testcase classname="tests.test_migration_role_guard" name="test_unsafe_predecessor_refused_before_schema_write[LOGIN-inv_kernel]" time="0.001"><skipped type="pytest.skip" message="Explicit local PostgreSQL image required; ambient databases are never used">C:\Project\SaintVision-Invion\.worktrees\claude-cx01\tests\test_migration_role_guard.py:83: Explicit local PostgreSQL image required; ambient databases are never used</skipped></testcase><testcase classname="tests.test_migration_role_guard" name="test_unsafe_predecessor_refused_before_schema_write[SUPERUSER-inv_app]" time="0.000"><skipped type="pytest.skip" message="Explicit local PostgreSQL image required; ambient databases are never used">C:\Project\SaintVision-Invion\.worktrees\claude-cx01\tests\test_migration_role_guard.py:83: Explicit local PostgreSQL image required; ambient databases are never used</skipped></testcase><testcase classname="tests.test_migration_role_guard" name="test_unsafe_predecessor_refused_before_schema_write[SUPERUSER-inv_kernel]" time="0.000"><skipped type="pytest.skip" message="Explicit local PostgreSQL image required; ambient databases are never used">C:\Project\SaintVision-Invion\.worktrees\claude-cx01\tests\test_migration_role_guard.py:83: Explicit local PostgreSQL image required; ambient databases are never used</skipped></testcase><testcase classname="tests.test_migration_role_guard" name="test_unsafe_predecessor_refused_before_schema_write[BYPASSRLS-inv_app]" time="0.000"><skipped type="pytest.skip" message="Explicit local PostgreSQL image required; ambient databases are never used">C:\Project\SaintVision-Invion\.worktrees\claude-cx01\tests\test_migration_role_guard.py:83: Explicit local PostgreSQL image required; ambient databases are never used</skipped></testcase><testcase classname="tests.test_migration_role_guard" name="test_unsafe_predecessor_refused_before_schema_write[BYPASSRLS-inv_kernel]" time="0.000"><skipped type="pytest.skip" message="Explicit local PostgreSQL image required; ambient databases are never used">C:\Project\SaintVision-Invion\.worktrees\claude-cx01\tests\test_migration_role_guard.py:83: Explicit local PostgreSQL image required; ambient databases are never used</skipped></testcase><testcase classname="tests.test_migration_role_guard" name="test_unsafe_predecessor_refused_before_schema_write[CREATEDB-inv_app]" time="0.000"><skipped type="pytest.skip" message="Explicit local PostgreSQL image required; ambient databases are never used">C:\Project\SaintVision-Invion\.worktrees\claude-cx01\tests\test_migration_role_guard.py:83: Explicit local PostgreSQL image required; ambient databases are never used</skipped></testcase><testcase classname="tests.test_migration_role_guard" name="test_unsafe_predecessor_refused_before_schema_write[CREATEDB-inv_kernel]" time="0.000"><skipped type="pytest.skip" message="Explicit local PostgreSQL image required; ambient databases are never used">C:\Project\SaintVision-Invion\.worktrees\claude-cx01\tests\test_migration_role_guard.py:83: Explicit local PostgreSQL image required; ambient databases are never used</skipped></testcase><testcase classname="tests.test_migration_role_guard" name="test_unsafe_predecessor_refused_before_schema_write[CREATEROLE-inv_app]" time="0.000"><skipped type="pytest.skip" message="Explicit local PostgreSQL image required; ambient databases are never used">C:\Project\SaintVision-Invion\.worktrees\claude-cx01\tests\test_migration_role_guard.py:83: Explicit local PostgreSQL image required; ambient databases are never used</skipped></testcase><testcase classname="tests.test_migration_role_guard" name="test_unsafe_predecessor_refused_before_schema_write[CREATEROLE-inv_kernel]" time="0.000"><skipped type="pytest.skip" message="Explicit local PostgreSQL image required; ambient databases are never used">C:\Project\SaintVision-Invion\.worktrees\claude-cx01\tests\test_migration_role_guard.py:83: Explicit local PostgreSQL image required; ambient databases are never used</skipped></testcase><testcase classname="tests.test_migration_role_guard" name="test_unsafe_predecessor_refused_before_schema_write[REPLICATION-inv_app]" time="0.000"><skipped type="pytest.skip" message="Explicit local PostgreSQL image required; ambient databases are never used">C:\Project\SaintVision-Invion\.worktrees\claude-cx01\tests\test_migration_role_guard.py:83: Explicit local PostgreSQL image required; ambient databases are never used</skipped></testcase><testcase classname="tests.test_migration_role_guard" name="test_unsafe_predecessor_refused_before_schema_write[REPLICATION-inv_kernel]" time="0.000"><skipped type="pytest.skip" message="Explicit local PostgreSQL image required; ambient databases are never used">C:\Project\SaintVision-Invion\.worktrees\claude-cx01\tests\test_migration_role_guard.py:83: Explicit local PostgreSQL image required; ambient databases are never used</skipped></testcase><testcase classname="tests.test_migration_role_guard" name="test_absent_then_safe_groups_allow_real_upgrade_and_replay" time="0.000"><skipped type="pytest.skip" message="Explicit local PostgreSQL image required; ambient databases are never used">C:\Project\SaintVision-Invion\.worktrees\claude-cx01\tests\test_migration_role_guard.py:96: Explicit local PostgreSQL image required; ambient databases are never used</skipped></testcase><testcase classname="tests.test_migrations" name="test_a_partition_is_never_created_before_its_parent[resource_snapshots]" time="1.221" /><testcase classname="tests.test_migrations" name="test_a_partition_is_never_created_before_its_parent[audit_events]" time="0.001" /><testcase classname="tests.test_migrations" name="test_a_partition_is_never_created_before_its_parent[evidence_envelopes]" time="0.001" /><testcase classname="tests.test_migrations" name="test_each_partitioned_table_gets_a_four_month_lead[resource_snapshots]" time="0.001" /><testcase classname="tests.test_migrations" name="test_each_partitioned_table_gets_a_four_month_lead[audit_events]" time="0.000" /><testcase classname="tests.test_migrations" name="test_each_partitioned_table_gets_a_four_month_lead[evidence_envelopes]" time="0.000" /><testcase classname="tests.test_migrations" name="test_no_default_partition_is_ever_created" time="0.002" /><testcase classname="tests.test_migrations" name="test_a_child_table_is_never_created_before_its_parent" time="0.003" /><testcase classname="tests.test_migrations" name="test_rls_is_applied_after_the_table_it_protects" time="0.004" /><testcase classname="tests.test_migrations" name="test_evidence_is_granted_insert_but_not_update_or_delete" time="0.001" /><testcase classname="tests.test_migrations" name="test_no_migration_reads_the_mutable_partition_constant" time="0.007" /><testcase classname="tests.test_migrations" name="test_every_revision_declares_its_predecessor" time="0.026" /><testcase classname="tests.test_migrations" name="test_the_migrations_create_exactly_the_modelled_tables" time="0.001" /><testcase classname="tests.test_migrations" name="test_every_tenant_scoped_table_is_policed" time="0.007" /><testcase classname="tests.test_migrations" name="test_append_only_tables_are_never_granted_update_or_delete" time="0.001" /><testcase classname="tests.test_migrations" name="test_lifecycle_tables_get_column_scoped_update_and_no_delete" time="0.001" /><testcase classname="tests.test_migrations" name="test_identity_columns_are_never_grantable" time="0.000" /><testcase classname="tests.test_migrations" name="test_the_migration_graph_has_a_single_integrated_head" time="0.058" /><testcase classname="tests.test_migrations" name="test_every_irreversible_revision_says_what_to_do_instead" time="0.027" /><testcase classname="tests.test_migrations" name="test_the_downgrade_target_never_crosses_an_irreversible_revision" time="0.027" /><testcase classname="tests.test_model_registry" name="test_a_registered_version_starts_as_draft" time="5.727" /><testcase classname="tests.test_model_registry" name="test_registering_requires_a_hex_sha256_and_an_existing_model" time="1.408" /><testcase classname="tests.test_model_registry" name="test_identical_weights_under_two_names_is_refused" time="1.396" /><testcase classname="tests.test_model_registry" name="test_verify_sets_the_timestamp_and_rejects_a_mismatch" time="1.527" /><testcase classname="tests.test_model_registry" name="test_a_retention_pin_only_extends" time="1.416" /><testcase classname="tests.test_model_registry" name="test_release_is_refused_until_verified_then_pinned_then_traceable" time="1.414" /><testcase classname="tests.test_model_registry" name="test_the_database_refuses_released_without_verification_and_pin" time="1.439" /><testcase classname="tests.test_model_registry" name="test_record_lineage_rejects_unknown_kinds_and_is_idempotent" time="1.472" /><testcase classname="tests.test_model_registry" name="test_trace_reports_missing_required_kinds_and_shrinks_as_they_are_recorded" time="1.446" /><testcase classname="tests.test_model_registry" name="test_release_succeeds_when_verified_pinned_and_fully_traceable" time="1.562" /><testcase classname="tests.test_model_registry" name="test_deploying_a_released_version_pins_the_shipped_digest_and_supersedes" time="1.558" /><testcase classname="tests.test_model_registry" name="test_a_draft_version_cannot_be_deployed" time="1.420" /><testcase classname="tests.test_model_registry" name="test_a_version_carries_the_join_key_the_kernel_manifest_is_addressed_by" time="1.447" /><testcase classname="tests.test_model_registry" name="test_a_non_owner_scoped_to_one_tenant_cannot_see_another_tenants_version" time="1.411" /><testcase classname="tests.test_node_auth" name="test_a_forwarded_fingerprint_from_an_unlisted_peer_is_ignored" time="1.336" /><testcase classname="tests.test_node_auth" name="test_with_no_allowlist_the_proxy_path_is_closed" time="1.439" /><testcase classname="tests.test_node_auth" name="test_no_certificate_at_all_is_refused" time="1.315" /><testcase classname="tests.test_node_auth" name="test_an_allowlisted_proxy_authenticates_the_node" time="1.482" /><testcase classname="tests.test_node_auth" name="test_direct_mtls_needs_no_allowlist" time="1.542" /><testcase classname="tests.test_node_auth" name="test_direct_mtls_beats_a_forwarded_header" time="1.427" /><testcase classname="tests.test_node_auth" name="test_an_unknown_certificate_is_refused" time="1.445" /><testcase classname="tests.test_node_auth" name="test_a_retired_nodes_certificate_stops_working" time="1.438" /><testcase classname="tests.test_node_auth" name="test_a_malformed_fingerprint_is_refused" time="1.418" /><testcase classname="tests.test_node_auth" name="test_a_node_may_only_act_as_itself" time="1.476" /><testcase classname="tests.test_node_auth" name="test_a_typo_in_the_allowlist_does_not_widen_it" time="0.001" /><testcase classname="tests.test_node_auth" name="test_auth_errors_do_not_echo_the_credential" time="1.435" /><testcase classname="tests.test_node_auth" name="test_a_sequence_that_does_not_advance_is_not_applied" time="1.399" /><testcase classname="tests.test_node_auth" name="test_a_beat_revives_a_node_that_was_declared_lost" time="1.549" /><testcase classname="tests.test_node_auth" name="test_a_stale_beat_does_not_revive_a_lost_node" time="1.486" /><testcase classname="tests.test_node_auth" name="test_only_one_of_two_concurrent_beats_applies" time="1.558" /><testcase classname="tests.test_node_auth" name="test_concurrent_increasing_beats_leave_the_highest" time="1.489" /><testcase classname="tests.test_node_auth" name="test_a_beat_for_an_unknown_node_is_not_found" time="1.445" /><testcase classname="tests.test_node_auth" name="test_a_beat_cannot_cross_tenants" time="1.424" /><testcase classname="tests.test_node_auth_commit" name="test_tls_error_is_terminal_even_with_trusted_proxy[expired certificate]" time="0.001" /><testcase classname="tests.test_node_auth_commit" name="test_tls_error_is_terminal_even_with_trusted_proxy[unknown CA]" time="0.001" /><testcase classname="tests.test_node_auth_commit" name="test_tls_error_is_terminal_even_with_trusted_proxy[]" time="0.000" /><testcase classname="tests.test_node_auth_commit" name="test_tls_error_is_terminal_even_with_trusted_proxy[False]" time="0.000" /><testcase classname="tests.test_node_auth_commit" name="test_tls_error_is_terminal_even_with_trusted_proxy[0]" time="0.000" /><testcase classname="tests.test_node_auth_commit" name="test_malformed_direct_chain_cannot_fall_back[chain0]" time="0.000" /><testcase classname="tests.test_node_auth_commit" name="test_malformed_direct_chain_cannot_fall_back[chain1]" time="0.000" /><testcase classname="tests.test_node_auth_commit" name="test_malformed_direct_chain_cannot_fall_back[chain2]" time="0.001" /><testcase classname="tests.test_node_auth_commit" name="test_malformed_direct_chain_cannot_fall_back[cert0]" time="0.001" /><testcase classname="tests.test_node_auth_commit" name="test_malformed_direct_chain_cannot_fall_back[cert1]" time="0.001" /><testcase classname="tests.test_node_auth_commit" name="test_malformed_direct_chain_cannot_fall_back[123]" time="0.000" /><testcase classname="tests.test_node_auth_commit" name="test_malformed_direct_chain_cannot_fall_back[None]" time="0.001" /><testcase classname="tests.test_node_auth_commit" name="test_asgi_iterable_certificate_chain_is_supported" time="0.000" /><testcase classname="tests.test_node_auth_commit" name="test_failed_transport_cannot_resolve_even_an_enrolled_fingerprint" time="1.421" /><testcase classname="tests.test_node_auth_commit" name="test_api_rechecks_binding_after_authentication_before_heartbeat[retired]" time="1.549" /><testcase classname="tests.test_node_auth_commit" name="test_api_rechecks_binding_after_authentication_before_heartbeat[rotated]" time="1.557" /><testcase classname="tests.test_node_auth_commit" name="test_api_rechecks_binding_after_authentication_before_heartbeat[cleared]" time="1.484" /><testcase classname="tests.test_node_auth_commit" name="test_guard_holds_binding_until_transaction_end" time="1.581" /><testcase classname="tests.test_node_auth_commit" name="test_binding_guard_cannot_cross_tenant_scope" time="1.471" /><testcase classname="tests.test_node_storage_sample" name="test_real_bytes_bound_to_run_and_certificate_without_operational_write" time="0.415" /><testcase classname="tests.test_node_storage_sample" name="test_sample_does_not_turn_unverified_bytes_into_health[corrupt]" time="0.013" /><testcase classname="tests.test_node_storage_sample" name="test_sample_does_not_turn_unverified_bytes_into_health[size]" time="0.089" /><testcase classname="tests.test_node_storage_sample" name="test_sample_does_not_turn_unverified_bytes_into_health[missing]" time="0.010" /><testcase classname="tests.test_node_storage_sample" name="test_sample_does_not_turn_unverified_bytes_into_health[unknown_hash]" time="0.006" /><testcase classname="tests.test_node_storage_sample" name="test_sample_does_not_turn_unverified_bytes_into_health[oversized]" time="0.019" /><testcase classname="tests.test_node_storage_sample" name="test_other_challenge_cannot_reuse_signature[run_id-run_01M30ZMNJ8CFPGV21H88S8RAKS]" time="0.010" /><testcase classname="tests.test_node_storage_sample" name="test_other_challenge_cannot_reuse_signature[project_id-prj_01M30ZMNJ8M49GNWZH4Y5QT6FX]" time="0.009" /><testcase classname="tests.test_node_storage_sample" name="test_other_challenge_cannot_reuse_signature[contribution_id-stc_01M30ZMNJ87X0H36BZ1CNSGEYK]" time="0.008" /><testcase classname="tests.test_node_storage_sample" name="test_other_challenge_cannot_reuse_signature[root_version-3]" time="0.008" /><testcase classname="tests.test_node_storage_sample" name="test_other_challenge_cannot_reuse_signature[nonce-abababababababababababababababababababababababababababababababab]" time="0.008" /><testcase classname="tests.test_node_storage_sample" name="test_other_challenge_cannot_reuse_signature[catalogued-8]" time="0.010" /><testcase classname="tests.test_node_storage_sample" name="test_other_challenge_cannot_reuse_signature[issued_at-1799999999]" time="0.008" /><testcase classname="tests.test_node_storage_sample" name="test_other_challenge_cannot_reuse_signature[expires_at-1800000029]" time="0.009" /><testcase classname="tests.test_node_storage_sample" name="test_channel_scope_change_refused_before_read_and_on_verification[tenant_id-31f74424-672d-4576-bd17-a1583b356b09]" time="0.009" /><testcase classname="tests.test_node_storage_sample" name="test_channel_scope_change_refused_before_read_and_on_verification[node_id-nod_01M30ZMNJ80RQG1YRQ72CTAE1A]" time="0.011" /><testcase classname="tests.test_node_storage_sample" name="test_channel_scope_change_refused_before_read_and_on_verification[recovery_epoch-3789edd7-3b9d-4614-a969-0bb3975272f1]" time="0.010" /><testcase classname="tests.test_node_storage_sample" name="test_channel_scope_change_refused_before_read_and_on_verification[version-2]" time="0.008" /><testcase classname="tests.test_node_storage_sample" name="test_channel_scope_change_refused_before_read_and_on_verification[endpoint-https://elsewhere.invalid]" time="0.009" /><testcase classname="tests.test_node_storage_sample" name="test_channel_scope_change_refused_before_read_and_on_verification[certificate_sha256-0000000000000000000000000000000000000000000000000000000000000000]" time="0.008" /><testcase classname="tests.test_node_storage_sample" name="test_catalog_mutation_cannot_reuse_signature[relative_path-different.bin]" time="0.007" /><testcase classname="tests.test_node_storage_sample" name="test_catalog_mutation_cannot_reuse_signature[version-2]" time="0.010" /><testcase classname="tests.test_node_storage_sample" name="test_catalog_mutation_cannot_reuse_signature[byte_size-11]" time="0.010" /><testcase classname="tests.test_node_storage_sample" name="test_catalog_mutation_cannot_reuse_signature[checksum_sha256-0000000000000000000000000000000000000000000000000000000000000000]" time="0.009" /><testcase classname="tests.test_node_storage_sample" name="test_catalog_mutation_cannot_reuse_signature[location_id-dtl_01M30ZMNJ8026X9NJ436S9MYHR]" time="0.008" /><testcase classname="tests.test_node_storage_sample" name="test_unsafe_manifest_rejected_before_read[../secret]" time="0.007" /><testcase classname="tests.test_node_storage_sample" name="test_unsafe_manifest_rejected_before_read[/etc/passwd]" time="0.005" /><testcase classname="tests.test_node_storage_sample" name="test_unsafe_manifest_rejected_before_read[C:/secret]" time="0.004" /><testcase classname="tests.test_node_storage_sample" name="test_unsafe_manifest_rejected_before_read[x\\secret]" time="0.004" /><testcase classname="tests.test_node_storage_sample" name="test_unsafe_manifest_rejected_before_read[x/../secret]" time="0.004" /><testcase classname="tests.test_node_storage_sample" name="test_unsafe_manifest_rejected_before_read[./data.bin]" time="0.004" /><testcase classname="tests.test_node_storage_sample" name="test_unsafe_manifest_rejected_before_read[x//data.bin]" time="0.004" /><testcase classname="tests.test_node_storage_sample" name="test_unsafe_manifest_rejected_before_read[%2e%2e/secret]" time="0.005" /><testcase classname="tests.test_node_storage_sample" name="test_unsafe_manifest_rejected_before_read[data.bin\x00]" time="0.004" /><testcase classname="tests.test_node_storage_sample" name="test_directory_link_escape_is_signed_as_failed_observation" time="0.246" /><testcase classname="tests.test_node_storage_sample" name="test_invalid_or_unbounded_challenge_refused[empty]" time="0.004" /><testcase classname="tests.test_node_storage_sample" name="test_invalid_or_unbounded_challenge_refused[duplicate]" time="0.004" /><testcase classname="tests.test_node_storage_sample" name="test_invalid_or_unbounded_challenge_refused[bool_version]" time="0.004" /><testcase classname="tests.test_node_storage_sample" name="test_invalid_or_unbounded_challenge_refused[over_count]" time="0.005" /><testcase classname="tests.test_node_storage_sample" name="test_invalid_or_unbounded_challenge_refused[over_size]" time="0.005" /><testcase classname="tests.test_node_storage_sample" name="test_invalid_or_unbounded_challenge_refused[long_ttl]" time="0.005" /><testcase classname="tests.test_node_storage_sample" name="test_expired_or_future_challenge_refused[1799999999]" time="0.008" /><testcase classname="tests.test_node_storage_sample" name="test_expired_or_future_challenge_refused[1800000030]" time="0.013" /><testcase classname="tests.test_node_storage_sample" name="test_expired_or_future_challenge_refused[1800000031]" time="0.008" /><testcase classname="tests.test_node_storage_sample" name="test_expiry_during_read_does_not_produce_signature" time="0.008" /><testcase classname="tests.test_node_storage_sample" name="test_unrelated_key_cannot_collect_or_sign" time="0.008" /><testcase classname="tests.test_node_storage_sample" name="test_valid_signature_with_invalid_content_is_not_accepted[omit]" time="0.009" /><testcase classname="tests.test_node_storage_sample" name="test_valid_signature_with_invalid_content_is_not_accepted[duplicate]" time="0.008" /><testcase classname="tests.test_node_storage_sample" name="test_valid_signature_with_invalid_content_is_not_accepted[extra]" time="0.009" /><testcase classname="tests.test_node_storage_sample" name="test_valid_signature_with_invalid_content_is_not_accepted[bool_size]" time="0.008" /><testcase classname="tests.test_node_storage_sample" name="test_valid_signature_with_invalid_content_is_not_accepted[future]" time="0.013" /><testcase classname="tests.test_node_storage_sample" name="test_valid_signature_with_invalid_content_is_not_accepted[claim_health]" time="0.011" /><testcase classname="tests.test_node_storage_sample" name="test_valid_signature_with_invalid_content_is_not_accepted[wrong_hash_type]" time="0.010" /><testcase classname="tests.test_node_storage_sample" name="test_valid_signature_with_invalid_content_is_not_accepted[unpaired]" time="0.010" /><testcase classname="tests.test_node_storage_sample" name="test_expired_certificate_and_different_pin_rejected" time="0.009" /><testcase classname="tests.test_node_storage_sample" name="test_byte_budget_rejects_before_stream_read" time="0.006" /><testcase classname="tests.test_node_storage_sample" name="test_wire_corruption_and_signature_domain_rejected[tamper]" time="0.008" /><testcase classname="tests.test_node_storage_sample" name="test_wire_corruption_and_signature_domain_rejected[bad_base64]" time="0.009" /><testcase classname="tests.test_node_storage_sample" name="test_wire_corruption_and_signature_domain_rejected[too_large]" time="0.009" /><testcase classname="tests.test_node_storage_sample" name="test_wire_corruption_and_signature_domain_rejected[short_signature]" time="0.011" /><testcase classname="tests.test_node_storage_sample" name="test_wire_corruption_and_signature_domain_rejected[extra_field]" time="0.009" /><testcase classname="tests.test_node_storage_sample" name="test_wire_corruption_and_signature_domain_rejected[wrong_domain]" time="0.008" /><testcase classname="tests.test_node_storage_sample" name="test_root_configuration_mismatch_rejected_before_read[root_version-3]" time="0.005" /><testcase classname="tests.test_node_storage_sample" name="test_root_configuration_mismatch_rejected_before_read[contribution_id-stc_01M30ZMNJ8W2RWYREBM5THKTQT]" time="0.004" /><testcase classname="tests.test_node_storage_sample" name="test_invalid_byte_budget_rejected[-1]" time="0.004" /><testcase classname="tests.test_node_storage_sample" name="test_invalid_byte_budget_rejected[True]" time="0.008" /><testcase classname="tests.test_node_storage_sample" name="test_invalid_byte_budget_rejected[1.5]" time="0.006" /><testcase classname="tests.test_node_storage_sample" name="test_invalid_byte_budget_rejected[10]" time="0.006" /><testcase classname="tests.test_operational_readiness" name="test_a_prepared_tenant_reports_ready" time="0.582" /><testcase classname="tests.test_operational_readiness" name="test_an_empty_tenant_names_who_supplies_each_missing_input" time="0.494" /><testcase classname="tests.test_operational_readiness" name="test_membership_without_a_role_that_may_request_is_refused" time="0.459" /><testcase classname="tests.test_operational_readiness" name="test_a_subject_the_kernel_does_not_share_is_refused" time="0.492" /><testcase classname="tests.test_operational_readiness" name="test_an_unlinked_project_is_refused" time="0.510" /><testcase classname="tests.test_operational_readiness" name="test_a_disabled_operator_grant_is_refused" time="0.498" /><testcase classname="tests.test_operational_readiness" name="test_a_revoked_folder_is_reported_absent" time="0.495" /><testcase classname="tests.test_operational_readiness" name="test_every_grant_held_and_execution_still_refused" time="0.501" /><testcase classname="tests.test_operational_readiness" name="test_a_stale_node_closes_admission_without_touching_grants" time="0.470" /><testcase classname="tests.test_operational_readiness" name="test_the_recorded_offer_and_the_kernel_offer_must_agree" time="0.442" /><testcase classname="tests.test_package_surface" name="test_the_package_exposes_one_application_plus_the_known_quarantine" time="0.828" /><testcase classname="tests.test_package_surface" name="test_no_production_module_imports_test_controllers" time="0.145" /><testcase classname="tests.test_package_surface" name="test_the_quarantine_list_has_not_grown_silently" time="0.000" /><testcase classname="tests.test_partitions_logic" name="test_month_floor_discards_everything_below_the_month" time="0.000" /><testcase classname="tests.test_partitions_logic" name="test_add_months_crosses_year_boundaries[start0-1-expected0]" time="0.001" /><testcase classname="tests.test_partitions_logic" name="test_add_months_crosses_year_boundaries[start1-3-expected1]" time="0.000" /><testcase classname="tests.test_partitions_logic" name="test_add_months_crosses_year_boundaries[start2-3-expected2]" time="0.000" /><testcase classname="tests.test_partitions_logic" name="test_add_months_crosses_year_boundaries[start3-1-expected3]" time="0.000" /><testcase classname="tests.test_partitions_logic" name="test_add_months_crosses_year_boundaries[start4--1-expected4]" time="0.000" /><testcase classname="tests.test_partitions_logic" name="test_add_months_crosses_year_boundaries[start5--3-expected5]" time="0.000" /><testcase classname="tests.test_partitions_logic" name="test_add_months_crosses_year_boundaries[start6-0-expected6]" time="0.000" /><testcase classname="tests.test_partitions_logic" name="test_add_months_crosses_year_boundaries[start7-12-expected7]" time="0.000" /><testcase classname="tests.test_partitions_logic" name="test_partition_name_is_stable_and_sortable" time="0.000" /><testcase classname="tests.test_partitions_logic" name="test_three_month_lead_survives_two_missed_jobs" time="0.000" /><testcase classname="tests.test_pathsafe" name="test_accepted_contribution_roots[C:\\inv\\data-windows-C:\\inv\\data]" time="0.001" /><testcase classname="tests.test_pathsafe" name="test_accepted_contribution_roots[D:\\Lab\\Share\\node01-windows-D:\\Lab\\Share\\node01]" time="0.000" /><testcase classname="tests.test_pathsafe" name="test_accepted_contribution_roots[C:\\inv\\data\\.\\sub-windows-C:\\inv\\data\\sub]" time="0.000" /><testcase classname="tests.test_pathsafe" name="test_accepted_contribution_roots[/srv/inv/data-linux-/srv/inv/data]" time="0.000" /><testcase classname="tests.test_pathsafe" name="test_accepted_contribution_roots[/srv/inv/./data/-linux-/srv/inv/data]" time="0.000" /><testcase classname="tests.test_pathsafe" name="test_accepted_contribution_roots[/home/lab/contrib-linux-/home/lab/contrib]" time="0.000" /><testcase classname="tests.test_pathsafe" name="test_rejected_contribution_roots[windows_system_dir]" time="0.001" /><testcase classname="tests.test_pathsafe" name="test_rejected_contribution_roots[windows_program_files]" time="0.000" /><testcase classname="tests.test_pathsafe" name="test_rejected_contribution_roots[windows_unc_share]" time="0.000" /><testcase classname="tests.test_pathsafe" name="test_rejected_contribution_roots[windows_device_namespace]" time="0.000" /><testcase classname="tests.test_pathsafe" name="test_rejected_contribution_roots[windows_dot_device_namespace]" time="0.001" /><testcase classname="tests.test_pathsafe" name="test_rejected_contribution_roots[windows_drive_relative]" time="0.000" /><testcase classname="tests.test_pathsafe" name="test_rejected_contribution_roots[windows_whole_drive]" time="0.000" /><testcase classname="tests.test_pathsafe" name="test_rejected_contribution_roots[windows_reserved_con]" time="0.000" /><testcase classname="tests.test_pathsafe" name="test_rejected_contribution_roots[windows_reserved_com1_with_ext]" time="0.000" /><testcase classname="tests.test_pathsafe" name="test_rejected_contribution_roots[windows_alternate_data_stream]" time="0.000" /><testcase classname="tests.test_pathsafe" name="test_rejected_contribution_roots[windows_trailing_dot_segment]" time="0.000" /><testcase classname="tests.test_pathsafe" name="test_rejected_contribution_roots[windows_traverses_into_system]" time="0.000" /><testcase classname="tests.test_pathsafe" name="test_rejected_contribution_roots[windows_no_drive]" time="0.000" /><testcase classname="tests.test_pathsafe" name="test_rejected_contribution_roots[posix_relative]" time="0.000" /><testcase classname="tests.test_pathsafe" name="test_rejected_contribution_roots[posix_root]" time="0.000" /><testcase classname="tests.test_pathsafe" name="test_rejected_contribution_roots[posix_proc]" time="0.000" /><testcase classname="tests.test_pathsafe" name="test_rejected_contribution_roots[posix_etc]" time="0.000" /><testcase classname="tests.test_pathsafe" name="test_rejected_contribution_roots[posix_traversal_escapes_to_etc]" time="0.000" /><testcase classname="tests.test_pathsafe" name="test_rejected_contribution_roots[posix_backslash_not_a_separator]" time="0.000" /><testcase classname="tests.test_pathsafe" name="test_rejected_contribution_roots[posix_percent_encoded_traversal]" time="0.001" /><testcase classname="tests.test_pathsafe" name="test_rejected_contribution_roots[posix_double_encoded_traversal]" time="0.000" /><testcase classname="tests.test_pathsafe" name="test_rejected_contribution_roots[empty]" time="0.000" /><testcase classname="tests.test_pathsafe" name="test_rejected_contribution_roots[whitespace_only]" time="0.000" /><testcase classname="tests.test_pathsafe" name="test_rejected_contribution_roots[nul_byte]" time="0.000" /><testcase classname="tests.test_pathsafe" name="test_rejected_contribution_roots[control_character]" time="0.000" /><testcase classname="tests.test_pathsafe" name="test_unknown_os_type_is_rejected" time="0.000" /><testcase classname="tests.test_pathsafe" name="test_normalisation_is_idempotent" time="0.000" /><testcase classname="tests.test_pathsafe" name="test_unicode_spellings_normalise_to_one_path" time="0.002" /><testcase classname="tests.test_pathsafe" name="test_accepted_relative_paths[a/b/c.txt-linux-a/b/c.txt]" time="0.001" /><testcase classname="tests.test_pathsafe" name="test_accepted_relative_paths[a\\b\\c.txt-windows-a/b/c.txt]" time="0.001" /><testcase classname="tests.test_pathsafe" name="test_accepted_relative_paths[./a/./b-linux-a/b]" time="0.001" /><testcase classname="tests.test_pathsafe" name="test_rejected_relative_paths[parent_escape]" time="0.001" /><testcase classname="tests.test_pathsafe" name="test_rejected_relative_paths[nested_parent_escape]" time="0.000" /><testcase classname="tests.test_pathsafe" name="test_rejected_relative_paths[absolute_posix]" time="0.000" /><testcase classname="tests.test_pathsafe" name="test_rejected_relative_paths[absolute_windows]" time="0.000" /><testcase classname="tests.test_pathsafe" name="test_rejected_relative_paths[drive_qualified]" time="0.000" /><testcase classname="tests.test_pathsafe" name="test_rejected_relative_paths[encoded_parent]" time="0.001" /><testcase classname="tests.test_pathsafe" name="test_rejected_relative_paths[double_encoded_parent]" time="0.000" /><testcase classname="tests.test_pathsafe" name="test_rejected_relative_paths[reserved_device]" time="0.000" /><testcase classname="tests.test_pathsafe" name="test_rejected_relative_paths[colon_stream]" time="0.000" /><testcase classname="tests.test_pathsafe" name="test_rejected_relative_paths[empty_after_normalisation]" time="0.000" /><testcase classname="tests.test_pathsafe" name="test_resolve_within_accepts_a_contained_path" time="0.004" /><testcase classname="tests.test_pathsafe" name="test_resolve_within_rejects_traversal" time="0.002" /><testcase classname="tests.test_pathsafe" name="test_resolve_within_rejects_a_symlink_pointing_outside" time="0.000"><skipped type="pytest.skip" message="creating a symlink on Windows needs privilege; set INV_TEST_SYMLINKS to run">C:\Project\SaintVision-Invion\.worktrees\claude-cx01\tests\test_pathsafe.py:147: creating a symlink on Windows needs privilege; set INV_TEST_SYMLINKS to run</skipped></testcase><testcase classname="tests.test_pathsafe" name="test_build_uri_per_namespace" time="0.000" /><testcase classname="tests.test_pathsafe" name="test_build_uri_rejects_incomplete_input[kwargs0]" time="0.000" /><testcase classname="tests.test_pathsafe" name="test_build_uri_rejects_incomplete_input[kwargs1]" time="0.000" /><testcase classname="tests.test_pathsafe" name="test_build_uri_rejects_incomplete_input[kwargs2]" time="0.000" /><testcase classname="tests.test_pathsafe" name="test_build_uri_rejects_incomplete_input[kwargs3]" time="0.000" /><testcase classname="tests.test_pathsafe" name="test_build_uri_rejects_incomplete_input[kwargs4]" time="0.000" /><testcase classname="tests.test_pathsafe" name="test_build_uri_rejects_incomplete_input[kwargs5]" time="0.000" /><testcase classname="tests.test_permission_observation" name="test_read_only_observation_writes_nothing" time="0.169" /><testcase classname="tests.test_permission_observation" name="test_previous_snapshot_is_scoped_to_project" time="0.347" /><testcase classname="tests.test_permission_observation" name="test_disabled_operator_is_observed_without_authorizing" time="0.280" /><testcase classname="tests.test_permission_observation" name="test_concurrent_collectors_have_one_initial_snapshot" time="0.283" /><testcase classname="tests.test_permission_observation" name="test_grant_change_during_collection_is_a_later_observation" time="0.278" /><testcase classname="tests.test_permission_observation" name="test_failure_rolls_back_and_releases_lock" time="0.270" /><testcase classname="tests.test_permission_observation" name="test_runtime_role_and_cross_tenant_subject_cannot_record" time="0.181" /><testcase classname="tests.test_permission_observation" name="test_clock_rollback_is_rejected_without_reordering" time="0.226" /><testcase classname="tests.test_permission_observation" name="test_cli_snapshot_and_acceptance_report_share_exit_and_commit[False]" time="1.094" /><testcase classname="tests.test_permission_observation" name="test_cli_snapshot_and_acceptance_report_share_exit_and_commit[True]" time="1.265" /><testcase classname="tests.test_permission_observation" name="test_catalog_read_is_readonly_and_does_not_record_snapshot" time="0.203" /><testcase classname="tests.test_pilot" name="test_a_passing_drill_needs_measurements" time="1.484" /><testcase classname="tests.test_pilot" name="test_a_passing_drill_needs_checksum_verification" time="1.470" /><testcase classname="tests.test_pilot" name="test_a_database_drill_cannot_pass_without_the_fencing_check" time="1.512" /><testcase classname="tests.test_pilot" name="test_a_database_drill_passes_once_fencing_is_verified" time="1.592" /><testcase classname="tests.test_pilot" name="test_a_workspace_drill_does_not_need_the_fencing_check" time="1.489" /><testcase classname="tests.test_pilot" name="test_a_drill_that_missed_the_target_still_records_the_pass" time="1.702" /><testcase classname="tests.test_pilot" name="test_the_database_refuses_met_targets_that_contradict_the_numbers" time="1.637" /><testcase classname="tests.test_pilot" name="test_the_database_refuses_a_database_pass_without_fencing" time="1.573" /><testcase classname="tests.test_pilot" name="test_a_failed_drill_records_without_measurements" time="1.513" /><testcase classname="tests.test_pilot" name="test_a_backup_is_not_verified_without_a_checksum" time="1.514" /><testcase classname="tests.test_pilot" name="test_verifying_a_backup_requires_a_real_digest" time="1.517" /><testcase classname="tests.test_pilot" name="test_off_site_is_recorded_not_inferred" time="1.499" /><testcase classname="tests.test_pilot" name="test_one_mismatch_makes_a_folder_unhealthy" time="1.602" /><testcase classname="tests.test_pilot" name="test_an_unreachable_folder_is_unhealthy" time="1.511" /><testcase classname="tests.test_pilot" name="test_the_database_refuses_healthy_with_a_mismatch" time="1.541" /><testcase classname="tests.test_pilot" name="test_a_never_checked_folder_needs_attention" time="1.515" /><testcase classname="tests.test_pilot" name="test_a_stale_check_needs_attention" time="1.445" /><testcase classname="tests.test_pilot" name="test_a_recent_healthy_check_needs_no_attention" time="1.490" /><testcase classname="tests.test_pilot" name="test_a_component_without_a_digest_is_refused" time="1.507" /><testcase classname="tests.test_pilot" name="test_the_manifest_hash_is_order_independent" time="1.511" /><testcase classname="tests.test_pilot" name="test_a_conditional_acceptance_must_say_what_it_is_conditional_on" time="1.463" /><testcase classname="tests.test_pilot" name="test_the_database_refuses_a_conditional_acceptance_with_no_limitations" time="1.523" /><testcase classname="tests.test_pilot" name="test_acceptance_must_be_by_a_real_user" time="1.471" /><testcase classname="tests.test_pilot" name="test_acceptance_pins_the_manifest_it_saw" time="1.532" /><testcase classname="tests.test_pilot" name="test_readiness_lists_every_missing_piece" time="1.512" /><testcase classname="tests.test_pilot" name="test_readiness_catalog_does_not_certify_operating_acceptance[None]" time="1.547" /><testcase classname="tests.test_pilot" name="test_readiness_catalog_does_not_certify_operating_acceptance[expired]" time="1.927" /><testcase classname="tests.test_pilot" name="test_readiness_catalog_does_not_certify_operating_acceptance[missed-target]" time="1.525" /><testcase classname="tests.test_pilot" name="test_readiness_catalog_does_not_certify_operating_acceptance[wrong-criterion]" time="1.551" /><testcase classname="tests.test_pilot" name="test_readiness_reports_a_drill_that_passed_but_missed_the_target" time="1.525" /><testcase classname="tests.test_pilot" name="test_a_rejected_acceptance_blocks_readiness" time="1.505" /><testcase classname="tests.test_pilot" name="test_a_permission_snapshot_is_hashed_order_independently" time="1.487" /><testcase classname="tests.test_pilot" name="test_pilot_records_are_tenant_isolated" time="1.535" /><testcase classname="tests.test_pilot" name="test_failed_or_aborted_drill_keeps_measurements_without_claiming_targets[failed]" time="1.528" /><testcase classname="tests.test_pilot" name="test_failed_or_aborted_drill_keeps_measurements_without_claiming_targets[aborted]" time="1.535" /><testcase classname="tests.test_pitr_boundary" name="test_command_secret_never_enters_report" time="0.000" /><testcase classname="tests.test_pitr_boundary" name="test_noop_archiver_is_not_possible" time="0.000" /><testcase classname="tests.test_pitr_boundary" name="test_archive_library_is_a_configuration_candidate" time="0.000" /><testcase classname="tests.test_pitr_boundary" name="test_configuration_is_not_restore_evidence" time="0.000" /><testcase classname="tests.test_pitr_boundary" name="test_cli_gate_never_accepts_settings_as_recovery" time="0.002" /><testcase classname="tests.test_pitr_boundary" name="test_connection_failure_is_redacted" time="0.001" /><testcase classname="tests.test_pitr_boundary" name="test_both_archive_mechanisms_are_inconclusive" time="0.000" /><testcase classname="tests.test_pitr_boundary" name="test_unread_library_is_not_assumed_disabled" time="0.000" /><testcase classname="tests.test_pitr_boundary" name="test_unknown_values_and_extra_fields_are_not_reflected" time="0.000" /><testcase classname="tests.test_pitr_boundary" name="test_legacy_dsn_argument_is_not_echoed" time="0.001" /><testcase classname="tests.test_pitr_boundary" name="test_read_error_does_not_poison_following_settings" time="0.000" /><testcase classname="tests.test_pitr_readiness" name="test_a_fully_configured_cluster_is_possible" time="0.000" /><testcase classname="tests.test_pitr_readiness" name="test_archive_mode_off_is_absent" time="0.000" /><testcase classname="tests.test_pitr_readiness" name="test_an_empty_or_disabled_archive_command_is_absent[]" time="0.000" /><testcase classname="tests.test_pitr_readiness" name="test_an_empty_or_disabled_archive_command_is_absent[(disabled)]" time="0.000" /><testcase classname="tests.test_pitr_readiness" name="test_an_empty_or_disabled_archive_command_is_absent[off]" time="0.000" /><testcase classname="tests.test_pitr_readiness" name="test_wal_level_below_replica_is_absent" time="0.000" /><testcase classname="tests.test_pitr_readiness" name="test_an_unread_setting_is_inconclusive_never_absent" time="0.000" /><testcase classname="tests.test_pitr_readiness" name="test_always_counts_as_on_and_logical_exceeds_replica" time="0.000" /><testcase classname="tests.test_pitr_readiness" name="test_a_default_cluster_reads_as_absent" time="0.024" /><testcase classname="tests.test_pools" name="test_announcing_creates_a_candidate_and_nothing_else" time="1.544" /><testcase classname="tests.test_pools" name="test_reannouncing_refreshes_one_row" time="1.559" /><testcase classname="tests.test_pools" name="test_reannouncing_does_not_revive_a_declined_candidate" time="1.614" /><testcase classname="tests.test_pools" name="test_the_same_instance_id_from_a_different_address_is_a_different_candidate" time="1.666" /><testcase classname="tests.test_pools" name="test_candidate_fields_are_marked_as_claims" time="1.542" /><testcase classname="tests.test_pools" name="test_a_stale_candidate_is_hidden_and_can_be_expired" time="1.581" /><testcase classname="tests.test_pools" name="test_admission_mints_a_token_but_does_not_create_a_node" time="1.517" /><testcase classname="tests.test_pools" name="test_admitting_twice_is_refused" time="1.495" /><testcase classname="tests.test_pools" name="test_the_database_refuses_an_admitted_state_without_a_node" time="1.505" /><testcase classname="tests.test_pools" name="test_discovery_is_tenant_isolated" time="1.490" /><testcase classname="tests.test_pools" name="test_capacity_reports_the_sum_and_the_single_node_ceiling" time="1.523" /><testcase classname="tests.test_pools" name="test_spare_reflects_current_utilisation" time="1.724" /><testcase classname="tests.test_pools" name="test_a_node_with_no_fresh_snapshot_counts_as_zero_spare" time="1.738" /><testcase classname="tests.test_pools" name="test_a_lost_node_does_not_contribute_capacity" time="1.748" /><testcase classname="tests.test_pools" name="test_ranking_puts_the_idlest_node_first" time="1.616" /><testcase classname="tests.test_pools" name="test_a_shard_larger_than_any_node_has_no_candidate" time="1.517" /><testcase classname="tests.test_pools" name="test_ranking_uses_spare_not_offered" time="1.567" /><testcase classname="tests.test_pools" name="test_a_gpu_shard_is_not_sent_to_the_node_with_the_most_free_ram" time="1.506" /><testcase classname="tests.test_pools" name="test_splitting_requires_the_workload_to_declare_it" time="1.595" /><testcase classname="tests.test_pools" name="test_a_declared_split_places_shards_idlest_first" time="1.548" /><testcase classname="tests.test_pools" name="test_one_node_can_hold_several_shards_when_it_has_room" time="1.543" /><testcase classname="tests.test_pools" name="test_a_partial_placement_is_refused" time="1.575" /><testcase classname="tests.test_pools" name="test_a_single_node_plan_cannot_have_several_shards" time="1.463" /><testcase classname="tests.test_pools" name="test_the_database_refuses_a_split_without_the_declaration" time="1.561" /><testcase classname="tests.test_pools" name="test_one_run_has_at_most_one_plan" time="1.558" /><testcase classname="tests.test_pools" name="test_pool_membership_is_idempotent" time="1.475" /><testcase classname="tests.test_pools" name="test_a_capability_cannot_be_stored_in_the_wrong_unit" time="1.464" /><testcase classname="tests.test_pools" name="test_a_node_may_not_observe_another_nodes_capability" time="1.473" /><testcase classname="tests.test_pools" name="test_the_database_refuses_a_foreign_capability_too" time="1.482" /><testcase classname="tests.test_pools" name="test_a_reported_unit_is_converted_before_it_is_stored" time="1.454" /><testcase classname="tests.test_pools" name="test_an_unconvertible_unit_is_refused_at_the_heartbeat" time="1.496" /><testcase classname="tests.test_pools" name="test_the_idlest_node_is_the_one_with_the_most_free_bytes" time="1.490" /><testcase classname="tests.test_pools" name="test_the_database_bounds_shard_count" time="1.481" /><testcase classname="tests.test_pools" name="test_the_pool_report_states_its_units" time="1.488" /><testcase classname="tests.test_projects" name="test_the_creator_owns_the_project_they_just_made" time="1.466" /><testcase classname="tests.test_projects" name="test_a_project_created_now_is_visible_now" time="1.424" /><testcase classname="tests.test_projects" name="test_a_created_project_cannot_execute_yet_and_says_so" time="1.438" /><testcase classname="tests.test_projects" name="test_a_linked_project_reports_that_it_can_run" time="1.406" /><testcase classname="tests.test_projects" name="test_the_application_cannot_read_the_link_table_directly" time="1.457" /><testcase classname="tests.test_projects" name="test_a_duplicate_code_is_refused" time="1.509" /><testcase classname="tests.test_projects" name="test_a_suspended_user_cannot_create_a_project" time="1.385" /><testcase classname="tests.test_projects" name="test_an_unusable_project_code_is_refused[Team One]" time="1.435" /><testcase classname="tests.test_projects" name="test_an_unusable_project_code_is_refused[a]" time="1.373" /><testcase classname="tests.test_projects" name="test_an_unusable_project_code_is_refused[-leading]" time="1.437" /><testcase classname="tests.test_projects" name="test_an_unusable_project_code_is_refused[trailing-]" time="1.467" /><testcase classname="tests.test_projects" name="test_an_unusable_project_code_is_refused[xxxxxxxxxxxxxxxxxxxxxxxxxxxxxxxxxxxxxxxxxxxxxxxxxxxxxxxxxxxxxxxxxxxxxx]" time="1.461" /><testcase classname="tests.test_projects" name="test_a_non_member_is_refused_and_told_nothing" time="1.433" /><testcase classname="tests.test_projects" name="test_a_revoked_membership_stops_working_immediately" time="1.496" /><testcase classname="tests.test_projects" name="test_another_tenants_user_cannot_reach_this_project" time="1.435" /><testcase classname="tests.test_projects" name="test_a_workspace_starts_provisioning_not_ready" time="1.971" /><testcase classname="tests.test_projects" name="test_a_viewer_may_not_create_a_workspace" time="2.515" /><testcase classname="tests.test_projects" name="test_a_deleted_workspace_is_not_listed" time="2.410" /><testcase classname="tests.test_projects" name="test_listing_workspaces_requires_membership" time="2.430" /><testcase classname="tests.test_projects" name="test_the_tool_choice_is_recorded_on_the_workspace" time="2.531" /><testcase classname="tests.test_projects" name="test_a_tool_with_no_headless_mode_cannot_be_chosen" time="2.404" /><testcase classname="tests.test_projects" name="test_an_unknown_tool_is_refused_when_it_is_written" time="2.515" /><testcase classname="tests.test_projects" name="test_a_viewer_may_not_choose_the_tool" time="2.765" /><testcase classname="tests.test_projects" name="test_the_database_refuses_a_tool_name_no_adapter_knows" time="2.593" /><testcase classname="tests.test_recovery_drill_prerequisites" name="test_missing_container_identity_is_a_reasoned_skip_without_inspect" time="0.001" /><testcase classname="tests.test_recovery_drill_prerequisites" name="test_recovery_args_fixture_reports_missing_identity_as_skip" time="0.032" /><testcase classname="tests.test_recovery_drill_prerequisites" name="test_absent_named_container_is_a_reasoned_skip" time="0.001" /><testcase classname="tests.test_recovery_drill_prerequisites" name="test_missing_docker_cli_is_a_reasoned_skip" time="0.000" /><testcase classname="tests.test_recovery_drill_prerequisites" name="test_docker_daemon_unavailable_is_a_reasoned_skip" time="0.000" /><testcase classname="tests.test_recovery_drill_prerequisites" name="test_permission_denied_launching_docker_is_a_reasoned_skip" time="0.000" /><testcase classname="tests.test_recovery_drill_prerequisites" name="test_unknown_spawn_error_is_not_hidden_as_environment_skip" time="0.000" /><testcase classname="tests.test_recovery_drill_prerequisites" name="test_failure_expectation_turns_direct_pytest_skip_into_failure" time="0.001" /><testcase classname="tests.test_recovery_drill_prerequisites" name="test_failure_expectation_turns_grouped_pytest_skip_into_failure" time="0.001" /><testcase classname="tests.test_recovery_drill_prerequisites" name="test_known_codex_disposable_owner_label_allows_test_body" time="0.000" /><testcase classname="tests.test_recovery_drill_prerequisites" name="test_foreign_or_unrecognized_owner_label_is_a_failure_not_a_skip" time="0.000" /><testcase classname="tests.test_recovery_drill_prerequisites" name="test_codex_label_without_creator_attestation_is_not_owned" time="0.000" /><testcase classname="tests.test_recovery_drill_prerequisites" name="test_recognized_cx01_label_is_accepted" time="0.000" /><testcase classname="tests.test_recovery_drill_prerequisites" name="test_running_ready_internal_archiver_is_a_reasoned_host_network_skip" time="0.009" /><testcase classname="tests.test_recovery_drill_prerequisites" name="test_exited_archiver_with_startup_error_is_failure_not_skip" time="0.010" /><testcase classname="tests.test_recovery_drill_prerequisites" name="test_postgresql_error_marker_cannot_be_overridden_by_a_later_ready_line" time="0.008" /><testcase classname="tests.test_recovery_drill_prerequisites" name="test_restarted_archiver_is_failure_even_if_latest_logs_include_ready" time="0.009" /><testcase classname="tests.test_recovery_drill_prerequisites" name="test_running_archiver_without_ready_or_error_marker_is_unclassified_failure" time="0.009" /><testcase classname="tests.test_recovery_drill_prerequisites" name="test_archiver_inspect_or_logs_failure_is_not_misreported_as_network_skip" time="0.008" /><testcase classname="tests.test_recovery_drill_prerequisites" name="test_archiver_classifier_command_spawn_failures_are_not_skips" time="0.008" /><testcase classname="tests.test_recovery_drill_prerequisites" name="test_ready_archiver_with_published_host_port_is_failure_not_internal_network_skip" time="0.008" /><testcase classname="tests.test_replica_repair" name="test_two_ready_replicas_meets_a_factor_of_two" time="2.732" /><testcase classname="tests.test_replica_repair" name="test_one_ready_replica_is_under_replicated_with_a_source" time="2.685" /><testcase classname="tests.test_replica_repair" name="test_only_unusable_copies_is_at_risk_not_healthy" time="2.627" /><testcase classname="tests.test_replica_repair" name="test_no_replica_at_all_is_unreplicated" time="2.648" /><testcase classname="tests.test_replica_repair" name="test_locations_needing_repair_excludes_healthy_ones" time="2.594" /><testcase classname="tests.test_replica_repair" name="test_a_departed_node_marks_its_copies_stale_and_keeps_the_location" time="2.658" /><testcase classname="tests.test_replica_repair" name="test_node_loss_on_a_pinned_replica_keeps_the_pin" time="2.708" /><testcase classname="tests.test_replica_repair" name="test_fleet_summary_aggregates_classification_across_the_catalogue" time="2.755" /><testcase classname="tests.test_replica_repair" name="test_a_replica_factor_below_one_is_rejected" time="2.864" /><testcase classname="tests.test_result_readiness" name="test_standalone_business_app_does_not_serve_duplicate_run_results" time="3.143" /><testcase classname="tests.test_result_readiness" name="test_readiness_uses_business_route_but_results_stay_on_kernel" time="3.165" /><testcase classname="tests.test_result_readiness" name="test_readiness_never_probes_control_plane_cli" time="2.947" /><testcase classname="tests.test_result_readiness" name="test_subject_and_execution_definers_reject_cross_tenant_and_revocation" time="2.936" /><testcase classname="tests.test_route_coverage" name="test_registered_surface_ignores_unmounted_router_and_keeps_prefix_and_websocket" time="0.005" /><testcase classname="tests.test_route_coverage" name="test_business_dispatch_does_not_expose_its_unselected_routes" time="0.002" /><testcase classname="tests.test_route_coverage" name="test_configured_failure_is_sanitized_and_never_falls_back" time="0.003" /><testcase classname="tests.test_route_coverage" name="test_empty_source_measurement_never_claims_operating_acceptance" time="0.004" /><testcase classname="tests.test_route_coverage" name="test_missing_input_directory_is_not_zero_unserved" time="0.003" /><testcase classname="tests.test_route_coverage" name="test_the_kernel_decorator_form_is_found" time="0.000" /><testcase classname="tests.test_route_coverage" name="test_any_holder_name_works[app]" time="0.000" /><testcase classname="tests.test_route_coverage" name="test_any_holder_name_works[api]" time="0.000" /><testcase classname="tests.test_route_coverage" name="test_any_holder_name_works[router]" time="0.000" /><testcase classname="tests.test_route_coverage" name="test_any_holder_name_works[business]" time="0.000" /><testcase classname="tests.test_route_coverage" name="test_any_holder_name_works[control]" time="0.000" /><testcase classname="tests.test_route_coverage" name="test_websocket_routes_count" time="0.000" /><testcase classname="tests.test_route_coverage" name="test_a_router_prefix_is_applied" time="0.000" /><testcase classname="tests.test_route_coverage" name="test_an_f_string_path_is_found" time="0.000" /><testcase classname="tests.test_route_coverage" name="test_parameter_spellings_collapse_to_one" time="0.000" /><testcase classname="tests.test_route_coverage" name="test_a_client_interpolation_is_captured" time="0.000" /><testcase classname="tests.test_route_coverage" name="test_a_plain_client_literal_is_captured" time="0.000" /><testcase classname="tests.test_route_coverage" name="test_non_v1_paths_are_ignored" time="0.000" /><testcase classname="tests.test_route_coverage" name="test_a_hardcoded_fixture_id_is_reported_as_its_own_path" time="0.000" /><testcase classname="tests.test_route_coverage" name="test_a_served_tree_and_a_client_tree_can_disagree_completely" time="0.000" /><testcase classname="tests.test_route_coverage" name="test_a_bare_v1_base_constant_is_not_a_call" time="0.000" /><testcase classname="tests.test_route_coverage" name="test_a_hole_fused_to_a_segment_is_dropped_as_an_artefact" time="0.000" /><testcase classname="tests.test_route_coverage" name="test_a_properly_separated_interpolation_still_counts" time="0.000" /><testcase classname="tests.test_route_coverage" name="test_nonempty_route_comparison_can_pass_or_fail[False-1]" time="0.012" /><testcase classname="tests.test_route_coverage" name="test_nonempty_route_comparison_can_pass_or_fail[True-0]" time="0.013" /><testcase classname="tests.test_route_coverage" name="test_client_source_does_not_request_unserved_evidence_or_bare_events_endpoints" time="0.907" /><testcase classname="tests.test_route_coverage" name="test_evidence_viewer_integrity_contract_invariants" time="0.001" /><testcase classname="tests.test_route_coverage" name="test_ui_priority_6_fallback_boundary_invariants" time="0.003" /><testcase classname="tests.test_route_coverage" name="test_discovery_candidate_schema_contract_invariants" time="0.002" /><testcase classname="tests.test_run_state" name="test_there_are_exactly_the_eleven_states" time="0.001" /><testcase classname="tests.test_run_state" name="test_terminal_states_are_the_three_endings" time="0.001" /><testcase classname="tests.test_run_state" name="test_every_non_terminal_state_can_be_cancelled[draft]" time="0.001" /><testcase classname="tests.test_run_state" name="test_every_non_terminal_state_can_be_cancelled[validated]" time="0.001" /><testcase classname="tests.test_run_state" name="test_every_non_terminal_state_can_be_cancelled[planned]" time="0.001" /><testcase classname="tests.test_run_state" name="test_every_non_terminal_state_can_be_cancelled[awaiting_approval]" time="0.001" /><testcase classname="tests.test_run_state" name="test_every_non_terminal_state_can_be_cancelled[scheduled]" time="0.001" /><testcase classname="tests.test_run_state" name="test_every_non_terminal_state_can_be_cancelled[running]" time="0.001" /><testcase classname="tests.test_run_state" name="test_every_non_terminal_state_can_be_cancelled[verifying]" time="0.001" /><testcase classname="tests.test_run_state" name="test_every_non_terminal_state_can_be_cancelled[recovering]" time="0.002" /><testcase classname="tests.test_run_state" name="test_every_non_terminal_state_can_fail[draft]" time="0.001" /><testcase classname="tests.test_run_state" name="test_every_non_terminal_state_can_fail[validated]" time="0.005" /><testcase classname="tests.test_run_state" name="test_every_non_terminal_state_can_fail[planned]" time="0.002" /><testcase classname="tests.test_run_state" name="test_every_non_terminal_state_can_fail[awaiting_approval]" time="0.002" /><testcase classname="tests.test_run_state" name="test_every_non_terminal_state_can_fail[scheduled]" time="0.001" /><testcase classname="tests.test_run_state" name="test_every_non_terminal_state_can_fail[running]" time="0.002" /><testcase classname="tests.test_run_state" name="test_every_non_terminal_state_can_fail[verifying]" time="0.001" /><testcase classname="tests.test_run_state" name="test_every_non_terminal_state_can_fail[recovering]" time="0.001" /><testcase classname="tests.test_run_state" name="test_terminal_states_go_nowhere[cancelled]" time="0.001" /><testcase classname="tests.test_run_state" name="test_terminal_states_go_nowhere[failed]" time="0.001" /><testcase classname="tests.test_run_state" name="test_terminal_states_go_nowhere[succeeded]" time="0.001" /><testcase classname="tests.test_run_state" name="test_the_happy_path_is_walkable" time="0.001" /><testcase classname="tests.test_run_state" name="test_the_approval_path_is_walkable" time="0.001" /><testcase classname="tests.test_run_state" name="test_recovery_returns_through_scheduled_not_straight_to_running" time="0.001" /><testcase classname="tests.test_run_state" name="test_illegal_transitions_are_refused[draft-running]" time="0.001" /><testcase classname="tests.test_run_state" name="test_illegal_transitions_are_refused[draft-succeeded]" time="0.001" /><testcase classname="tests.test_run_state" name="test_illegal_transitions_are_refused[scheduled-verifying]" time="0.001" /><testcase classname="tests.test_run_state" name="test_illegal_transitions_are_refused[planned-running]" time="0.001" /><testcase classname="tests.test_run_state" name="test_illegal_transitions_are_refused[succeeded-running]" time="0.001" /><testcase classname="tests.test_run_state" name="test_illegal_transitions_are_refused[failed-scheduled]" time="0.001" /><testcase classname="tests.test_run_state" name="test_illegal_transitions_are_refused[cancelled-running]" time="0.001" /><testcase classname="tests.test_run_state" name="test_illegal_transitions_are_refused[running-scheduled]" time="0.001" /><testcase classname="tests.test_run_state" name="test_success_cannot_be_reached_through_the_plain_transition_check" time="0.000" /><testcase classname="tests.test_run_state" name="test_a_terminal_state_requires_a_reason" time="0.001" /><testcase classname="tests.test_run_state" name="test_a_non_terminal_state_refuses_a_reason" time="0.001" /><testcase classname="tests.test_run_state" name="test_reasons_must_match_the_ending[failed-timeout-True]" time="0.001" /><testcase classname="tests.test_run_state" name="test_reasons_must_match_the_ending[failed-node_lost-True]" time="0.001" /><testcase classname="tests.test_run_state" name="test_reasons_must_match_the_ending[failed-verify_failed-True]" time="0.001" /><testcase classname="tests.test_run_state" name="test_reasons_must_match_the_ending[failed-budget_exhausted-True]" time="0.001" /><testcase classname="tests.test_run_state" name="test_reasons_must_match_the_ending[cancelled-cancelled_by_user-True]" time="0.001" /><testcase classname="tests.test_run_state" name="test_reasons_must_match_the_ending[cancelled-approval_expired-True]" time="0.001" /><testcase classname="tests.test_run_state" name="test_reasons_must_match_the_ending[failed-completed-False]" time="0.001" /><testcase classname="tests.test_run_state" name="test_reasons_must_match_the_ending[cancelled-timeout-False]" time="0.001" /><testcase classname="tests.test_run_state" name="test_timeout_and_lost_are_reasons_not_states" time="0.000" /><testcase classname="tests.test_run_state" name="test_check_constraint_lists_every_state" time="0.000" /><testcase classname="tests.test_run_state" name="test_the_graph_has_no_unreachable_state" time="0.000" /><testcase classname="tests.test_schema_seam" name="test_the_duplicated_concept_set_has_not_grown" time="0.033" /><testcase classname="tests.test_schema_seam" name="test_shrinking_the_duplicates_is_reported_not_ignored" time="0.012" /><testcase classname="tests.test_schema_seam" name="test_the_two_halves_agree_on_the_tenant_scope_guc" time="0.013" /><testcase classname="tests.test_schema_seam" name="test_every_schema_the_python_migrations_create_grants_the_app_role" time="0.026" /><testcase classname="tests.test_schema_seam" name="test_the_two_halves_still_disagree_about_resource_kinds" time="0.012" /><testcase classname="tests.test_schema_seam" name="test_public_declares_a_unit_for_every_kind_it_offers" time="0.000" /><testcase classname="tests.test_schema_seam" name="test_the_canonical_units_are_all_integral" time="0.000" /><testcase classname="tests.test_server_auth_integrity" name="test_userinfo_requires_authorization_header" time="0.018" /><testcase classname="tests.test_server_auth_integrity" name="test_userinfo_rejects_junk_bearer_token" time="0.005" /><testcase classname="tests.test_server_auth_integrity" name="test_token_exchange_rejects_mismatching_pkce" time="0.008" /><testcase classname="tests.test_server_auth_integrity" name="test_token_exchange_and_authenticated_userinfo" time="0.010" /><testcase classname="tests.test_server_project_api" name="test_list_and_get_project_runs" time="0.012" /><testcase classname="tests.test_server_project_api" name="test_cancel_project_run" time="0.018" /><testcase classname="tests.test_server_project_api" name="test_list_project_nodes" time="0.006" /><testcase classname="tests.test_server_project_api" name="test_project_approval_challenge_and_decision_flow" time="0.032" /><testcase classname="tests.test_server_project_api" name="test_project_scoped_resume_lifecycle" time="0.027" /><testcase classname="tests.test_server_project_api" name="test_workspace_terminal_tickets_canonical" time="0.017" /><testcase classname="tests.test_settings" name="test_the_kernel_reads_the_same_vocabulary" time="2.950" /><testcase classname="tests.test_settings" name="test_setting_a_role_changes_what_the_user_may_do" time="2.905" /><testcase classname="tests.test_settings" name="test_suspending_a_user_denies_them_immediately" time="2.848" /><testcase classname="tests.test_settings" name="test_archiving_a_project_stops_everything_in_it" time="2.899" /><testcase classname="tests.test_settings" name="test_a_retired_user_cannot_be_brought_back" time="2.964" /><testcase classname="tests.test_settings" name="test_only_an_owner_may_change_settings" time="2.883" /><testcase classname="tests.test_settings" name="test_a_project_cannot_lose_its_last_owner" time="2.993" /><testcase classname="tests.test_settings" name="test_a_second_owner_makes_the_first_removable" time="2.907" /><testcase classname="tests.test_settings" name="test_an_offer_is_superseded_not_edited" time="2.901" /><testcase classname="tests.test_settings" name="test_the_unit_is_converted_once_at_the_boundary" time="2.848" /><testcase classname="tests.test_settings" name="test_a_node_cannot_offer_more_than_it_has" time="2.903" /><testcase classname="tests.test_settings" name="test_a_unit_from_the_wrong_kind_is_refused" time="2.853" /><testcase classname="tests.test_settings" name="test_lowering_an_offer_says_what_it_does_not_do" time="2.868" /><testcase classname="tests.test_settings" name="test_the_pool_reports_what_was_just_offered" time="2.881" /><testcase classname="tests.test_settings" name="test_offers_are_listed_beside_what_the_machine_actually_has" time="2.913" /><testcase classname="tests.test_settings" name="test_a_workspace_reaches_deleted_only_through_deleting" time="2.950" /><testcase classname="tests.test_settings" name="test_an_offer_reaches_what_the_kernel_grants_leases_against" time="2.964" /><testcase classname="tests.test_settings" name="test_an_offer_below_what_is_already_leased_is_refused" time="2.955" /><testcase classname="tests.test_settings" name="test_an_unobserved_node_is_reported_not_refused" time="2.956" /><testcase classname="tests.test_settings" name="test_applying_an_offer_is_bound_to_the_session_tenant" time="2.912" /><testcase classname="tests.test_storage_api" name="test_a_missing_bearer_credential_is_refused" time="2.985" /><testcase classname="tests.test_storage_api" name="test_an_unrecognised_credential_is_refused" time="2.797" /><testcase classname="tests.test_storage_api" name="test_an_unknown_body_field_is_refused" time="2.909" /><testcase classname="tests.test_storage_api" name="test_registering_a_contribution_returns_201_and_the_lifecycle_is_reachable" time="2.949" /><testcase classname="tests.test_storage_api" name="test_registering_against_an_unknown_node_is_a_resource_error" time="2.860" /><testcase classname="tests.test_storage_catalog" name="test_contribution_lifecycle_is_pending_then_active_then_revoked" time="2.895" /><testcase classname="tests.test_storage_catalog" name="test_cataloguing_requires_an_active_contribution" time="2.906" /><testcase classname="tests.test_storage_catalog" name="test_a_catalogued_location_is_not_ready_until_verified" time="2.805" /><testcase classname="tests.test_storage_catalog" name="test_inv_uri_grammar_is_per_kind[dataset-kwargs0-inv://datasets/corpus@3/a.bin]" time="2.895" /><testcase classname="tests.test_storage_catalog" name="test_inv_uri_grammar_is_per_kind[model-kwargs1-inv://models/llama@2/w.safetensors]" time="2.920" /><testcase classname="tests.test_storage_catalog" name="test_inv_uri_grammar_is_per_kind[workspace-kwargs2-inv://workspaces/ws_1/src/main.py]" time="2.861" /><testcase classname="tests.test_storage_catalog" name="test_a_model_uri_without_a_version_is_rejected" time="2.953" /><testcase classname="tests.test_storage_catalog" name="test_mark_verified_sets_ready_with_a_valid_sha256" time="2.904" /><testcase classname="tests.test_storage_catalog" name="test_mark_verified_rejects_a_non_hex_checksum" time="2.865" /><testcase classname="tests.test_storage_catalog" name="test_reverification_with_a_conflicting_checksum_is_refused" time="2.933" /><testcase classname="tests.test_storage_catalog" name="test_the_database_refuses_ready_without_a_verified_checksum" time="2.847" /><testcase classname="tests.test_storage_catalog" name="test_a_retention_pin_only_extends" time="2.862" /><testcase classname="tests.test_storage_catalog" name="test_a_non_owner_scoped_to_one_tenant_cannot_see_another_tenants_location" time="2.877" /><testcase classname="tests.test_storage_check_integrity" name="test_intact_local_sample_is_read_only_and_not_node_attestation" time="3.197" /><testcase classname="tests.test_storage_check_integrity" name="test_unverified_bytes_never_pass[corrupt]" time="3.071" /><testcase classname="tests.test_storage_check_integrity" name="test_unverified_bytes_never_pass[missing]" time="3.003" /><testcase classname="tests.test_storage_check_integrity" name="test_unverified_bytes_never_pass[size]" time="3.006" /><testcase classname="tests.test_storage_check_integrity" name="test_unverified_bytes_never_pass[checksum]" time="3.111" /><testcase classname="tests.test_storage_check_integrity" name="test_scope_mismatch_refused_before_read[tenant]" time="2.922" /><testcase classname="tests.test_storage_check_integrity" name="test_scope_mismatch_refused_before_read[node]" time="2.991" /><testcase classname="tests.test_storage_check_integrity" name="test_scope_mismatch_refused_before_read[root]" time="2.959" /><testcase classname="tests.test_storage_check_integrity" name="test_root_junction_cannot_be_authorized" time="3.191" /><testcase classname="tests.test_storage_check_integrity" name="test_invalid_limit_refused_before_database[0]" time="0.001" /><testcase classname="tests.test_storage_check_integrity" name="test_invalid_limit_refused_before_database[-1]" time="0.001" /><testcase classname="tests.test_storage_check_integrity" name="test_invalid_limit_refused_before_database[True]" time="0.000" /><testcase classname="tests.test_storage_check_integrity" name="test_invalid_limit_refused_before_database[1001]" time="0.000" /><testcase classname="tests.test_storage_check_integrity" name="test_legacy_zero_sample_healthy_row_still_needs_attention" time="3.051" /><testcase classname="tests.test_storage_check_integrity" name="test_no_verified_evidence_is_not_healthy[0-detail0]" time="2.969" /><testcase classname="tests.test_storage_check_integrity" name="test_no_verified_evidence_is_not_healthy[1-detail1]" time="2.947" /><testcase classname="tests.test_storage_check_integrity" name="test_invalid_counts_fail_before_promotion[-1]" time="2.970" /><testcase classname="tests.test_storage_check_integrity" name="test_invalid_counts_fail_before_promotion[True]" time="2.895" /><testcase classname="tests.test_storage_check_integrity" name="test_invalid_counts_fail_before_promotion[1.5]" time="2.863" /><testcase classname="tests.test_storage_check_integrity" name="test_tied_failed_sample_cannot_be_hidden" time="3.022" /><testcase classname="tests.test_storage_check_integrity" name="test_future_observation_does_not_clear_attention" time="2.898" /><testcase classname="tests.test_storage_check_integrity" name="test_cli_rejects_dsn_and_apply_without_echoing_secrets" time="0.709" /><testcase classname="tests.test_storage_check_integrity" name="test_actual_cli_reads_sample_without_recording[True]" time="3.807" /><testcase classname="tests.test_storage_check_integrity" name="test_actual_cli_reads_sample_without_recording[False]" time="3.961" /><testcase classname="tests.test_storage_check_integrity" name="test_sampling_reports_unexamined_files" time="2.938" /><testcase classname="tests.test_units" name="test_every_kind_has_exactly_one_canonical_unit" time="0.000" /><testcase classname="tests.test_units" name="test_binary_and_decimal_prefixes_are_not_the_same" time="0.000" /><testcase classname="tests.test_units" name="test_a_quarter_core_survives_conversion" time="0.000" /><testcase classname="tests.test_units" name="test_the_same_capacity_reported_two_ways_converges" time="0.000" /><testcase classname="tests.test_units" name="test_an_unrecognised_unit_is_refused_rather_than_guessed" time="0.000" /><testcase classname="tests.test_units" name="test_a_unit_from_the_wrong_kind_is_refused" time="0.001" /><testcase classname="tests.test_units" name="test_a_quantity_finer_than_the_canonical_unit_is_refused" time="0.000" /><testcase classname="tests.test_units" name="test_a_negative_quantity_is_refused" time="0.000" /><testcase classname="tests.test_units" name="test_an_unknown_kind_is_refused" time="0.000" /><testcase classname="tests.test_units" name="test_a_formatted_quantity_carries_its_unit" time="0.000" /><testcase classname="tests.test_uri_resolver" name="test_parse_uri_is_the_inverse_of_build_uri[dataset-kwargs0]" time="0.000" /><testcase classname="tests.test_uri_resolver" name="test_parse_uri_is_the_inverse_of_build_uri[dataset-kwargs1]" time="0.000" /><testcase classname="tests.test_uri_resolver" name="test_parse_uri_is_the_inverse_of_build_uri[model-kwargs2]" time="0.000" /><testcase classname="tests.test_uri_resolver" name="test_parse_uri_is_the_inverse_of_build_uri[model-kwargs3]" time="0.000" /><testcase classname="tests.test_uri_resolver" name="test_parse_uri_is_the_inverse_of_build_uri[artifact-kwargs4]" time="0.000" /><testcase classname="tests.test_uri_resolver" name="test_parse_uri_is_the_inverse_of_build_uri[workspace-kwargs5]" time="0.000" /><testcase classname="tests.test_uri_resolver" name="test_parse_uri_rejects_malformed[https://example/x]" time="0.000" /><testcase classname="tests.test_uri_resolver" name="test_parse_uri_rejects_malformed[inv://]" time="0.000" /><testcase classname="tests.test_uri_resolver" name="test_parse_uri_rejects_malformed[inv://datasets]" time="0.000" /><testcase classname="tests.test_uri_resolver" name="test_parse_uri_rejects_malformed[inv://datasets/corpus]" time="0.000" /><testcase classname="tests.test_uri_resolver" name="test_parse_uri_rejects_malformed[inv://datasets/corpus@]" time="0.000" /><testcase classname="tests.test_uri_resolver" name="test_parse_uri_rejects_malformed[inv://datasets/@1]" time="0.000" /><testcase classname="tests.test_uri_resolver" name="test_parse_uri_rejects_malformed[inv://widgets/thing@1]" time="0.000" /><testcase classname="tests.test_uri_resolver" name="test_parse_uri_rejects_malformed[inv://artifacts/run_1]" time="0.000" /><testcase classname="tests.test_uri_resolver" name="test_parse_uri_rejects_malformed[inv://artifacts/run_1/a/extra]" time="0.000" /><testcase classname="tests.test_uri_resolver" name="test_parse_uri_rejects_malformed[inv://workspaces/ws_1]" time="0.001" /><testcase classname="tests.test_uri_resolver" name="test_parse_uri_rejects_malformed[]" time="0.001" /><testcase classname="tests.test_uri_resolver" name="test_parse_uri_reads_dataset_fields" time="0.000" /><testcase classname="tests.test_uri_resolver" name="test_resolve_location_finds_a_catalogued_uri" time="2.913" /><testcase classname="tests.test_uri_resolver" name="test_resolve_location_raises_for_an_uncatalogued_uri" time="2.904" /><testcase classname="tests.test_uri_resolver" name="test_resolve_location_rejects_a_malformed_uri_before_lookup" time="2.936" /><testcase classname="tests.test_uri_resolver" name="test_ready_replica_nodes_lists_only_ready_copies" time="2.903" /><testcase classname="tests.test_uri_resolver" name="test_a_catalogued_uri_with_no_ready_replica_is_not_materialisable" time="2.820" /><testcase classname="tests.test_uri_resolver" name="test_a_public_reader_sees_only_locations_in_their_own_active_contribution" time="2.895" /><testcase classname="tests.test_uri_resolver" name="test_rls_hides_the_location_even_when_the_where_would_match" time="2.835" /><testcase classname="tests.test_verification" name="test_the_digest_matches_the_file" time="0.045" /><testcase classname="tests.test_verification" name="test_a_large_file_is_read_in_chunks" time="0.045" /><testcase classname="tests.test_verification" name="test_the_size_counted_is_what_was_hashed" time="0.060" /><testcase classname="tests.test_verification" name="test_a_smaller_chunk_gives_the_same_digest" time="0.110" /><testcase classname="tests.test_verification" name="test_a_zero_byte_file_hashes_to_the_empty_digest" time="0.005" /><testcase classname="tests.test_verification" name="test_a_missing_file_is_a_failure_not_a_skip" time="0.004" /><testcase classname="tests.test_verification" name="test_a_directory_is_a_failure" time="0.004" /><testcase classname="tests.test_verification" name="test_a_protected_path_is_refused_before_it_is_opened[C:\\Windows\\System32\\config\\SAM]" time="0.001" /><testcase classname="tests.test_verification" name="test_a_protected_path_is_refused_before_it_is_opened[C:\\Windows\\win.ini]" time="0.001" /><testcase classname="tests.test_verification" name="test_a_relative_path_is_refused" time="0.004" /><testcase classname="tests.test_verification" name="test_a_nonpositive_chunk_is_refused" time="0.015" /><testcase classname="tests.test_verification" name="test_the_observation_reports_how_long_the_read_took" time="0.054" /><testcase classname="tests.test_verification" name="test_matches_checks_both_digest_and_size" time="0.058" /><testcase classname="tests.test_verification_readroot" name="test_root_is_required" time="0.005" /><testcase classname="tests.test_verification_readroot" name="test_an_explicit_root_reads_nested_files" time="0.009" /><testcase classname="tests.test_verification_readroot" name="test_an_outside_file_is_not_read" time="0.006" /><testcase classname="tests.test_verification_readroot" name="test_sibling_with_root_prefix_is_not_authorized" time="0.005" /><testcase classname="tests.test_verification_readroot" name="test_parent_traversal_is_not_reinterpreted" time="0.007" /><testcase classname="tests.test_verification_readroot" name="test_encoded_path_is_not_reinterpreted" time="0.006" /><testcase classname="tests.test_verification_readroot" name="test_hardlinked_file_is_refused" time="0.013" /><testcase classname="tests.test_verification_readroot" name="test_replaced_authorized_root_is_refused" time="0.008" /><testcase classname="tests.test_verification_readroot" name="test_linked_child_directory_is_refused" time="0.300" /><testcase classname="tests.test_verification_readroot" name="test_linked_root_cannot_be_authorized" time="0.286" /><testcase classname="tests.test_verification_readroot" name="test_filesystem_root_is_not_an_authorization" time="0.005" /><testcase classname="tests.test_verification_readroot" name="test_chunk_memory_budget_is_bounded[True]" time="0.005" /><testcase classname="tests.test_verification_readroot" name="test_chunk_memory_budget_is_bounded[1.5]" time="0.006" /><testcase classname="tests.test_verification_readroot" name="test_chunk_memory_budget_is_bounded[4194305]" time="0.007" /><testcase classname="tests.test_verification_readroot" name="test_during_read_mutation_is_blocked_or_observation_rejected[write]" time="0.014" /><testcase classname="tests.test_verification_readroot" name="test_during_read_mutation_is_blocked_or_observation_rejected[replace]" time="0.010" /><testcase classname="tests.test_verification_readroot" name="test_during_read_mutation_is_blocked_or_observation_rejected[root-rename]" time="0.011" /><testcase classname="tests.test_verification_readroot" name="test_existing_writer_prevents_read" time="0.008" /><testcase classname="tests.test_vf_docker" name="test_skip_outcome_is_baseexception_not_exception" time="0.000" /><testcase classname="tests.test_vf_docker" name="test_cleanup_under_host_pressure_records_every_resource_and_never_raises" time="0.000" /><testcase classname="tests.test_vf_docker" name="test_body_failure_survives_a_cleanup_that_cannot_run" time="0.000" /><testcase classname="tests.test_vf_docker" name="test_owned_removed_foreign_preserved_and_rm_failure_recorded" time="0.000" /><testcase classname="tests.test_vf_docker" name="test_cleanup_does_not_swallow_baseexception" time="0.000" /><testcase classname="tests.test_vf_docker" name="test_cleanup_records_successful_rm_without_confirmed_absence" time="0.000" /><testcase classname="tests.test_vf_docker" name="test_cleanup_records_an_oserror_and_continues" time="0.002" /><testcase classname="tests.test_vf_evidence" name="test_exit_and_evidence_are_independent[&lt;testsuites&gt;&lt;testsuite&gt;&lt;testcase name=&quot;current&quot;/&gt;&lt;/testsuite&gt;&lt;/testsuites&gt;-0-complete-0]" time="0.030" /><testcase classname="tests.test_vf_evidence" name="test_exit_and_evidence_are_independent[None-0-missing-2]" time="0.014" /><testcase classname="tests.test_vf_evidence" name="test_exit_and_evidence_are_independent[&lt;testsuites&gt;&lt;testsuite tests=&quot;0&quot;/&gt;&lt;/testsuites&gt;-0-empty-2]" time="0.026" /><testcase classname="tests.test_vf_evidence" name="test_exit_and_evidence_are_independent[&lt;broken-0-invalid-2]" time="0.021" /><testcase classname="tests.test_vf_evidence" name="test_exit_and_evidence_are_independent[&lt;unrelated/&gt;-0-invalid-2]" time="0.024" /><testcase classname="tests.test_vf_evidence" name="test_exit_and_evidence_are_independent[&lt;testsuites&gt;&lt;testsuite&gt;&lt;testcase name=&quot;current&quot;&gt;&lt;skipped/&gt;&lt;/testcase&gt;&lt;/testsuite&gt;&lt;/testsuites&gt;-0-no-executed-tests-2]" time="0.038" /><testcase classname="tests.test_vf_evidence" name="test_exit_and_evidence_are_independent[&lt;testsuites&gt;&lt;testsuite&gt;&lt;testcase name=&quot;current&quot;&gt;&lt;failure/&gt;&lt;/testcase&gt;&lt;/testsuite&gt;&lt;/testsuites&gt;-0-inconsistent-2]" time="0.035" /><testcase classname="tests.test_vf_evidence" name="test_exit_and_evidence_are_independent[&lt;testsuites&gt;&lt;testsuite&gt;&lt;testcase name=&quot;current&quot;&gt;&lt;error/&gt;&lt;/testcase&gt;&lt;/testsuite&gt;&lt;/testsuites&gt;-1-partial-1]" time="0.027" /><testcase classname="tests.test_vf_evidence" name="test_exit_and_evidence_are_independent[&lt;testsuites&gt;&lt;testsuite&gt;&lt;testcase name=&quot;current&quot;/&gt;&lt;/testsuite&gt;&lt;/testsuites&gt;-124-partial-124]" time="0.021" /><testcase classname="tests.test_vf_evidence" name="test_exit_and_evidence_are_independent[None-124-missing-124]" time="0.015" /><testcase classname="tests.test_vf_evidence" name="test_exit_and_evidence_are_independent[&lt;testsuites&gt;&lt;testsuite tests=&quot;0&quot;/&gt;&lt;/testsuites&gt;-5-empty-5]" time="0.019" /><testcase classname="tests.test_vf_evidence" name="test_prefix_reuse_never_reads_previous_report[0]" time="0.035" /><testcase classname="tests.test_vf_evidence" name="test_prefix_reuse_never_reads_previous_report[1]" time="0.037" /><testcase classname="tests.test_vf_evidence" name="test_prefix_reuse_never_reads_previous_report[124]" time="0.031" /><testcase classname="tests.test_vf_evidence" name="test_collection_rejected_before_docker[--co]" time="0.018" /><testcase classname="tests.test_vf_evidence" name="test_collection_rejected_before_docker[--collect-only]" time="0.014" /><testcase classname="tests.test_vf_evidence" name="test_pre_test_infrastructure_failure_keeps_not_run" time="0.014" /><testcase classname="tests.test_vf_evidence" name="test_real_pytest_execution_guard[cli]" time="0.484" /><testcase classname="tests.test_vf_evidence" name="test_real_pytest_execution_guard[env]" time="0.399" /><testcase classname="tests.test_vf_evidence" name="test_real_pytest_execution_guard[config]" time="0.383" /><testcase classname="tests.test_vf_evidence" name="test_real_pytest_execution_guard[execute]" time="0.442" /><testcase classname="tests.test_vf_replica_migration" name="test_forward_upgrade_preserves_existing_pin_and_bytes" time="4.316" /><testcase classname="tests.test_vf_replica_migration" name="test_departure_does_not_overwrite_concurrent_corruption" time="4.380" /><testcase classname="tests.test_vf_service_review" name="test_departure_preserves_retention_and_marks_pinned_replica_stale" time="4.357" /><testcase classname="tests.test_vf_service_review" name="test_parser_never_accepts_a_non_roundtripping_uri[inv://models/model@v1/]" time="0.001" /><testcase classname="tests.test_vf_service_review" name="test_parser_never_accepts_a_non_roundtripping_uri[inv://datasets/data@v1/]" time="0.001" /><testcase classname="tests.test_vf_service_review" name="test_builder_rejects_ambiguous_version_path" time="0.000" /><testcase classname="tests.test_vf_service_review" name="test_builder_rejects_ambiguous_identifier[artifact-fields0]" time="0.001" /><testcase classname="tests.test_vf_service_review" name="test_builder_rejects_ambiguous_identifier[artifact-fields1]" time="0.001" /><testcase classname="tests.test_vf_service_review" name="test_builder_rejects_ambiguous_identifier[workspace-fields2]" time="0.000" /><testcase classname="tests.test_workspace_input_readiness" name="test_latest_pending_submission_is_selected_by_time" time="4.516" /><testcase classname="tests.test_workspace_input_readiness" name="test_historical_or_unrelated_input_is_not_ready[cancelled]" time="4.381" /><testcase classname="tests.test_workspace_input_readiness" name="test_historical_or_unrelated_input_is_not_ready[old-epoch]" time="4.438" /><testcase classname="tests.test_workspace_input_readiness" name="test_historical_or_unrelated_input_is_not_ready[different-project]" time="4.373" /><testcase classname="tests.test_workspace_input_readiness" name="test_populated_input_cannot_be_read_from_another_session_scope[different]" time="4.379" /><testcase classname="tests.test_workspace_input_readiness" name="test_populated_input_cannot_be_read_from_another_session_scope[unset]" time="4.505" /><testcase classname="tests.test_workspace_input_readiness" name="test_populated_input_cannot_be_read_from_another_session_scope[empty]" time="4.426" /><testcase classname="tests.test_workspace_input_readiness" name="test_revoked_membership_cannot_read_prepared_input" time="4.463" /><testcase classname="tests.test_workspace_package" name="test_matching_metadata_never_certifies_remote_or_image_contents" time="0.089" /><testcase classname="tests.test_workspace_package" name="test_stale_or_different_target_is_blocked_without_echo[profile-lan-observe-v1-packageScope]" time="0.067" /><testcase classname="tests.test_workspace_package" name="test_stale_or_different_target_is_blocked_without_echo[packageDirty-True-packageScope]" time="0.065" /><testcase classname="tests.test_workspace_package" name="test_stale_or_different_target_is_blocked_without_echo[nodeId-SYNTHETIC_SECRET_OTHER_NODE-identity]" time="0.070" /><testcase classname="tests.test_workspace_package" name="test_stale_or_different_target_is_blocked_without_echo[epoch-other-epoch-identity]" time="0.064" /><testcase classname="tests.test_workspace_package" name="test_stale_or_different_target_is_blocked_without_echo[certificateSHA256-0000000000000000000000000000000000000000000000000000000000000000-certificateBinding]" time="0.060" /><testcase classname="tests.test_workspace_package" name="test_expired_policy_is_not_fresh_even_with_matching_archive" time="0.079" /><testcase classname="tests.test_workspace_package" name="test_local_policy_rotation_invalidates_old_package" time="0.063" /><testcase classname="tests.test_workspace_package" name="test_repository_installer_change_invalidates_old_package" time="0.053" /><testcase classname="tests.test_workspace_package" name="test_duplicate_manifest_cannot_choose_an_arbitrary_identity" time="0.049" /><testcase classname="tests.test_workspace_package" name="test_checksum_mismatch_is_rejected_before_parsing" time="0.043" /><testcase classname="tests.test_workspace_package" name="test_malformed_manifest_diagnostic_is_redacted" time="0.044" /><testcase classname="tests.test_workspace_package" name="test_certificate_expiry_is_checked_even_if_hash_matches" time="0.040" /><testcase classname="tests.test_workspace_package" name="test_not_yet_valid_certificate_is_not_installation_evidence" time="1.098" /><testcase classname="tests.test_workspace_package" name="test_opt_in_detects_inner_mismatch_even_when_outer_zip_matches" time="0.052" /><testcase classname="tests.test_workspace_package" name="test_matching_payload_hashes_never_certify_docker_image_identity" time="0.070" /><testcase classname="tests.test_workspace_package" name="test_both_payloads_are_independently_required[agent]" time="0.073" /><testcase classname="tests.test_workspace_package" name="test_both_payloads_are_independently_required[workload]" time="0.075" /><testcase classname="tests.test_workspace_package" name="test_combined_budget_rejects_before_reading_any_image" time="0.037" /><testcase classname="tests.test_workspace_package" name="test_budget_failure_is_fixed_diagnostic_and_keeps_authorization_false" time="0.068" /><testcase classname="tests.test_workspace_package" name="test_expired_credentials_still_block_with_matching_payloads" time="1.872" /></testsuite></testsuites>